D:\DOCUMENTS\MFILES\GRAPHSOURCES\FASTSET\FAST_UNIQUE\RELEASE\FAST_UNIQUE.OBJ
D:\DOCUMENTS\MFILES\GRAPHSOURCES\FASTSET\FAST_UNIQUE\RELEASE\VC110.PDB
D:\Documents\MFiles\GraphSources\FastSet\Release\fast_unique.lib
D:\Documents\MFiles\GraphSources\FastSet\Release\fast_unique.exp
D:\DOCUMENTS\MFILES\GRAPHSOURCES\FASTSET\RELEASE\FAST_UNIQUE.MEXW32
D:\DOCUMENTS\MFILES\GRAPHSOURCES\FASTSET\RELEASE\FAST_UNIQUE.PDB
D:\Documents\MFiles\GraphSources\FastSet\fast_unique\Release\fast_unique.obj
D:\Documents\MFiles\GraphSources\FastSet\fast_unique\Release\cl.command.1.tlog
D:\Documents\MFiles\GraphSources\FastSet\fast_unique\Release\CL.read.1.tlog
D:\Documents\MFiles\GraphSources\FastSet\fast_unique\Release\CL.write.1.tlog
D:\Documents\MFiles\GraphSources\FastSet\fast_unique\Release\fast_unique.write.1.tlog
D:\Documents\MFiles\GraphSources\FastSet\fast_unique\Release\link-cvtres.read.1.tlog
D:\Documents\MFiles\GraphSources\FastSet\fast_unique\Release\link-cvtres.write.1.tlog
D:\Documents\MFiles\GraphSources\FastSet\fast_unique\Release\link-rc.read.1.tlog
D:\Documents\MFiles\GraphSources\FastSet\fast_unique\Release\link-rc.write.1.tlog
D:\Documents\MFiles\GraphSources\FastSet\fast_unique\Release\link.command.1.tlog
D:\Documents\MFiles\GraphSources\FastSet\fast_unique\Release\link.read.1.tlog
D:\Documents\MFiles\GraphSources\FastSet\fast_unique\Release\link.write.1.tlog
D:\Documents\MFiles\GraphSources\FastSet\fast_unique\Release\vc110.pdb
D:\Documents\MFiles\GraphSources\FastSet\Release\fast_unique.pdb
D:\Documents\MFiles\GraphSources\FastSet\Release\fast_unique.mexw32
