D:\DOCUMENTS\MFILES\GRAPHSOURCES\MEXFILES\MEXGRAPHGENERATEPOISSONRANDOMGRAPH\RELEASE\MEXGRAPHGENERATEPOISSONRANDOMGRAPH.OBJ
D:\DOCUMENTS\MFILES\GRAPHSOURCES\MEXFILES\MEXGRAPHGENERATEPOISSONRANDOMGRAPH\RELEASE\EVALUATEGRAPHGENERATEPOISSONRANDOMGRAPH.OBJ
D:\DOCUMENTS\MFILES\GRAPHSOURCES\MEXFILES\MEXGRAPHGENERATEPOISSONRANDOMGRAPH\RELEASE\VC110.PDB
D:\DOCUMENTS\MFILES\GRAPHSOURCES\MEXFILES\MEXGRAPHGENERATEPOISSONRANDOMGRAPH\RELEASE\MEXGRAPHGENERATEPOISSONRANDOMGRAPH.MEXW32
D:\DOCUMENTS\MFILES\GRAPHSOURCES\MEXFILES\MEXGRAPHGENERATEPOISSONRANDOMGRAPH\RELEASE\MEXGRAPHGENERATEPOISSONRANDOMGRAPH.PDB
D:\Documents\MFiles\GraphSources\MEXFiles\mexGraphGeneratePoissonRandomGraph\Release\mexGraphGeneratePoissonRandomGraph.lib
D:\Documents\MFiles\GraphSources\MEXFiles\mexGraphGeneratePoissonRandomGraph\Release\mexGraphGeneratePoissonRandomGraph.exp
D:\Documents\MFiles\GraphSources\MEXFiles\mexGraphGeneratePoissonRandomGraph\Release\EvaluateGraphGeneratePoissonRandomGraph.obj
D:\Documents\MFiles\GraphSources\MEXFiles\mexGraphGeneratePoissonRandomGraph\Release\mexGraphGeneratePoissonRandomGraph.obj
D:\Documents\MFiles\GraphSources\MEXFiles\mexGraphGeneratePoissonRandomGraph\Release\cl.command.1.tlog
D:\Documents\MFiles\GraphSources\MEXFiles\mexGraphGeneratePoissonRandomGraph\Release\CL.read.1.tlog
D:\Documents\MFiles\GraphSources\MEXFiles\mexGraphGeneratePoissonRandomGraph\Release\CL.write.1.tlog
D:\Documents\MFiles\GraphSources\MEXFiles\mexGraphGeneratePoissonRandomGraph\Release\link-cvtres.read.1.tlog
D:\Documents\MFiles\GraphSources\MEXFiles\mexGraphGeneratePoissonRandomGraph\Release\link-cvtres.write.1.tlog
D:\Documents\MFiles\GraphSources\MEXFiles\mexGraphGeneratePoissonRandomGraph\Release\link-rc.read.1.tlog
D:\Documents\MFiles\GraphSources\MEXFiles\mexGraphGeneratePoissonRandomGraph\Release\link-rc.write.1.tlog
D:\Documents\MFiles\GraphSources\MEXFiles\mexGraphGeneratePoissonRandomGraph\Release\link.command.1.tlog
D:\Documents\MFiles\GraphSources\MEXFiles\mexGraphGeneratePoissonRandomGraph\Release\link.read.1.tlog
D:\Documents\MFiles\GraphSources\MEXFiles\mexGraphGeneratePoissonRandomGraph\Release\link.write.1.tlog
D:\Documents\MFiles\GraphSources\MEXFiles\mexGraphGeneratePoissonRandomGraph\Release\mexGraphGeneratePoissonRandomGraph.write.1.tlog
D:\Documents\MFiles\GraphSources\MEXFiles\mexGraphGeneratePoissonRandomGraph\Release\mexGraphGeneratePoissonRandomGraph.pdb
D:\Documents\MFiles\GraphSources\MEXFiles\mexGraphGeneratePoissonRandomGraph\Release\vc110.pdb
D:\Documents\MFiles\GraphSources\MEXFiles\mexGraphGeneratePoissonRandomGraph\Release\mexGraphGeneratePoissonRandomGraph.mexw32
