D:\DOCUMENTS\MFILES\GRAPHSOURCES\MEXFILES\MEXGRAPHNODENEIGHBOURS\X64\RELEASE\MEXGRAPHNODENEIGHBOURS.OBJ
D:\DOCUMENTS\MFILES\GRAPHSOURCES\MEXFILES\MEXGRAPHNODENEIGHBOURS\X64\RELEASE\EVALUATENODENEIGHBOURS.OBJ
D:\DOCUMENTS\MFILES\GRAPHSOURCES\MEXFILES\MEXGRAPHNODENEIGHBOURS\X64\RELEASE\TSTATICGRAPH.OBJ
D:\DOCUMENTS\MFILES\GRAPHSOURCES\MEXFILES\MEXGRAPHNODENEIGHBOURS\X64\RELEASE\TBASICGRAPH.OBJ
D:\DOCUMENTS\MFILES\GRAPHSOURCES\MEXFILES\MEXGRAPHNODENEIGHBOURS\X64\RELEASE\GRAPHUTILITIES.OBJ
D:\DOCUMENTS\MFILES\GRAPHSOURCES\MEXFILES\MEXGRAPHNODENEIGHBOURS\X64\RELEASE\VC110.PDB
D:\DOCUMENTS\MFILES\GRAPHSOURCES\MEXFILES\MEXGRAPHNODENEIGHBOURS\X64\RELEASE\MEXGRAPHNODENEIGHBOURS.MEXW64
D:\DOCUMENTS\MFILES\GRAPHSOURCES\MEXFILES\MEXGRAPHNODENEIGHBOURS\X64\RELEASE\MEXGRAPHNODENEIGHBOURS.PDB
D:\Documents\MFiles\GraphSources\MEXFiles\mexGraphNodeNeighbours\x64\Release\mexGraphNodeNeighbours.lib
D:\Documents\MFiles\GraphSources\MEXFiles\mexGraphNodeNeighbours\x64\Release\mexGraphNodeNeighbours.exp
D:\Documents\MFiles\GraphSources\MEXFiles\mexGraphNodeNeighbours\x64\Release\EvaluateNodeNeighbours.obj
D:\Documents\MFiles\GraphSources\MEXFiles\mexGraphNodeNeighbours\x64\Release\GraphUtilities.obj
D:\Documents\MFiles\GraphSources\MEXFiles\mexGraphNodeNeighbours\x64\Release\mexGraphNodeNeighbours.obj
D:\Documents\MFiles\GraphSources\MEXFiles\mexGraphNodeNeighbours\x64\Release\TBasicGraph.obj
D:\Documents\MFiles\GraphSources\MEXFiles\mexGraphNodeNeighbours\x64\Release\TStaticGraph.obj
D:\Documents\MFiles\GraphSources\MEXFiles\mexGraphNodeNeighbours\x64\Release\cl.command.1.tlog
D:\Documents\MFiles\GraphSources\MEXFiles\mexGraphNodeNeighbours\x64\Release\CL.read.1.tlog
D:\Documents\MFiles\GraphSources\MEXFiles\mexGraphNodeNeighbours\x64\Release\CL.write.1.tlog
D:\Documents\MFiles\GraphSources\MEXFiles\mexGraphNodeNeighbours\x64\Release\link-cvtres.read.1.tlog
D:\Documents\MFiles\GraphSources\MEXFiles\mexGraphNodeNeighbours\x64\Release\link-cvtres.write.1.tlog
D:\Documents\MFiles\GraphSources\MEXFiles\mexGraphNodeNeighbours\x64\Release\link-rc.read.1.tlog
D:\Documents\MFiles\GraphSources\MEXFiles\mexGraphNodeNeighbours\x64\Release\link-rc.write.1.tlog
D:\Documents\MFiles\GraphSources\MEXFiles\mexGraphNodeNeighbours\x64\Release\link.command.1.tlog
D:\Documents\MFiles\GraphSources\MEXFiles\mexGraphNodeNeighbours\x64\Release\link.read.1.tlog
D:\Documents\MFiles\GraphSources\MEXFiles\mexGraphNodeNeighbours\x64\Release\link.write.1.tlog
D:\Documents\MFiles\GraphSources\MEXFiles\mexGraphNodeNeighbours\x64\Release\mexGraphNodeNeighbours.write.1.tlog
D:\Documents\MFiles\GraphSources\MEXFiles\mexGraphNodeNeighbours\x64\Release\mexGraphNodeNeighbours.pdb
D:\Documents\MFiles\GraphSources\MEXFiles\mexGraphNodeNeighbours\x64\Release\vc110.pdb
D:\Documents\MFiles\GraphSources\MEXFiles\mexGraphNodeNeighbours\x64\Release\mexGraphNodeNeighbours.mexw64
