D:\DOCUMENTS\MFILES\GRAPHSOURCES\FASTSET\FAST_SETXOR_SORTED\X64\RELEASE\FAST_SETXOR_SORTED.OBJ
D:\DOCUMENTS\MFILES\GRAPHSOURCES\FASTSET\FAST_SETXOR_SORTED\X64\RELEASE\VC110.PDB
D:\Documents\MFiles\GraphSources\FastSet\x64\Release\fast_setxor_sorted.lib
D:\Documents\MFiles\GraphSources\FastSet\x64\Release\fast_setxor_sorted.exp
D:\DOCUMENTS\MFILES\GRAPHSOURCES\FASTSET\X64\RELEASE\FAST_SETXOR_SORTED.MEXW64
D:\DOCUMENTS\MFILES\GRAPHSOURCES\FASTSET\X64\RELEASE\FAST_SETXOR_SORTED.PDB
D:\Documents\MFiles\GraphSources\FastSet\fast_setxor_sorted\x64\Release\fast_setxor_sorted.obj
D:\Documents\MFiles\GraphSources\FastSet\fast_setxor_sorted\x64\Release\cl.command.1.tlog
D:\Documents\MFiles\GraphSources\FastSet\fast_setxor_sorted\x64\Release\CL.read.1.tlog
D:\Documents\MFiles\GraphSources\FastSet\fast_setxor_sorted\x64\Release\CL.write.1.tlog
D:\Documents\MFiles\GraphSources\FastSet\fast_setxor_sorted\x64\Release\fast_setxor_sorted.write.1.tlog
D:\Documents\MFiles\GraphSources\FastSet\fast_setxor_sorted\x64\Release\link-cvtres.read.1.tlog
D:\Documents\MFiles\GraphSources\FastSet\fast_setxor_sorted\x64\Release\link-cvtres.write.1.tlog
D:\Documents\MFiles\GraphSources\FastSet\fast_setxor_sorted\x64\Release\link-rc.read.1.tlog
D:\Documents\MFiles\GraphSources\FastSet\fast_setxor_sorted\x64\Release\link-rc.write.1.tlog
D:\Documents\MFiles\GraphSources\FastSet\fast_setxor_sorted\x64\Release\link.command.1.tlog
D:\Documents\MFiles\GraphSources\FastSet\fast_setxor_sorted\x64\Release\link.read.1.tlog
D:\Documents\MFiles\GraphSources\FastSet\fast_setxor_sorted\x64\Release\link.write.1.tlog
D:\Documents\MFiles\GraphSources\FastSet\fast_setxor_sorted\x64\Release\vc110.pdb
D:\Documents\MFiles\GraphSources\FastSet\x64\Release\fast_setxor_sorted.pdb
D:\Documents\MFiles\GraphSources\FastSet\x64\Release\fast_setxor_sorted.mexw64
