D:\DOCUMENTS\MFILES\GRAPHSOURCES\MEXFILES\MEXGRAPHNEIGHBOURSDEGREE\RELEASE\MEXGRAPHNEIGHBOURSDEGREE.OBJ
D:\DOCUMENTS\MFILES\GRAPHSOURCES\MEXFILES\MEXGRAPHNEIGHBOURSDEGREE\RELEASE\EVALUATEGRAPHNEIGHBOURSDEGREE.OBJ
D:\DOCUMENTS\MFILES\GRAPHSOURCES\MEXFILES\MEXGRAPHNEIGHBOURSDEGREE\RELEASE\VC110.PDB
D:\DOCUMENTS\MFILES\GRAPHSOURCES\MEXFILES\MEXGRAPHNEIGHBOURSDEGREE\RELEASE\MEXGRAPHNEIGHBOURSDEGREE.MEXW32
D:\DOCUMENTS\MFILES\GRAPHSOURCES\MEXFILES\MEXGRAPHNEIGHBOURSDEGREE\RELEASE\MEXGRAPHNEIGHBOURSDEGREE.PDB
D:\Documents\MFiles\GraphSources\MEXFiles\mexGraphNeighboursDegree\Release\mexGraphNeighboursDegree.lib
D:\Documents\MFiles\GraphSources\MEXFiles\mexGraphNeighboursDegree\Release\mexGraphNeighboursDegree.exp
D:\Documents\MFiles\GraphSources\MEXFiles\mexGraphNeighboursDegree\Release\EvaluateGraphNeighboursDegree.obj
D:\Documents\MFiles\GraphSources\MEXFiles\mexGraphNeighboursDegree\Release\mexGraphNeighboursDegree.obj
D:\Documents\MFiles\GraphSources\MEXFiles\mexGraphNeighboursDegree\Release\cl.command.1.tlog
D:\Documents\MFiles\GraphSources\MEXFiles\mexGraphNeighboursDegree\Release\CL.read.1.tlog
D:\Documents\MFiles\GraphSources\MEXFiles\mexGraphNeighboursDegree\Release\CL.write.1.tlog
D:\Documents\MFiles\GraphSources\MEXFiles\mexGraphNeighboursDegree\Release\link-cvtres.read.1.tlog
D:\Documents\MFiles\GraphSources\MEXFiles\mexGraphNeighboursDegree\Release\link-cvtres.write.1.tlog
D:\Documents\MFiles\GraphSources\MEXFiles\mexGraphNeighboursDegree\Release\link-rc.read.1.tlog
D:\Documents\MFiles\GraphSources\MEXFiles\mexGraphNeighboursDegree\Release\link-rc.write.1.tlog
D:\Documents\MFiles\GraphSources\MEXFiles\mexGraphNeighboursDegree\Release\link.command.1.tlog
D:\Documents\MFiles\GraphSources\MEXFiles\mexGraphNeighboursDegree\Release\link.read.1.tlog
D:\Documents\MFiles\GraphSources\MEXFiles\mexGraphNeighboursDegree\Release\link.write.1.tlog
D:\Documents\MFiles\GraphSources\MEXFiles\mexGraphNeighboursDegree\Release\mexGraphNeighboursDegree.write.1.tlog
D:\Documents\MFiles\GraphSources\MEXFiles\mexGraphNeighboursDegree\Release\mexGraphNeighboursDegree.pdb
D:\Documents\MFiles\GraphSources\MEXFiles\mexGraphNeighboursDegree\Release\vc110.pdb
D:\Documents\MFiles\GraphSources\MEXFiles\mexGraphNeighboursDegree\Release\mexGraphNeighboursDegree.mexw32
