c:\Users\Lev\Projects\MFiles\FastSet\MexFiles\FastSet\fast_ismember_sorted\x64\Debug\cl.command.1.tlog
c:\Users\Lev\Projects\MFiles\FastSet\MexFiles\FastSet\fast_ismember_sorted\x64\Debug\CL.read.1.tlog
c:\Users\Lev\Projects\MFiles\FastSet\MexFiles\FastSet\fast_ismember_sorted\x64\Debug\CL.write.1.tlog
C:\USERS\LEV\PROJECTS\MFILES\FASTSET\MEXFILES\FASTSET\FAST_ISMEMBER_SORTED\X64\DEBUG\FAST_ISMEMBER_SORTED.MEXW64.EMBED.MANIFEST
C:\USERS\LEV\PROJECTS\MFILES\FASTSET\MEXFILES\FASTSET\FAST_ISMEMBER_SORTED\X64\DEBUG\FAST_ISMEMBER_SORTED.MEXW64.EMBED.MANIFEST.RES
C:\USERS\LEV\PROJECTS\MFILES\FASTSET\MEXFILES\FASTSET\FAST_ISMEMBER_SORTED\X64\DEBUG\FAST_ISMEMBER_SORTED.MEXW64.INTERMEDIATE.MANIFEST
C:\USERS\LEV\PROJECTS\MFILES\FASTSET\MEXFILES\FASTSET\FAST_ISMEMBER_SORTED\X64\DEBUG\FAST_ISMEMBER_SORTED.OBJ
c:\Users\Lev\Projects\MFiles\FastSet\MexFiles\FastSet\fast_ismember_sorted\x64\Debug\fast_ismember_sorted.write.1.tlog
c:\Users\Lev\Projects\MFiles\FastSet\MexFiles\FastSet\fast_ismember_sorted\x64\Debug\fast_ismember_sorted_manifest.rc
c:\Users\Lev\Projects\MFiles\FastSet\MexFiles\FastSet\fast_ismember_sorted\x64\Debug\link.26348.read.1.tlog
c:\Users\Lev\Projects\MFiles\FastSet\MexFiles\FastSet\fast_ismember_sorted\x64\Debug\link.26348.write.1.tlog
c:\Users\Lev\Projects\MFiles\FastSet\MexFiles\FastSet\fast_ismember_sorted\x64\Debug\link.26348-cvtres.read.1.tlog
c:\Users\Lev\Projects\MFiles\FastSet\MexFiles\FastSet\fast_ismember_sorted\x64\Debug\link.26348-cvtres.write.1.tlog
c:\Users\Lev\Projects\MFiles\FastSet\MexFiles\FastSet\fast_ismember_sorted\x64\Debug\link.command.1.tlog
c:\Users\Lev\Projects\MFiles\FastSet\MexFiles\FastSet\fast_ismember_sorted\x64\Debug\link.read.1.tlog
c:\Users\Lev\Projects\MFiles\FastSet\MexFiles\FastSet\fast_ismember_sorted\x64\Debug\link.write.1.tlog
c:\Users\Lev\Projects\MFiles\FastSet\MexFiles\FastSet\fast_ismember_sorted\x64\Debug\link-cvtres.read.1.tlog
c:\Users\Lev\Projects\MFiles\FastSet\MexFiles\FastSet\fast_ismember_sorted\x64\Debug\link-cvtres.write.1.tlog
c:\Users\Lev\Projects\MFiles\FastSet\MexFiles\FastSet\fast_ismember_sorted\x64\Debug\mt.command.1.tlog
c:\Users\Lev\Projects\MFiles\FastSet\MexFiles\FastSet\fast_ismember_sorted\x64\Debug\mt.read.1.tlog
c:\Users\Lev\Projects\MFiles\FastSet\MexFiles\FastSet\fast_ismember_sorted\x64\Debug\mt.write.1.tlog
c:\Users\Lev\Projects\MFiles\FastSet\MexFiles\FastSet\fast_ismember_sorted\x64\Debug\rc.command.1.tlog
c:\Users\Lev\Projects\MFiles\FastSet\MexFiles\FastSet\fast_ismember_sorted\x64\Debug\rc.read.1.tlog
c:\Users\Lev\Projects\MFiles\FastSet\MexFiles\FastSet\fast_ismember_sorted\x64\Debug\rc.write.1.tlog
c:\Users\Lev\Projects\MFiles\FastSet\MexFiles\FastSet\fast_ismember_sorted\x64\Debug\vc100.idb
C:\USERS\LEV\PROJECTS\MFILES\FASTSET\MEXFILES\FASTSET\FAST_ISMEMBER_SORTED\X64\DEBUG\VC100.PDB
C:\Users\Lev\Projects\MFiles\FastSet\MexFiles\FastSet\x64\Debug\fast_ismember_sorted.exp
C:\USERS\LEV\PROJECTS\MFILES\FASTSET\MEXFILES\FASTSET\X64\DEBUG\FAST_ISMEMBER_SORTED.ILK
C:\Users\Lev\Projects\MFiles\FastSet\MexFiles\FastSet\x64\Debug\fast_ismember_sorted.lib
C:\USERS\LEV\PROJECTS\MFILES\FASTSET\MEXFILES\FASTSET\X64\DEBUG\FAST_ISMEMBER_SORTED.MEXW64
C:\USERS\LEV\PROJECTS\MFILES\FASTSET\MEXFILES\FASTSET\X64\DEBUG\FAST_ISMEMBER_SORTED.PDB
