D:\DOCUMENTS\MFILES\GRAPHSOURCES\MEXFILES\MEXCREATEGUID\RELEASE\MEXCREATEGUID.OBJ
D:\DOCUMENTS\MFILES\GRAPHSOURCES\MEXFILES\MEXCREATEGUID\RELEASE\VC110.PDB
D:\DOCUMENTS\MFILES\GRAPHSOURCES\MEXFILES\MEXCREATEGUID\RELEASE\MEXCREATEGUID.MEXW32
D:\DOCUMENTS\MFILES\GRAPHSOURCES\MEXFILES\MEXCREATEGUID\RELEASE\MEXCREATEGUID.PDB
D:\Documents\MFiles\GraphSources\MEXFiles\mexCreateGUID\Release\mexCreateGUID.lib
D:\Documents\MFiles\GraphSources\MEXFiles\mexCreateGUID\Release\mexCreateGUID.exp
D:\Documents\MFiles\GraphSources\MEXFiles\mexCreateGUID\Release\mexCreateGUID.obj
D:\Documents\MFiles\GraphSources\MEXFiles\mexCreateGUID\Release\cl.command.1.tlog
D:\Documents\MFiles\GraphSources\MEXFiles\mexCreateGUID\Release\CL.read.1.tlog
D:\Documents\MFiles\GraphSources\MEXFiles\mexCreateGUID\Release\CL.write.1.tlog
D:\Documents\MFiles\GraphSources\MEXFiles\mexCreateGUID\Release\link-cvtres.read.1.tlog
D:\Documents\MFiles\GraphSources\MEXFiles\mexCreateGUID\Release\link-cvtres.write.1.tlog
D:\Documents\MFiles\GraphSources\MEXFiles\mexCreateGUID\Release\link-rc.read.1.tlog
D:\Documents\MFiles\GraphSources\MEXFiles\mexCreateGUID\Release\link-rc.write.1.tlog
D:\Documents\MFiles\GraphSources\MEXFiles\mexCreateGUID\Release\link.command.1.tlog
D:\Documents\MFiles\GraphSources\MEXFiles\mexCreateGUID\Release\link.read.1.tlog
D:\Documents\MFiles\GraphSources\MEXFiles\mexCreateGUID\Release\link.write.1.tlog
D:\Documents\MFiles\GraphSources\MEXFiles\mexCreateGUID\Release\mexCreateGUID.write.1.tlog
D:\Documents\MFiles\GraphSources\MEXFiles\mexCreateGUID\Release\mexCreateGUID.pdb
D:\Documents\MFiles\GraphSources\MEXFiles\mexCreateGUID\Release\vc110.pdb
D:\Documents\MFiles\GraphSources\MEXFiles\mexCreateGUID\Release\mexCreateGUID.mexw32
