D:\DOCUMENTS\MFILES\GRAPHSOURCES\MEXFILES\MEXGRAPHNODECONNECTIVITY\RELEASE\TSTATICGRAPH.OBJ
D:\DOCUMENTS\MFILES\GRAPHSOURCES\MEXFILES\MEXGRAPHNODECONNECTIVITY\RELEASE\TBASICGRAPH.OBJ
D:\DOCUMENTS\MFILES\GRAPHSOURCES\MEXFILES\MEXGRAPHNODECONNECTIVITY\RELEASE\MLDEBUGHELPER.OBJ
D:\DOCUMENTS\MFILES\GRAPHSOURCES\MEXFILES\MEXGRAPHNODECONNECTIVITY\RELEASE\MEXGRAPHNODECONNECTIVITY.OBJ
D:\DOCUMENTS\MFILES\GRAPHSOURCES\MEXFILES\MEXGRAPHNODECONNECTIVITY\RELEASE\GRAPHUTILITIES.OBJ
D:\DOCUMENTS\MFILES\GRAPHSOURCES\MEXFILES\MEXGRAPHNODECONNECTIVITY\RELEASE\EVALUATEGRAPHNODECONNECTIVITY.OBJ
D:\DOCUMENTS\MFILES\GRAPHSOURCES\MEXFILES\MEXGRAPHNODECONNECTIVITY\RELEASE\VC110.PDB
D:\DOCUMENTS\MFILES\GRAPHSOURCES\MEXFILES\MEXGRAPHNODECONNECTIVITY\RELEASE\MEXGRAPHNODECONNECTIVITY.MEXW32
D:\DOCUMENTS\MFILES\GRAPHSOURCES\MEXFILES\MEXGRAPHNODECONNECTIVITY\RELEASE\MEXGRAPHNODECONNECTIVITY.PDB
D:\Documents\MFiles\GraphSources\MEXFiles\mexGraphNodeConnectivity\Release\mexGraphNodeConnectivity.lib
D:\Documents\MFiles\GraphSources\MEXFiles\mexGraphNodeConnectivity\Release\mexGraphNodeConnectivity.exp
D:\Documents\MFiles\GraphSources\MEXFiles\mexGraphNodeConnectivity\Release\EvaluateGraphNodeConnectivity.obj
D:\Documents\MFiles\GraphSources\MEXFiles\mexGraphNodeConnectivity\Release\GraphUtilities.obj
D:\Documents\MFiles\GraphSources\MEXFiles\mexGraphNodeConnectivity\Release\mexGraphNodeConnectivity.obj
D:\Documents\MFiles\GraphSources\MEXFiles\mexGraphNodeConnectivity\Release\MLDebugHelper.obj
D:\Documents\MFiles\GraphSources\MEXFiles\mexGraphNodeConnectivity\Release\TBasicGraph.obj
D:\Documents\MFiles\GraphSources\MEXFiles\mexGraphNodeConnectivity\Release\TStaticGraph.obj
D:\Documents\MFiles\GraphSources\MEXFiles\mexGraphNodeConnectivity\Release\cl.command.1.tlog
D:\Documents\MFiles\GraphSources\MEXFiles\mexGraphNodeConnectivity\Release\CL.read.1.tlog
D:\Documents\MFiles\GraphSources\MEXFiles\mexGraphNodeConnectivity\Release\CL.write.1.tlog
D:\Documents\MFiles\GraphSources\MEXFiles\mexGraphNodeConnectivity\Release\link-cvtres.read.1.tlog
D:\Documents\MFiles\GraphSources\MEXFiles\mexGraphNodeConnectivity\Release\link-cvtres.write.1.tlog
D:\Documents\MFiles\GraphSources\MEXFiles\mexGraphNodeConnectivity\Release\link-rc.read.1.tlog
D:\Documents\MFiles\GraphSources\MEXFiles\mexGraphNodeConnectivity\Release\link-rc.write.1.tlog
D:\Documents\MFiles\GraphSources\MEXFiles\mexGraphNodeConnectivity\Release\link.command.1.tlog
D:\Documents\MFiles\GraphSources\MEXFiles\mexGraphNodeConnectivity\Release\link.read.1.tlog
D:\Documents\MFiles\GraphSources\MEXFiles\mexGraphNodeConnectivity\Release\link.write.1.tlog
D:\Documents\MFiles\GraphSources\MEXFiles\mexGraphNodeConnectivity\Release\mexGraphNodeConnectivity.write.1.tlog
D:\Documents\MFiles\GraphSources\MEXFiles\mexGraphNodeConnectivity\Release\mexGraphNodeConnectivity.pdb
D:\Documents\MFiles\GraphSources\MEXFiles\mexGraphNodeConnectivity\Release\vc110.pdb
D:\Documents\MFiles\GraphSources\MEXFiles\mexGraphNodeConnectivity\Release\mexGraphNodeConnectivity.mexw32
