D:\DOCUMENTS\MFILES\GRAPHSOURCES\FASTSET\FAST_FREQUENCY\DEBUG\FAST_FREQUENCY.OBJ
D:\DOCUMENTS\MFILES\GRAPHSOURCES\FASTSET\FAST_FREQUENCY\DEBUG\VC110.PDB
D:\Documents\MFiles\GraphSources\FastSet\Debug\fast_frequency.lib
D:\Documents\MFiles\GraphSources\FastSet\Debug\fast_frequency.exp
D:\DOCUMENTS\MFILES\GRAPHSOURCES\FASTSET\DEBUG\FAST_FREQUENCY.ILK
D:\DOCUMENTS\MFILES\GRAPHSOURCES\FASTSET\DEBUG\FAST_FREQUENCY.MEXW32
D:\DOCUMENTS\MFILES\GRAPHSOURCES\FASTSET\DEBUG\FAST_FREQUENCY.PDB
d:\Documents\MFiles\GraphSources\FastSet\fast_frequency\Debug\fast_frequency.obj
d:\Documents\MFiles\GraphSources\FastSet\fast_frequency\Debug\cl.command.1.tlog
d:\Documents\MFiles\GraphSources\FastSet\fast_frequency\Debug\CL.read.1.tlog
d:\Documents\MFiles\GraphSources\FastSet\fast_frequency\Debug\CL.write.1.tlog
d:\Documents\MFiles\GraphSources\FastSet\fast_frequency\Debug\fast_frequency.write.1.tlog
d:\Documents\MFiles\GraphSources\FastSet\fast_frequency\Debug\link-cvtres.read.1.tlog
d:\Documents\MFiles\GraphSources\FastSet\fast_frequency\Debug\link-cvtres.write.1.tlog
d:\Documents\MFiles\GraphSources\FastSet\fast_frequency\Debug\link-rc.read.1.tlog
d:\Documents\MFiles\GraphSources\FastSet\fast_frequency\Debug\link-rc.write.1.tlog
d:\Documents\MFiles\GraphSources\FastSet\fast_frequency\Debug\link.command.1.tlog
d:\Documents\MFiles\GraphSources\FastSet\fast_frequency\Debug\link.read.1.tlog
d:\Documents\MFiles\GraphSources\FastSet\fast_frequency\Debug\link.write.1.tlog
d:\Documents\MFiles\GraphSources\FastSet\fast_frequency\Debug\vc110.idb
d:\Documents\MFiles\GraphSources\FastSet\fast_frequency\Debug\vc110.pdb
D:\Documents\MFiles\GraphSources\FastSet\Debug\fast_frequency.pdb
D:\Documents\MFiles\GraphSources\FastSet\Debug\fast_frequency.mexw32
D:\Documents\MFiles\GraphSources\FastSet\Debug\fast_frequency.ilk
