D:\DOCUMENTS\MFILES\GRAPHSOURCES\MEXFILES\MEXGRAPHSQUEEZE\X64\RELEASE\MLDEBUGHELPER.OBJ
D:\DOCUMENTS\MFILES\GRAPHSOURCES\MEXFILES\MEXGRAPHSQUEEZE\X64\RELEASE\MEXGRAPHSQUEEZE.OBJ
D:\DOCUMENTS\MFILES\GRAPHSOURCES\MEXFILES\MEXGRAPHSQUEEZE\X64\RELEASE\EVALUATEGRAPHSQUEEZE.OBJ
D:\DOCUMENTS\MFILES\GRAPHSOURCES\MEXFILES\MEXGRAPHSQUEEZE\X64\RELEASE\VC110.PDB
D:\DOCUMENTS\MFILES\GRAPHSOURCES\MEXFILES\MEXGRAPHSQUEEZE\X64\RELEASE\MEXGRAPHSQUEEZE.MEXW64
D:\DOCUMENTS\MFILES\GRAPHSOURCES\MEXFILES\MEXGRAPHSQUEEZE\X64\RELEASE\MEXGRAPHSQUEEZE.PDB
D:\Documents\MFiles\GraphSources\MEXFiles\mexGraphSqueeze\x64\Release\mexGraphSqueeze.lib
D:\Documents\MFiles\GraphSources\MEXFiles\mexGraphSqueeze\x64\Release\mexGraphSqueeze.exp
D:\Documents\MFiles\GraphSources\MEXFiles\mexGraphSqueeze\x64\Release\EvaluateGraphSqueeze.obj
D:\Documents\MFiles\GraphSources\MEXFiles\mexGraphSqueeze\x64\Release\mexGraphSqueeze.obj
D:\Documents\MFiles\GraphSources\MEXFiles\mexGraphSqueeze\x64\Release\MLDebugHelper.obj
D:\Documents\MFiles\GraphSources\MEXFiles\mexGraphSqueeze\x64\Release\cl.command.1.tlog
D:\Documents\MFiles\GraphSources\MEXFiles\mexGraphSqueeze\x64\Release\CL.read.1.tlog
D:\Documents\MFiles\GraphSources\MEXFiles\mexGraphSqueeze\x64\Release\CL.write.1.tlog
D:\Documents\MFiles\GraphSources\MEXFiles\mexGraphSqueeze\x64\Release\link-cvtres.read.1.tlog
D:\Documents\MFiles\GraphSources\MEXFiles\mexGraphSqueeze\x64\Release\link-cvtres.write.1.tlog
D:\Documents\MFiles\GraphSources\MEXFiles\mexGraphSqueeze\x64\Release\link-rc.read.1.tlog
D:\Documents\MFiles\GraphSources\MEXFiles\mexGraphSqueeze\x64\Release\link-rc.write.1.tlog
D:\Documents\MFiles\GraphSources\MEXFiles\mexGraphSqueeze\x64\Release\link.command.1.tlog
D:\Documents\MFiles\GraphSources\MEXFiles\mexGraphSqueeze\x64\Release\link.read.1.tlog
D:\Documents\MFiles\GraphSources\MEXFiles\mexGraphSqueeze\x64\Release\link.write.1.tlog
D:\Documents\MFiles\GraphSources\MEXFiles\mexGraphSqueeze\x64\Release\mexGraphSqueeze.write.1.tlog
D:\Documents\MFiles\GraphSources\MEXFiles\mexGraphSqueeze\x64\Release\mexGraphSqueeze.pdb
D:\Documents\MFiles\GraphSources\MEXFiles\mexGraphSqueeze\x64\Release\vc110.pdb
D:\Documents\MFiles\GraphSources\MEXFiles\mexGraphSqueeze\x64\Release\mexGraphSqueeze.mexw64
