D:\DOCUMENTS\MFILES\GRAPHSOURCES\MEXFILES\MEXGRAPHALLNODESHORTESTPATHS\RELEASE\MLDEBUGHELPER.OBJ
D:\DOCUMENTS\MFILES\GRAPHSOURCES\MEXFILES\MEXGRAPHALLNODESHORTESTPATHS\RELEASE\MEXGRAPHALLNODESHORTESTPATHS.OBJ
D:\DOCUMENTS\MFILES\GRAPHSOURCES\MEXFILES\MEXGRAPHALLNODESHORTESTPATHS\RELEASE\EVALUATEGRAPHALLNODESHORTESTPATHS.OBJ
D:\DOCUMENTS\MFILES\GRAPHSOURCES\MEXFILES\MEXGRAPHALLNODESHORTESTPATHS\RELEASE\TSTATICGRAPH.OBJ
D:\DOCUMENTS\MFILES\GRAPHSOURCES\MEXFILES\MEXGRAPHALLNODESHORTESTPATHS\RELEASE\TBASICGRAPH.OBJ
D:\DOCUMENTS\MFILES\GRAPHSOURCES\MEXFILES\MEXGRAPHALLNODESHORTESTPATHS\RELEASE\GRAPHUTILITIES.OBJ
D:\DOCUMENTS\MFILES\GRAPHSOURCES\MEXFILES\MEXGRAPHALLNODESHORTESTPATHS\RELEASE\VC110.PDB
D:\DOCUMENTS\MFILES\GRAPHSOURCES\MEXFILES\MEXGRAPHALLNODESHORTESTPATHS\RELEASE\MEXGRAPHALLNODESHORTESTPATHS.MEXW32
D:\DOCUMENTS\MFILES\GRAPHSOURCES\MEXFILES\MEXGRAPHALLNODESHORTESTPATHS\RELEASE\MEXGRAPHALLNODESHORTESTPATHS.PDB
D:\Documents\MFiles\GraphSources\MEXFiles\mexGraphAllNodeShortestPaths\Release\mexGraphAllNodeShortestPaths.lib
D:\Documents\MFiles\GraphSources\MEXFiles\mexGraphAllNodeShortestPaths\Release\mexGraphAllNodeShortestPaths.exp
D:\Documents\MFiles\GraphSources\MEXFiles\mexGraphAllNodeShortestPaths\Release\EvaluateGraphAllNodeShortestPaths.obj
D:\Documents\MFiles\GraphSources\MEXFiles\mexGraphAllNodeShortestPaths\Release\GraphUtilities.obj
D:\Documents\MFiles\GraphSources\MEXFiles\mexGraphAllNodeShortestPaths\Release\mexGraphAllNodeShortestPaths.obj
D:\Documents\MFiles\GraphSources\MEXFiles\mexGraphAllNodeShortestPaths\Release\MLDebugHelper.obj
D:\Documents\MFiles\GraphSources\MEXFiles\mexGraphAllNodeShortestPaths\Release\TBasicGraph.obj
D:\Documents\MFiles\GraphSources\MEXFiles\mexGraphAllNodeShortestPaths\Release\TStaticGraph.obj
D:\Documents\MFiles\GraphSources\MEXFiles\mexGraphAllNodeShortestPaths\Release\cl.command.1.tlog
D:\Documents\MFiles\GraphSources\MEXFiles\mexGraphAllNodeShortestPaths\Release\CL.read.1.tlog
D:\Documents\MFiles\GraphSources\MEXFiles\mexGraphAllNodeShortestPaths\Release\CL.write.1.tlog
D:\Documents\MFiles\GraphSources\MEXFiles\mexGraphAllNodeShortestPaths\Release\link-cvtres.read.1.tlog
D:\Documents\MFiles\GraphSources\MEXFiles\mexGraphAllNodeShortestPaths\Release\link-cvtres.write.1.tlog
D:\Documents\MFiles\GraphSources\MEXFiles\mexGraphAllNodeShortestPaths\Release\link-rc.read.1.tlog
D:\Documents\MFiles\GraphSources\MEXFiles\mexGraphAllNodeShortestPaths\Release\link-rc.write.1.tlog
D:\Documents\MFiles\GraphSources\MEXFiles\mexGraphAllNodeShortestPaths\Release\link.command.1.tlog
D:\Documents\MFiles\GraphSources\MEXFiles\mexGraphAllNodeShortestPaths\Release\link.read.1.tlog
D:\Documents\MFiles\GraphSources\MEXFiles\mexGraphAllNodeShortestPaths\Release\link.write.1.tlog
D:\Documents\MFiles\GraphSources\MEXFiles\mexGraphAllNodeShortestPaths\Release\mexGraphAllNodeShortestPaths.write.1.tlog
D:\Documents\MFiles\GraphSources\MEXFiles\mexGraphAllNodeShortestPaths\Release\mexGraphAllNodeShortestPaths.pdb
D:\Documents\MFiles\GraphSources\MEXFiles\mexGraphAllNodeShortestPaths\Release\vc110.pdb
D:\Documents\MFiles\GraphSources\MEXFiles\mexGraphAllNodeShortestPaths\Release\mexGraphAllNodeShortestPaths.mexw32
