D:\DOCUMENTS\MFILES\GRAPHSOURCES\FASTSET\FAST_UNION_SORTED\DEBUG\FAST_UNION_SORTED.PCH
D:\DOCUMENTS\MFILES\GRAPHSOURCES\FASTSET\FAST_UNION_SORTED\DEBUG\STDAFX.OBJ
D:\DOCUMENTS\MFILES\GRAPHSOURCES\FASTSET\FAST_UNION_SORTED\DEBUG\VC110.PDB
D:\DOCUMENTS\MFILES\GRAPHSOURCES\FASTSET\FAST_UNION_SORTED\DEBUG\FAST_UNION_SORTED.OBJ
D:\Documents\MFiles\GraphSources\FastSet\Debug\fast_union_sorted.lib
D:\Documents\MFiles\GraphSources\FastSet\Debug\fast_union_sorted.exp
D:\DOCUMENTS\MFILES\GRAPHSOURCES\FASTSET\DEBUG\FAST_UNION_SORTED.ILK
D:\DOCUMENTS\MFILES\GRAPHSOURCES\FASTSET\DEBUG\FAST_UNION_SORTED.MEXW32
D:\DOCUMENTS\MFILES\GRAPHSOURCES\FASTSET\DEBUG\FAST_UNION_SORTED.PDB
d:\Documents\MFiles\GraphSources\FastSet\fast_union_sorted\Debug\fast_union_sorted.obj
d:\Documents\MFiles\GraphSources\FastSet\fast_union_sorted\Debug\stdafx.obj
d:\Documents\MFiles\GraphSources\FastSet\fast_union_sorted\Debug\cl.command.1.tlog
d:\Documents\MFiles\GraphSources\FastSet\fast_union_sorted\Debug\CL.read.1.tlog
d:\Documents\MFiles\GraphSources\FastSet\fast_union_sorted\Debug\CL.write.1.tlog
d:\Documents\MFiles\GraphSources\FastSet\fast_union_sorted\Debug\fast_union_sorted.write.1.tlog
d:\Documents\MFiles\GraphSources\FastSet\fast_union_sorted\Debug\link-cvtres.read.1.tlog
d:\Documents\MFiles\GraphSources\FastSet\fast_union_sorted\Debug\link-cvtres.write.1.tlog
d:\Documents\MFiles\GraphSources\FastSet\fast_union_sorted\Debug\link-rc.read.1.tlog
d:\Documents\MFiles\GraphSources\FastSet\fast_union_sorted\Debug\link-rc.write.1.tlog
d:\Documents\MFiles\GraphSources\FastSet\fast_union_sorted\Debug\link.command.1.tlog
d:\Documents\MFiles\GraphSources\FastSet\fast_union_sorted\Debug\link.read.1.tlog
d:\Documents\MFiles\GraphSources\FastSet\fast_union_sorted\Debug\link.write.1.tlog
d:\Documents\MFiles\GraphSources\FastSet\fast_union_sorted\Debug\fast_union_sorted.pch
d:\Documents\MFiles\GraphSources\FastSet\fast_union_sorted\Debug\vc110.idb
d:\Documents\MFiles\GraphSources\FastSet\fast_union_sorted\Debug\vc110.pdb
D:\Documents\MFiles\GraphSources\FastSet\Debug\fast_union_sorted.pdb
D:\Documents\MFiles\GraphSources\FastSet\Debug\fast_union_sorted.mexw32
D:\Documents\MFiles\GraphSources\FastSet\Debug\fast_union_sorted.ilk
