D:\DOCUMENTS\MFILES\GRAPHSOURCES\MEXFILES\MEXGRAPHNODECOUNTSHORTESTPASSES\RELEASE\TSTATICGRAPH.OBJ
D:\DOCUMENTS\MFILES\GRAPHSOURCES\MEXFILES\MEXGRAPHNODECOUNTSHORTESTPASSES\RELEASE\TBASICGRAPH.OBJ
D:\DOCUMENTS\MFILES\GRAPHSOURCES\MEXFILES\MEXGRAPHNODECOUNTSHORTESTPASSES\RELEASE\MLDEBUGHELPER.OBJ
D:\DOCUMENTS\MFILES\GRAPHSOURCES\MEXFILES\MEXGRAPHNODECOUNTSHORTESTPASSES\RELEASE\MEXGRAPHNODECOUNTSHORTESTPASSES.OBJ
D:\DOCUMENTS\MFILES\GRAPHSOURCES\MEXFILES\MEXGRAPHNODECOUNTSHORTESTPASSES\RELEASE\GRAPHUTILITIES.OBJ
D:\DOCUMENTS\MFILES\GRAPHSOURCES\MEXFILES\MEXGRAPHNODECOUNTSHORTESTPASSES\RELEASE\EVALUATEGRAPHNODECOUNTSHORTESTPASSES.OBJ
D:\DOCUMENTS\MFILES\GRAPHSOURCES\MEXFILES\MEXGRAPHNODECOUNTSHORTESTPASSES\RELEASE\VC110.PDB
D:\DOCUMENTS\MFILES\GRAPHSOURCES\MEXFILES\MEXGRAPHNODECOUNTSHORTESTPASSES\RELEASE\MEXGRAPHNODECOUNTSHORTESTPASSES.MEXW32
D:\DOCUMENTS\MFILES\GRAPHSOURCES\MEXFILES\MEXGRAPHNODECOUNTSHORTESTPASSES\RELEASE\MEXGRAPHNODECOUNTSHORTESTPASSES.PDB
D:\Documents\MFiles\GraphSources\MEXFiles\mexGraphNodeCountShortestPasses\Release\mexGraphNodeCountShortestPasses.lib
D:\Documents\MFiles\GraphSources\MEXFiles\mexGraphNodeCountShortestPasses\Release\mexGraphNodeCountShortestPasses.exp
D:\Documents\MFiles\GraphSources\MEXFiles\mexGraphNodeCountShortestPasses\Release\EvaluateGraphNodeCountShortestPasses.obj
D:\Documents\MFiles\GraphSources\MEXFiles\mexGraphNodeCountShortestPasses\Release\GraphUtilities.obj
D:\Documents\MFiles\GraphSources\MEXFiles\mexGraphNodeCountShortestPasses\Release\mexGraphNodeCountShortestPasses.obj
D:\Documents\MFiles\GraphSources\MEXFiles\mexGraphNodeCountShortestPasses\Release\MLDebugHelper.obj
D:\Documents\MFiles\GraphSources\MEXFiles\mexGraphNodeCountShortestPasses\Release\TBasicGraph.obj
D:\Documents\MFiles\GraphSources\MEXFiles\mexGraphNodeCountShortestPasses\Release\TStaticGraph.obj
D:\Documents\MFiles\GraphSources\MEXFiles\mexGraphNodeCountShortestPasses\Release\cl.command.1.tlog
D:\Documents\MFiles\GraphSources\MEXFiles\mexGraphNodeCountShortestPasses\Release\CL.read.1.tlog
D:\Documents\MFiles\GraphSources\MEXFiles\mexGraphNodeCountShortestPasses\Release\CL.write.1.tlog
D:\Documents\MFiles\GraphSources\MEXFiles\mexGraphNodeCountShortestPasses\Release\link-cvtres.read.1.tlog
D:\Documents\MFiles\GraphSources\MEXFiles\mexGraphNodeCountShortestPasses\Release\link-cvtres.write.1.tlog
D:\Documents\MFiles\GraphSources\MEXFiles\mexGraphNodeCountShortestPasses\Release\link-rc.read.1.tlog
D:\Documents\MFiles\GraphSources\MEXFiles\mexGraphNodeCountShortestPasses\Release\link-rc.write.1.tlog
D:\Documents\MFiles\GraphSources\MEXFiles\mexGraphNodeCountShortestPasses\Release\link.command.1.tlog
D:\Documents\MFiles\GraphSources\MEXFiles\mexGraphNodeCountShortestPasses\Release\link.read.1.tlog
D:\Documents\MFiles\GraphSources\MEXFiles\mexGraphNodeCountShortestPasses\Release\link.write.1.tlog
D:\Documents\MFiles\GraphSources\MEXFiles\mexGraphNodeCountShortestPasses\Release\mexGraphNodeCountShortestPasses.write.1.tlog
D:\Documents\MFiles\GraphSources\MEXFiles\mexGraphNodeCountShortestPasses\Release\mexGraphNodeCountShortestPasses.pdb
D:\Documents\MFiles\GraphSources\MEXFiles\mexGraphNodeCountShortestPasses\Release\vc110.pdb
D:\Documents\MFiles\GraphSources\MEXFiles\mexGraphNodeCountShortestPasses\Release\mexGraphNodeCountShortestPasses.mexw32
