D:\DOCUMENTS\MFILES\GRAPHSOURCES\MEXFILES\MEXGRAPHAVERAGENEARESTNEIGHBORDEGREE\RELEASE\MEXGRAPHAVERAGENEARESTNEIGHBORDEGREE.OBJ
D:\DOCUMENTS\MFILES\GRAPHSOURCES\MEXFILES\MEXGRAPHAVERAGENEARESTNEIGHBORDEGREE\RELEASE\EVALUATEGRAPHAVERAGENEARESTNEIGHBOURDEGREE.OBJ
D:\DOCUMENTS\MFILES\GRAPHSOURCES\MEXFILES\MEXGRAPHAVERAGENEARESTNEIGHBORDEGREE\RELEASE\VC110.PDB
D:\DOCUMENTS\MFILES\GRAPHSOURCES\MEXFILES\MEXGRAPHAVERAGENEARESTNEIGHBORDEGREE\RELEASE\MEXGRAPHAVERAGENEARESTNEIGHBORDEGREE.MEXW32
D:\DOCUMENTS\MFILES\GRAPHSOURCES\MEXFILES\MEXGRAPHAVERAGENEARESTNEIGHBORDEGREE\RELEASE\MEXGRAPHAVERAGENEARESTNEIGHBORDEGREE.PDB
D:\Documents\MFiles\GraphSources\MEXFiles\mexGraphAverageNearestNeighborDegree\Release\mexGraphAverageNearestNeighborDegree.lib
D:\Documents\MFiles\GraphSources\MEXFiles\mexGraphAverageNearestNeighborDegree\Release\mexGraphAverageNearestNeighborDegree.exp
D:\Documents\MFiles\GraphSources\MEXFiles\mexGraphAverageNearestNeighborDegree\Release\EvaluateGraphAverageNearestNeighbourDegree.obj
D:\Documents\MFiles\GraphSources\MEXFiles\mexGraphAverageNearestNeighborDegree\Release\mexGraphAverageNearestNeighborDegree.obj
D:\Documents\MFiles\GraphSources\MEXFiles\mexGraphAverageNearestNeighborDegree\Release\cl.command.1.tlog
D:\Documents\MFiles\GraphSources\MEXFiles\mexGraphAverageNearestNeighborDegree\Release\CL.read.1.tlog
D:\Documents\MFiles\GraphSources\MEXFiles\mexGraphAverageNearestNeighborDegree\Release\CL.write.1.tlog
D:\Documents\MFiles\GraphSources\MEXFiles\mexGraphAverageNearestNeighborDegree\Release\link-cvtres.read.1.tlog
D:\Documents\MFiles\GraphSources\MEXFiles\mexGraphAverageNearestNeighborDegree\Release\link-cvtres.write.1.tlog
D:\Documents\MFiles\GraphSources\MEXFiles\mexGraphAverageNearestNeighborDegree\Release\link-rc.read.1.tlog
D:\Documents\MFiles\GraphSources\MEXFiles\mexGraphAverageNearestNeighborDegree\Release\link-rc.write.1.tlog
D:\Documents\MFiles\GraphSources\MEXFiles\mexGraphAverageNearestNeighborDegree\Release\link.command.1.tlog
D:\Documents\MFiles\GraphSources\MEXFiles\mexGraphAverageNearestNeighborDegree\Release\link.read.1.tlog
D:\Documents\MFiles\GraphSources\MEXFiles\mexGraphAverageNearestNeighborDegree\Release\link.write.1.tlog
D:\Documents\MFiles\GraphSources\MEXFiles\mexGraphAverageNearestNeighborDegree\Release\mexGraphAverageNearestNeighborDegree.write.1.tlog
D:\Documents\MFiles\GraphSources\MEXFiles\mexGraphAverageNearestNeighborDegree\Release\mexGraphAverageNearestNeighborDegree.pdb
D:\Documents\MFiles\GraphSources\MEXFiles\mexGraphAverageNearestNeighborDegree\Release\vc110.pdb
D:\Documents\MFiles\GraphSources\MEXFiles\mexGraphAverageNearestNeighborDegree\Release\mexGraphAverageNearestNeighborDegree.mexw32
