D:\DOCUMENTS\MFILES\GRAPHSOURCES\MEXFILES\MEXGRAPHNODENEIGHBOURS\RELEASE\MEXGRAPHNODENEIGHBOURS.OBJ
D:\DOCUMENTS\MFILES\GRAPHSOURCES\MEXFILES\MEXGRAPHNODENEIGHBOURS\RELEASE\EVALUATENODENEIGHBOURS.OBJ
D:\DOCUMENTS\MFILES\GRAPHSOURCES\MEXFILES\MEXGRAPHNODENEIGHBOURS\RELEASE\TSTATICGRAPH.OBJ
D:\DOCUMENTS\MFILES\GRAPHSOURCES\MEXFILES\MEXGRAPHNODENEIGHBOURS\RELEASE\TBASICGRAPH.OBJ
D:\DOCUMENTS\MFILES\GRAPHSOURCES\MEXFILES\MEXGRAPHNODENEIGHBOURS\RELEASE\GRAPHUTILITIES.OBJ
D:\DOCUMENTS\MFILES\GRAPHSOURCES\MEXFILES\MEXGRAPHNODENEIGHBOURS\RELEASE\VC110.PDB
D:\DOCUMENTS\MFILES\GRAPHSOURCES\MEXFILES\MEXGRAPHNODENEIGHBOURS\RELEASE\MEXGRAPHNODENEIGHBOURS.MEXW32
D:\DOCUMENTS\MFILES\GRAPHSOURCES\MEXFILES\MEXGRAPHNODENEIGHBOURS\RELEASE\MEXGRAPHNODENEIGHBOURS.PDB
D:\Documents\MFiles\GraphSources\MEXFiles\mexGraphNodeNeighbours\Release\mexGraphNodeNeighbours.lib
D:\Documents\MFiles\GraphSources\MEXFiles\mexGraphNodeNeighbours\Release\mexGraphNodeNeighbours.exp
D:\Documents\MFiles\GraphSources\MEXFiles\mexGraphNodeNeighbours\Release\EvaluateNodeNeighbours.obj
D:\Documents\MFiles\GraphSources\MEXFiles\mexGraphNodeNeighbours\Release\GraphUtilities.obj
D:\Documents\MFiles\GraphSources\MEXFiles\mexGraphNodeNeighbours\Release\mexGraphNodeNeighbours.obj
D:\Documents\MFiles\GraphSources\MEXFiles\mexGraphNodeNeighbours\Release\TBasicGraph.obj
D:\Documents\MFiles\GraphSources\MEXFiles\mexGraphNodeNeighbours\Release\TStaticGraph.obj
D:\Documents\MFiles\GraphSources\MEXFiles\mexGraphNodeNeighbours\Release\cl.command.1.tlog
D:\Documents\MFiles\GraphSources\MEXFiles\mexGraphNodeNeighbours\Release\CL.read.1.tlog
D:\Documents\MFiles\GraphSources\MEXFiles\mexGraphNodeNeighbours\Release\CL.write.1.tlog
D:\Documents\MFiles\GraphSources\MEXFiles\mexGraphNodeNeighbours\Release\link-cvtres.read.1.tlog
D:\Documents\MFiles\GraphSources\MEXFiles\mexGraphNodeNeighbours\Release\link-cvtres.write.1.tlog
D:\Documents\MFiles\GraphSources\MEXFiles\mexGraphNodeNeighbours\Release\link-rc.read.1.tlog
D:\Documents\MFiles\GraphSources\MEXFiles\mexGraphNodeNeighbours\Release\link-rc.write.1.tlog
D:\Documents\MFiles\GraphSources\MEXFiles\mexGraphNodeNeighbours\Release\link.command.1.tlog
D:\Documents\MFiles\GraphSources\MEXFiles\mexGraphNodeNeighbours\Release\link.read.1.tlog
D:\Documents\MFiles\GraphSources\MEXFiles\mexGraphNodeNeighbours\Release\link.write.1.tlog
D:\Documents\MFiles\GraphSources\MEXFiles\mexGraphNodeNeighbours\Release\mexGraphNodeNeighbours.write.1.tlog
D:\Documents\MFiles\GraphSources\MEXFiles\mexGraphNodeNeighbours\Release\mexGraphNodeNeighbours.pdb
D:\Documents\MFiles\GraphSources\MEXFiles\mexGraphNodeNeighbours\Release\vc110.pdb
D:\Documents\MFiles\GraphSources\MEXFiles\mexGraphNodeNeighbours\Release\mexGraphNodeNeighbours.mexw32
