D:\DOCUMENTS\MFILES\GRAPHSOURCES\FASTSET\FAST_UNIQUE\X64\RELEASE\FAST_UNIQUE.OBJ
D:\DOCUMENTS\MFILES\GRAPHSOURCES\FASTSET\FAST_UNIQUE\X64\RELEASE\VC110.PDB
D:\Documents\MFiles\GraphSources\FastSet\x64\Release\fast_unique.lib
D:\Documents\MFiles\GraphSources\FastSet\x64\Release\fast_unique.exp
D:\DOCUMENTS\MFILES\GRAPHSOURCES\FASTSET\X64\RELEASE\FAST_UNIQUE.MEXW64
D:\DOCUMENTS\MFILES\GRAPHSOURCES\FASTSET\X64\RELEASE\FAST_UNIQUE.PDB
D:\Documents\MFiles\GraphSources\FastSet\fast_unique\x64\Release\fast_unique.obj
D:\Documents\MFiles\GraphSources\FastSet\fast_unique\x64\Release\cl.command.1.tlog
D:\Documents\MFiles\GraphSources\FastSet\fast_unique\x64\Release\CL.read.1.tlog
D:\Documents\MFiles\GraphSources\FastSet\fast_unique\x64\Release\CL.write.1.tlog
D:\Documents\MFiles\GraphSources\FastSet\fast_unique\x64\Release\fast_unique.write.1.tlog
D:\Documents\MFiles\GraphSources\FastSet\fast_unique\x64\Release\link-cvtres.read.1.tlog
D:\Documents\MFiles\GraphSources\FastSet\fast_unique\x64\Release\link-cvtres.write.1.tlog
D:\Documents\MFiles\GraphSources\FastSet\fast_unique\x64\Release\link-rc.read.1.tlog
D:\Documents\MFiles\GraphSources\FastSet\fast_unique\x64\Release\link-rc.write.1.tlog
D:\Documents\MFiles\GraphSources\FastSet\fast_unique\x64\Release\link.command.1.tlog
D:\Documents\MFiles\GraphSources\FastSet\fast_unique\x64\Release\link.read.1.tlog
D:\Documents\MFiles\GraphSources\FastSet\fast_unique\x64\Release\link.write.1.tlog
D:\Documents\MFiles\GraphSources\FastSet\fast_unique\x64\Release\vc110.pdb
D:\Documents\MFiles\GraphSources\FastSet\x64\Release\fast_unique.pdb
D:\Documents\MFiles\GraphSources\FastSet\x64\Release\fast_unique.mexw64
