D:\DOCUMENTS\MFILES\GRAPHSOURCES\MEXFILES\MEXMULTIFIND\RELEASE\MLDEBUGHELPER.OBJ
D:\DOCUMENTS\MFILES\GRAPHSOURCES\MEXFILES\MEXMULTIFIND\RELEASE\MEXMULTIFIND.OBJ
D:\DOCUMENTS\MFILES\GRAPHSOURCES\MEXFILES\MEXMULTIFIND\RELEASE\EVALUATEMULTIFIND.OBJ
D:\DOCUMENTS\MFILES\GRAPHSOURCES\MEXFILES\MEXMULTIFIND\RELEASE\VC110.PDB
D:\DOCUMENTS\MFILES\GRAPHSOURCES\MEXFILES\MEXMULTIFIND\RELEASE\MEXMULTIFIND.MEXW32
D:\DOCUMENTS\MFILES\GRAPHSOURCES\MEXFILES\MEXMULTIFIND\RELEASE\MEXMULTIFIND.PDB
D:\Documents\MFiles\GraphSources\MEXFiles\mexMultiFind\Release\mexMultiFind.lib
D:\Documents\MFiles\GraphSources\MEXFiles\mexMultiFind\Release\mexMultiFind.exp
D:\Documents\MFiles\GraphSources\MEXFiles\mexMultiFind\Release\EvaluateMultiFind.obj
D:\Documents\MFiles\GraphSources\MEXFiles\mexMultiFind\Release\mexMultiFind.obj
D:\Documents\MFiles\GraphSources\MEXFiles\mexMultiFind\Release\MLDebugHelper.obj
D:\Documents\MFiles\GraphSources\MEXFiles\mexMultiFind\Release\cl.command.1.tlog
D:\Documents\MFiles\GraphSources\MEXFiles\mexMultiFind\Release\CL.read.1.tlog
D:\Documents\MFiles\GraphSources\MEXFiles\mexMultiFind\Release\CL.write.1.tlog
D:\Documents\MFiles\GraphSources\MEXFiles\mexMultiFind\Release\link-cvtres.read.1.tlog
D:\Documents\MFiles\GraphSources\MEXFiles\mexMultiFind\Release\link-cvtres.write.1.tlog
D:\Documents\MFiles\GraphSources\MEXFiles\mexMultiFind\Release\link-rc.read.1.tlog
D:\Documents\MFiles\GraphSources\MEXFiles\mexMultiFind\Release\link-rc.write.1.tlog
D:\Documents\MFiles\GraphSources\MEXFiles\mexMultiFind\Release\link.command.1.tlog
D:\Documents\MFiles\GraphSources\MEXFiles\mexMultiFind\Release\link.read.1.tlog
D:\Documents\MFiles\GraphSources\MEXFiles\mexMultiFind\Release\link.write.1.tlog
D:\Documents\MFiles\GraphSources\MEXFiles\mexMultiFind\Release\mexMultiFind.write.1.tlog
D:\Documents\MFiles\GraphSources\MEXFiles\mexMultiFind\Release\mexMultiFind.pdb
D:\Documents\MFiles\GraphSources\MEXFiles\mexMultiFind\Release\vc110.pdb
D:\Documents\MFiles\GraphSources\MEXFiles\mexMultiFind\Release\mexMultiFind.mexw32
