D:\DOCUMENTS\MFILES\GRAPHSOURCES\MEXFILES\MEXGRAPHCONNECTEDCOMPONENTS\X64\RELEASE\MLDEBUGHELPER.OBJ
D:\DOCUMENTS\MFILES\GRAPHSOURCES\MEXFILES\MEXGRAPHCONNECTEDCOMPONENTS\X64\RELEASE\MEXGRAPHCONNECTEDCOMPONENTS.OBJ
D:\DOCUMENTS\MFILES\GRAPHSOURCES\MEXFILES\MEXGRAPHCONNECTEDCOMPONENTS\X64\RELEASE\EVALUATEGRAPHCONNECTEDCOMPONENTS.OBJ
D:\DOCUMENTS\MFILES\GRAPHSOURCES\MEXFILES\MEXGRAPHCONNECTEDCOMPONENTS\X64\RELEASE\VC110.PDB
D:\DOCUMENTS\MFILES\GRAPHSOURCES\MEXFILES\MEXGRAPHCONNECTEDCOMPONENTS\X64\RELEASE\MEXGRAPHCONNECTEDCOMPONENTS.MEXW64
D:\DOCUMENTS\MFILES\GRAPHSOURCES\MEXFILES\MEXGRAPHCONNECTEDCOMPONENTS\X64\RELEASE\MEXGRAPHCONNECTEDCOMPONENTS.PDB
D:\Documents\MFiles\GraphSources\MEXFiles\mexGraphConnectedComponents\x64\Release\mexGraphConnectedComponents.lib
D:\Documents\MFiles\GraphSources\MEXFiles\mexGraphConnectedComponents\x64\Release\mexGraphConnectedComponents.exp
D:\Documents\MFiles\GraphSources\MEXFiles\mexGraphConnectedComponents\x64\Release\EvaluateGraphConnectedComponents.obj
D:\Documents\MFiles\GraphSources\MEXFiles\mexGraphConnectedComponents\x64\Release\mexGraphConnectedComponents.obj
D:\Documents\MFiles\GraphSources\MEXFiles\mexGraphConnectedComponents\x64\Release\MLDebugHelper.obj
D:\Documents\MFiles\GraphSources\MEXFiles\mexGraphConnectedComponents\x64\Release\cl.command.1.tlog
D:\Documents\MFiles\GraphSources\MEXFiles\mexGraphConnectedComponents\x64\Release\CL.read.1.tlog
D:\Documents\MFiles\GraphSources\MEXFiles\mexGraphConnectedComponents\x64\Release\CL.write.1.tlog
D:\Documents\MFiles\GraphSources\MEXFiles\mexGraphConnectedComponents\x64\Release\link-cvtres.read.1.tlog
D:\Documents\MFiles\GraphSources\MEXFiles\mexGraphConnectedComponents\x64\Release\link-cvtres.write.1.tlog
D:\Documents\MFiles\GraphSources\MEXFiles\mexGraphConnectedComponents\x64\Release\link-rc.read.1.tlog
D:\Documents\MFiles\GraphSources\MEXFiles\mexGraphConnectedComponents\x64\Release\link-rc.write.1.tlog
D:\Documents\MFiles\GraphSources\MEXFiles\mexGraphConnectedComponents\x64\Release\link.command.1.tlog
D:\Documents\MFiles\GraphSources\MEXFiles\mexGraphConnectedComponents\x64\Release\link.read.1.tlog
D:\Documents\MFiles\GraphSources\MEXFiles\mexGraphConnectedComponents\x64\Release\link.write.1.tlog
D:\Documents\MFiles\GraphSources\MEXFiles\mexGraphConnectedComponents\x64\Release\mexGraphConnectedComponents.write.1.tlog
D:\Documents\MFiles\GraphSources\MEXFiles\mexGraphConnectedComponents\x64\Release\mexGraphConnectedComponents.pdb
D:\Documents\MFiles\GraphSources\MEXFiles\mexGraphConnectedComponents\x64\Release\vc110.pdb
D:\Documents\MFiles\GraphSources\MEXFiles\mexGraphConnectedComponents\x64\Release\mexGraphConnectedComponents.mexw64
