D:\DOCUMENTS\MFILES\GRAPHSOURCES\MEXFILES\MEXGRAPHHITS\RELEASE\TSTATICGRAPH.OBJ
D:\DOCUMENTS\MFILES\GRAPHSOURCES\MEXFILES\MEXGRAPHHITS\RELEASE\TBASICGRAPH.OBJ
D:\DOCUMENTS\MFILES\GRAPHSOURCES\MEXFILES\MEXGRAPHHITS\RELEASE\MLDEBUGHELPER.OBJ
D:\DOCUMENTS\MFILES\GRAPHSOURCES\MEXFILES\MEXGRAPHHITS\RELEASE\MEXGRAPHHITS.OBJ
D:\DOCUMENTS\MFILES\GRAPHSOURCES\MEXFILES\MEXGRAPHHITS\RELEASE\GRAPHUTILITIES.OBJ
D:\DOCUMENTS\MFILES\GRAPHSOURCES\MEXFILES\MEXGRAPHHITS\RELEASE\EVALUATEGRAPHHITS.OBJ
D:\DOCUMENTS\MFILES\GRAPHSOURCES\MEXFILES\MEXGRAPHHITS\RELEASE\VC110.PDB
D:\DOCUMENTS\MFILES\GRAPHSOURCES\MEXFILES\MEXGRAPHHITS\RELEASE\MEXGRAPHHITS.MEXW32
D:\DOCUMENTS\MFILES\GRAPHSOURCES\MEXFILES\MEXGRAPHHITS\RELEASE\MEXGRAPHHITS.PDB
D:\Documents\MFiles\GraphSources\MEXFiles\mexGraphHITS\Release\mexGraphHITS.lib
D:\Documents\MFiles\GraphSources\MEXFiles\mexGraphHITS\Release\mexGraphHITS.exp
D:\Documents\MFiles\GraphSources\MEXFiles\mexGraphHITS\Release\EvaluateGraphHITS.obj
D:\Documents\MFiles\GraphSources\MEXFiles\mexGraphHITS\Release\GraphUtilities.obj
D:\Documents\MFiles\GraphSources\MEXFiles\mexGraphHITS\Release\mexGraphHITS.obj
D:\Documents\MFiles\GraphSources\MEXFiles\mexGraphHITS\Release\MLDebugHelper.obj
D:\Documents\MFiles\GraphSources\MEXFiles\mexGraphHITS\Release\TBasicGraph.obj
D:\Documents\MFiles\GraphSources\MEXFiles\mexGraphHITS\Release\TStaticGraph.obj
D:\Documents\MFiles\GraphSources\MEXFiles\mexGraphHITS\Release\cl.command.1.tlog
D:\Documents\MFiles\GraphSources\MEXFiles\mexGraphHITS\Release\CL.read.1.tlog
D:\Documents\MFiles\GraphSources\MEXFiles\mexGraphHITS\Release\CL.write.1.tlog
D:\Documents\MFiles\GraphSources\MEXFiles\mexGraphHITS\Release\link-cvtres.read.1.tlog
D:\Documents\MFiles\GraphSources\MEXFiles\mexGraphHITS\Release\link-cvtres.write.1.tlog
D:\Documents\MFiles\GraphSources\MEXFiles\mexGraphHITS\Release\link-rc.read.1.tlog
D:\Documents\MFiles\GraphSources\MEXFiles\mexGraphHITS\Release\link-rc.write.1.tlog
D:\Documents\MFiles\GraphSources\MEXFiles\mexGraphHITS\Release\link.command.1.tlog
D:\Documents\MFiles\GraphSources\MEXFiles\mexGraphHITS\Release\link.read.1.tlog
D:\Documents\MFiles\GraphSources\MEXFiles\mexGraphHITS\Release\link.write.1.tlog
D:\Documents\MFiles\GraphSources\MEXFiles\mexGraphHITS\Release\mexGraphHITS.write.1.tlog
D:\Documents\MFiles\GraphSources\MEXFiles\mexGraphHITS\Release\mexGraphHITS.pdb
D:\Documents\MFiles\GraphSources\MEXFiles\mexGraphHITS\Release\vc110.pdb
D:\Documents\MFiles\GraphSources\MEXFiles\mexGraphHITS\Release\mexGraphHITS.mexw32
