D:\DOCUMENTS\MFILES\GRAPHSOURCES\MEXFILES\MEXGRAPHMERGENODES\X64\RELEASE\MLDEBUGHELPER.OBJ
D:\DOCUMENTS\MFILES\GRAPHSOURCES\MEXFILES\MEXGRAPHMERGENODES\X64\RELEASE\MEXGRAPHMERGENODES.OBJ
D:\DOCUMENTS\MFILES\GRAPHSOURCES\MEXFILES\MEXGRAPHMERGENODES\X64\RELEASE\EVALUATEGRAPHMERGENODES.OBJ
D:\DOCUMENTS\MFILES\GRAPHSOURCES\MEXFILES\MEXGRAPHMERGENODES\X64\RELEASE\VC110.PDB
D:\DOCUMENTS\MFILES\GRAPHSOURCES\MEXFILES\MEXGRAPHMERGENODES\X64\RELEASE\MEXGRAPHMERGENODES.MEXW64
D:\DOCUMENTS\MFILES\GRAPHSOURCES\MEXFILES\MEXGRAPHMERGENODES\X64\RELEASE\MEXGRAPHMERGENODES.PDB
D:\Documents\MFiles\GraphSources\MEXFiles\mexGraphMergeNodes\x64\Release\mexGraphMergeNodes.lib
D:\Documents\MFiles\GraphSources\MEXFiles\mexGraphMergeNodes\x64\Release\mexGraphMergeNodes.exp
D:\Documents\MFiles\GraphSources\MEXFiles\mexGraphMergeNodes\x64\Release\EvaluateGraphMergeNodes.obj
D:\Documents\MFiles\GraphSources\MEXFiles\mexGraphMergeNodes\x64\Release\mexGraphMergeNodes.obj
D:\Documents\MFiles\GraphSources\MEXFiles\mexGraphMergeNodes\x64\Release\MLDebugHelper.obj
D:\Documents\MFiles\GraphSources\MEXFiles\mexGraphMergeNodes\x64\Release\cl.command.1.tlog
D:\Documents\MFiles\GraphSources\MEXFiles\mexGraphMergeNodes\x64\Release\CL.read.1.tlog
D:\Documents\MFiles\GraphSources\MEXFiles\mexGraphMergeNodes\x64\Release\CL.write.1.tlog
D:\Documents\MFiles\GraphSources\MEXFiles\mexGraphMergeNodes\x64\Release\link-cvtres.read.1.tlog
D:\Documents\MFiles\GraphSources\MEXFiles\mexGraphMergeNodes\x64\Release\link-cvtres.write.1.tlog
D:\Documents\MFiles\GraphSources\MEXFiles\mexGraphMergeNodes\x64\Release\link-rc.read.1.tlog
D:\Documents\MFiles\GraphSources\MEXFiles\mexGraphMergeNodes\x64\Release\link-rc.write.1.tlog
D:\Documents\MFiles\GraphSources\MEXFiles\mexGraphMergeNodes\x64\Release\link.command.1.tlog
D:\Documents\MFiles\GraphSources\MEXFiles\mexGraphMergeNodes\x64\Release\link.read.1.tlog
D:\Documents\MFiles\GraphSources\MEXFiles\mexGraphMergeNodes\x64\Release\link.write.1.tlog
D:\Documents\MFiles\GraphSources\MEXFiles\mexGraphMergeNodes\x64\Release\mexGraphMergeNodes.write.1.tlog
D:\Documents\MFiles\GraphSources\MEXFiles\mexGraphMergeNodes\x64\Release\mexGraphMergeNodes.pdb
D:\Documents\MFiles\GraphSources\MEXFiles\mexGraphMergeNodes\x64\Release\vc110.pdb
D:\Documents\MFiles\GraphSources\MEXFiles\mexGraphMergeNodes\x64\Release\mexGraphMergeNodes.mexw64
