D:\DOCUMENTS\MFILES\GRAPHSOURCES\FASTSET\FAST_FREQUENCY\RELEASE\FAST_FREQUENCY.OBJ
D:\DOCUMENTS\MFILES\GRAPHSOURCES\FASTSET\FAST_FREQUENCY\RELEASE\VC110.PDB
D:\Documents\MFiles\GraphSources\FastSet\Release\fast_frequency.lib
D:\Documents\MFiles\GraphSources\FastSet\Release\fast_frequency.exp
D:\DOCUMENTS\MFILES\GRAPHSOURCES\FASTSET\RELEASE\FAST_FREQUENCY.MEXW32
D:\DOCUMENTS\MFILES\GRAPHSOURCES\FASTSET\RELEASE\FAST_FREQUENCY.PDB
D:\Documents\MFiles\GraphSources\FastSet\fast_frequency\Release\fast_frequency.obj
D:\Documents\MFiles\GraphSources\FastSet\fast_frequency\Release\cl.command.1.tlog
D:\Documents\MFiles\GraphSources\FastSet\fast_frequency\Release\CL.read.1.tlog
D:\Documents\MFiles\GraphSources\FastSet\fast_frequency\Release\CL.write.1.tlog
D:\Documents\MFiles\GraphSources\FastSet\fast_frequency\Release\fast_frequency.write.1.tlog
D:\Documents\MFiles\GraphSources\FastSet\fast_frequency\Release\link-cvtres.read.1.tlog
D:\Documents\MFiles\GraphSources\FastSet\fast_frequency\Release\link-cvtres.write.1.tlog
D:\Documents\MFiles\GraphSources\FastSet\fast_frequency\Release\link-rc.read.1.tlog
D:\Documents\MFiles\GraphSources\FastSet\fast_frequency\Release\link-rc.write.1.tlog
D:\Documents\MFiles\GraphSources\FastSet\fast_frequency\Release\link.command.1.tlog
D:\Documents\MFiles\GraphSources\FastSet\fast_frequency\Release\link.read.1.tlog
D:\Documents\MFiles\GraphSources\FastSet\fast_frequency\Release\link.write.1.tlog
D:\Documents\MFiles\GraphSources\FastSet\fast_frequency\Release\vc110.pdb
D:\Documents\MFiles\GraphSources\FastSet\Release\fast_frequency.pdb
D:\Documents\MFiles\GraphSources\FastSet\Release\fast_frequency.mexw32
