D:\DOCUMENTS\MFILES\GRAPHSOURCES\FASTSET\FAST_SETDIFF_SORTED\RELEASE\FAST_SETDIFF_SORTED.OBJ
D:\DOCUMENTS\MFILES\GRAPHSOURCES\FASTSET\FAST_SETDIFF_SORTED\RELEASE\VC110.PDB
D:\Documents\MFiles\GraphSources\FastSet\Release\fast_setdiff_sorted.lib
D:\Documents\MFiles\GraphSources\FastSet\Release\fast_setdiff_sorted.exp
D:\DOCUMENTS\MFILES\GRAPHSOURCES\FASTSET\RELEASE\FAST_SETDIFF_SORTED.MEXW32
D:\DOCUMENTS\MFILES\GRAPHSOURCES\FASTSET\RELEASE\FAST_SETDIFF_SORTED.PDB
D:\Documents\MFiles\GraphSources\FastSet\fast_setdiff_sorted\Release\fast_setdiff_sorted.obj
D:\Documents\MFiles\GraphSources\FastSet\fast_setdiff_sorted\Release\cl.command.1.tlog
D:\Documents\MFiles\GraphSources\FastSet\fast_setdiff_sorted\Release\CL.read.1.tlog
D:\Documents\MFiles\GraphSources\FastSet\fast_setdiff_sorted\Release\CL.write.1.tlog
D:\Documents\MFiles\GraphSources\FastSet\fast_setdiff_sorted\Release\fast_setdiff_sorted.write.1.tlog
D:\Documents\MFiles\GraphSources\FastSet\fast_setdiff_sorted\Release\link-cvtres.read.1.tlog
D:\Documents\MFiles\GraphSources\FastSet\fast_setdiff_sorted\Release\link-cvtres.write.1.tlog
D:\Documents\MFiles\GraphSources\FastSet\fast_setdiff_sorted\Release\link-rc.read.1.tlog
D:\Documents\MFiles\GraphSources\FastSet\fast_setdiff_sorted\Release\link-rc.write.1.tlog
D:\Documents\MFiles\GraphSources\FastSet\fast_setdiff_sorted\Release\link.command.1.tlog
D:\Documents\MFiles\GraphSources\FastSet\fast_setdiff_sorted\Release\link.read.1.tlog
D:\Documents\MFiles\GraphSources\FastSet\fast_setdiff_sorted\Release\link.write.1.tlog
D:\Documents\MFiles\GraphSources\FastSet\fast_setdiff_sorted\Release\vc110.pdb
D:\Documents\MFiles\GraphSources\FastSet\Release\fast_setdiff_sorted.pdb
D:\Documents\MFiles\GraphSources\FastSet\Release\fast_setdiff_sorted.mexw32
