D:\DOCUMENTS\MFILES\GRAPHSOURCES\FASTSET\FAST_ISMEMBER_SORTED\X64\RELEASE\FAST_ISMEMBER_SORTED.OBJ
D:\DOCUMENTS\MFILES\GRAPHSOURCES\FASTSET\FAST_ISMEMBER_SORTED\X64\RELEASE\VC110.PDB
D:\Documents\MFiles\GraphSources\FastSet\x64\Release\fast_ismember_sorted.lib
D:\Documents\MFiles\GraphSources\FastSet\x64\Release\fast_ismember_sorted.exp
D:\DOCUMENTS\MFILES\GRAPHSOURCES\FASTSET\X64\RELEASE\FAST_ISMEMBER_SORTED.MEXW64
D:\DOCUMENTS\MFILES\GRAPHSOURCES\FASTSET\X64\RELEASE\FAST_ISMEMBER_SORTED.PDB
D:\Documents\MFiles\GraphSources\FastSet\fast_ismember_sorted\x64\Release\fast_ismember_sorted.obj
D:\Documents\MFiles\GraphSources\FastSet\fast_ismember_sorted\x64\Release\cl.command.1.tlog
D:\Documents\MFiles\GraphSources\FastSet\fast_ismember_sorted\x64\Release\CL.read.1.tlog
D:\Documents\MFiles\GraphSources\FastSet\fast_ismember_sorted\x64\Release\CL.write.1.tlog
D:\Documents\MFiles\GraphSources\FastSet\fast_ismember_sorted\x64\Release\fast_ismember_sorted.write.1.tlog
D:\Documents\MFiles\GraphSources\FastSet\fast_ismember_sorted\x64\Release\link-cvtres.read.1.tlog
D:\Documents\MFiles\GraphSources\FastSet\fast_ismember_sorted\x64\Release\link-cvtres.write.1.tlog
D:\Documents\MFiles\GraphSources\FastSet\fast_ismember_sorted\x64\Release\link-rc.read.1.tlog
D:\Documents\MFiles\GraphSources\FastSet\fast_ismember_sorted\x64\Release\link-rc.write.1.tlog
D:\Documents\MFiles\GraphSources\FastSet\fast_ismember_sorted\x64\Release\link.command.1.tlog
D:\Documents\MFiles\GraphSources\FastSet\fast_ismember_sorted\x64\Release\link.read.1.tlog
D:\Documents\MFiles\GraphSources\FastSet\fast_ismember_sorted\x64\Release\link.write.1.tlog
D:\Documents\MFiles\GraphSources\FastSet\fast_ismember_sorted\x64\Release\vc110.pdb
D:\Documents\MFiles\GraphSources\FastSet\x64\Release\fast_ismember_sorted.pdb
D:\Documents\MFiles\GraphSources\FastSet\x64\Release\fast_ismember_sorted.mexw64
