D:\DOCUMENTS\MFILES\GRAPHSOURCES\MEXFILES\MEXGRAPHMERGENODES\RELEASE\MLDEBUGHELPER.OBJ
D:\DOCUMENTS\MFILES\GRAPHSOURCES\MEXFILES\MEXGRAPHMERGENODES\RELEASE\MEXGRAPHMERGENODES.OBJ
D:\DOCUMENTS\MFILES\GRAPHSOURCES\MEXFILES\MEXGRAPHMERGENODES\RELEASE\EVALUATEGRAPHMERGENODES.OBJ
D:\DOCUMENTS\MFILES\GRAPHSOURCES\MEXFILES\MEXGRAPHMERGENODES\RELEASE\VC110.PDB
D:\DOCUMENTS\MFILES\GRAPHSOURCES\MEXFILES\MEXGRAPHMERGENODES\RELEASE\MEXGRAPHMERGENODES.MEXW32
D:\DOCUMENTS\MFILES\GRAPHSOURCES\MEXFILES\MEXGRAPHMERGENODES\RELEASE\MEXGRAPHMERGENODES.PDB
D:\Documents\MFiles\GraphSources\MEXFiles\mexGraphMergeNodes\Release\mexGraphMergeNodes.lib
D:\Documents\MFiles\GraphSources\MEXFiles\mexGraphMergeNodes\Release\mexGraphMergeNodes.exp
D:\Documents\MFiles\GraphSources\MEXFiles\mexGraphMergeNodes\Release\EvaluateGraphMergeNodes.obj
D:\Documents\MFiles\GraphSources\MEXFiles\mexGraphMergeNodes\Release\mexGraphMergeNodes.obj
D:\Documents\MFiles\GraphSources\MEXFiles\mexGraphMergeNodes\Release\MLDebugHelper.obj
D:\Documents\MFiles\GraphSources\MEXFiles\mexGraphMergeNodes\Release\cl.command.1.tlog
D:\Documents\MFiles\GraphSources\MEXFiles\mexGraphMergeNodes\Release\CL.read.1.tlog
D:\Documents\MFiles\GraphSources\MEXFiles\mexGraphMergeNodes\Release\CL.write.1.tlog
D:\Documents\MFiles\GraphSources\MEXFiles\mexGraphMergeNodes\Release\link-cvtres.read.1.tlog
D:\Documents\MFiles\GraphSources\MEXFiles\mexGraphMergeNodes\Release\link-cvtres.write.1.tlog
D:\Documents\MFiles\GraphSources\MEXFiles\mexGraphMergeNodes\Release\link-rc.read.1.tlog
D:\Documents\MFiles\GraphSources\MEXFiles\mexGraphMergeNodes\Release\link-rc.write.1.tlog
D:\Documents\MFiles\GraphSources\MEXFiles\mexGraphMergeNodes\Release\link.command.1.tlog
D:\Documents\MFiles\GraphSources\MEXFiles\mexGraphMergeNodes\Release\link.read.1.tlog
D:\Documents\MFiles\GraphSources\MEXFiles\mexGraphMergeNodes\Release\link.write.1.tlog
D:\Documents\MFiles\GraphSources\MEXFiles\mexGraphMergeNodes\Release\mexGraphMergeNodes.write.1.tlog
D:\Documents\MFiles\GraphSources\MEXFiles\mexGraphMergeNodes\Release\mexGraphMergeNodes.pdb
D:\Documents\MFiles\GraphSources\MEXFiles\mexGraphMergeNodes\Release\vc110.pdb
D:\Documents\MFiles\GraphSources\MEXFiles\mexGraphMergeNodes\Release\mexGraphMergeNodes.mexw32
