D:\DOCUMENTS\MFILES\GRAPHSOURCES\MEXFILES\MEXGRAPHNODEREMOVE\RELEASE\MLDEBUGHELPER.OBJ
D:\DOCUMENTS\MFILES\GRAPHSOURCES\MEXFILES\MEXGRAPHNODEREMOVE\RELEASE\MEXGRAPHNODEREMOVE.OBJ
D:\DOCUMENTS\MFILES\GRAPHSOURCES\MEXFILES\MEXGRAPHNODEREMOVE\RELEASE\EVALUATEGRAPHNODEREMOVE.OBJ
D:\DOCUMENTS\MFILES\GRAPHSOURCES\MEXFILES\MEXGRAPHNODEREMOVE\RELEASE\VC110.PDB
D:\DOCUMENTS\MFILES\GRAPHSOURCES\MEXFILES\MEXGRAPHNODEREMOVE\RELEASE\MEXGRAPHNODEREMOVE.MEXW32
D:\DOCUMENTS\MFILES\GRAPHSOURCES\MEXFILES\MEXGRAPHNODEREMOVE\RELEASE\MEXGRAPHNODEREMOVE.PDB
D:\Documents\MFiles\GraphSources\MEXFiles\mexGraphNodeRemove\Release\mexGraphNodeRemove.lib
D:\Documents\MFiles\GraphSources\MEXFiles\mexGraphNodeRemove\Release\mexGraphNodeRemove.exp
D:\Documents\MFiles\GraphSources\MEXFiles\mexGraphNodeRemove\Release\EvaluateGraphNodeRemove.obj
D:\Documents\MFiles\GraphSources\MEXFiles\mexGraphNodeRemove\Release\mexGraphNodeRemove.obj
D:\Documents\MFiles\GraphSources\MEXFiles\mexGraphNodeRemove\Release\MLDebugHelper.obj
D:\Documents\MFiles\GraphSources\MEXFiles\mexGraphNodeRemove\Release\cl.command.1.tlog
D:\Documents\MFiles\GraphSources\MEXFiles\mexGraphNodeRemove\Release\CL.read.1.tlog
D:\Documents\MFiles\GraphSources\MEXFiles\mexGraphNodeRemove\Release\CL.write.1.tlog
D:\Documents\MFiles\GraphSources\MEXFiles\mexGraphNodeRemove\Release\link-cvtres.read.1.tlog
D:\Documents\MFiles\GraphSources\MEXFiles\mexGraphNodeRemove\Release\link-cvtres.write.1.tlog
D:\Documents\MFiles\GraphSources\MEXFiles\mexGraphNodeRemove\Release\link-rc.read.1.tlog
D:\Documents\MFiles\GraphSources\MEXFiles\mexGraphNodeRemove\Release\link-rc.write.1.tlog
D:\Documents\MFiles\GraphSources\MEXFiles\mexGraphNodeRemove\Release\link.command.1.tlog
D:\Documents\MFiles\GraphSources\MEXFiles\mexGraphNodeRemove\Release\link.read.1.tlog
D:\Documents\MFiles\GraphSources\MEXFiles\mexGraphNodeRemove\Release\link.write.1.tlog
D:\Documents\MFiles\GraphSources\MEXFiles\mexGraphNodeRemove\Release\mexGraphNodeRemove.write.1.tlog
D:\Documents\MFiles\GraphSources\MEXFiles\mexGraphNodeRemove\Release\mexGraphNodeRemove.pdb
D:\Documents\MFiles\GraphSources\MEXFiles\mexGraphNodeRemove\Release\vc110.pdb
D:\Documents\MFiles\GraphSources\MEXFiles\mexGraphNodeRemove\Release\mexGraphNodeRemove.mexw32
