D:\DOCUMENTS\MFILES\GRAPHSOURCES\MEXFILES\MEXGRAPHCLUSTERINGCOEFFICIENT\X64\RELEASE\TSTATICGRAPH.OBJ
D:\DOCUMENTS\MFILES\GRAPHSOURCES\MEXFILES\MEXGRAPHCLUSTERINGCOEFFICIENT\X64\RELEASE\TBASICGRAPH.OBJ
D:\DOCUMENTS\MFILES\GRAPHSOURCES\MEXFILES\MEXGRAPHCLUSTERINGCOEFFICIENT\X64\RELEASE\MLDEBUGHELPER.OBJ
D:\DOCUMENTS\MFILES\GRAPHSOURCES\MEXFILES\MEXGRAPHCLUSTERINGCOEFFICIENT\X64\RELEASE\MEXGRAPHCLUSTERINGCOEFFICIENT.OBJ
D:\DOCUMENTS\MFILES\GRAPHSOURCES\MEXFILES\MEXGRAPHCLUSTERINGCOEFFICIENT\X64\RELEASE\GRAPHUTILITIES.OBJ
D:\DOCUMENTS\MFILES\GRAPHSOURCES\MEXFILES\MEXGRAPHCLUSTERINGCOEFFICIENT\X64\RELEASE\EVALUATEGRAPHCLUSTERINGCOEFFICIENT.OBJ
D:\DOCUMENTS\MFILES\GRAPHSOURCES\MEXFILES\MEXGRAPHCLUSTERINGCOEFFICIENT\X64\RELEASE\VC110.PDB
D:\DOCUMENTS\MFILES\GRAPHSOURCES\MEXFILES\MEXGRAPHCLUSTERINGCOEFFICIENT\X64\RELEASE\MEXGRAPHCLUSTERINGCOEFFICIENT.MEXW64
D:\DOCUMENTS\MFILES\GRAPHSOURCES\MEXFILES\MEXGRAPHCLUSTERINGCOEFFICIENT\X64\RELEASE\MEXGRAPHCLUSTERINGCOEFFICIENT.PDB
D:\Documents\MFiles\GraphSources\MEXFiles\mexGraphClusteringCoefficient\x64\Release\mexGraphClusteringCoefficient.lib
D:\Documents\MFiles\GraphSources\MEXFiles\mexGraphClusteringCoefficient\x64\Release\mexGraphClusteringCoefficient.exp
D:\Documents\MFiles\GraphSources\MEXFiles\mexGraphClusteringCoefficient\x64\Release\EvaluateGraphClusteringCoefficient.obj
D:\Documents\MFiles\GraphSources\MEXFiles\mexGraphClusteringCoefficient\x64\Release\GraphUtilities.obj
D:\Documents\MFiles\GraphSources\MEXFiles\mexGraphClusteringCoefficient\x64\Release\mexGraphClusteringCoefficient.obj
D:\Documents\MFiles\GraphSources\MEXFiles\mexGraphClusteringCoefficient\x64\Release\MLDebugHelper.obj
D:\Documents\MFiles\GraphSources\MEXFiles\mexGraphClusteringCoefficient\x64\Release\TBasicGraph.obj
D:\Documents\MFiles\GraphSources\MEXFiles\mexGraphClusteringCoefficient\x64\Release\TStaticGraph.obj
D:\Documents\MFiles\GraphSources\MEXFiles\mexGraphClusteringCoefficient\x64\Release\cl.command.1.tlog
D:\Documents\MFiles\GraphSources\MEXFiles\mexGraphClusteringCoefficient\x64\Release\CL.read.1.tlog
D:\Documents\MFiles\GraphSources\MEXFiles\mexGraphClusteringCoefficient\x64\Release\CL.write.1.tlog
D:\Documents\MFiles\GraphSources\MEXFiles\mexGraphClusteringCoefficient\x64\Release\link-cvtres.read.1.tlog
D:\Documents\MFiles\GraphSources\MEXFiles\mexGraphClusteringCoefficient\x64\Release\link-cvtres.write.1.tlog
D:\Documents\MFiles\GraphSources\MEXFiles\mexGraphClusteringCoefficient\x64\Release\link-rc.read.1.tlog
D:\Documents\MFiles\GraphSources\MEXFiles\mexGraphClusteringCoefficient\x64\Release\link-rc.write.1.tlog
D:\Documents\MFiles\GraphSources\MEXFiles\mexGraphClusteringCoefficient\x64\Release\link.command.1.tlog
D:\Documents\MFiles\GraphSources\MEXFiles\mexGraphClusteringCoefficient\x64\Release\link.read.1.tlog
D:\Documents\MFiles\GraphSources\MEXFiles\mexGraphClusteringCoefficient\x64\Release\link.write.1.tlog
D:\Documents\MFiles\GraphSources\MEXFiles\mexGraphClusteringCoefficient\x64\Release\mexGraphClusteringCoefficient.write.1.tlog
D:\Documents\MFiles\GraphSources\MEXFiles\mexGraphClusteringCoefficient\x64\Release\mexGraphClusteringCoefficient.pdb
D:\Documents\MFiles\GraphSources\MEXFiles\mexGraphClusteringCoefficient\x64\Release\vc110.pdb
D:\Documents\MFiles\GraphSources\MEXFiles\mexGraphClusteringCoefficient\x64\Release\mexGraphClusteringCoefficient.mexw64
