D:\DOCUMENTS\MFILES\GRAPHSOURCES\MEXFILES\MEXGRAPHCLUSTERSLIST\RELEASE\MEXGRAPHCLUSTERSLIST.OBJ
D:\DOCUMENTS\MFILES\GRAPHSOURCES\MEXFILES\MEXGRAPHCLUSTERSLIST\RELEASE\EVALUATEGRAPHCLUSTERSLIST.OBJ
D:\DOCUMENTS\MFILES\GRAPHSOURCES\MEXFILES\MEXGRAPHCLUSTERSLIST\RELEASE\VC110.PDB
D:\DOCUMENTS\MFILES\GRAPHSOURCES\MEXFILES\MEXGRAPHCLUSTERSLIST\RELEASE\MEXGRAPHCLUSTERSLIST.MEXW32
D:\DOCUMENTS\MFILES\GRAPHSOURCES\MEXFILES\MEXGRAPHCLUSTERSLIST\RELEASE\MEXGRAPHCLUSTERSLIST.PDB
D:\Documents\MFiles\GraphSources\MEXFiles\mexGraphClustersList\Release\mexGraphClustersList.lib
D:\Documents\MFiles\GraphSources\MEXFiles\mexGraphClustersList\Release\mexGraphClustersList.exp
D:\Documents\MFiles\GraphSources\MEXFiles\mexGraphClustersList\Release\EvaluateGraphClustersList.obj
D:\Documents\MFiles\GraphSources\MEXFiles\mexGraphClustersList\Release\mexGraphClustersList.obj
D:\Documents\MFiles\GraphSources\MEXFiles\mexGraphClustersList\Release\cl.command.1.tlog
D:\Documents\MFiles\GraphSources\MEXFiles\mexGraphClustersList\Release\CL.read.1.tlog
D:\Documents\MFiles\GraphSources\MEXFiles\mexGraphClustersList\Release\CL.write.1.tlog
D:\Documents\MFiles\GraphSources\MEXFiles\mexGraphClustersList\Release\link-cvtres.read.1.tlog
D:\Documents\MFiles\GraphSources\MEXFiles\mexGraphClustersList\Release\link-cvtres.write.1.tlog
D:\Documents\MFiles\GraphSources\MEXFiles\mexGraphClustersList\Release\link-rc.read.1.tlog
D:\Documents\MFiles\GraphSources\MEXFiles\mexGraphClustersList\Release\link-rc.write.1.tlog
D:\Documents\MFiles\GraphSources\MEXFiles\mexGraphClustersList\Release\link.command.1.tlog
D:\Documents\MFiles\GraphSources\MEXFiles\mexGraphClustersList\Release\link.read.1.tlog
D:\Documents\MFiles\GraphSources\MEXFiles\mexGraphClustersList\Release\link.write.1.tlog
D:\Documents\MFiles\GraphSources\MEXFiles\mexGraphClustersList\Release\mexGraphClustersList.write.1.tlog
D:\Documents\MFiles\GraphSources\MEXFiles\mexGraphClustersList\Release\mexGraphClustersList.pdb
D:\Documents\MFiles\GraphSources\MEXFiles\mexGraphClustersList\Release\vc110.pdb
D:\Documents\MFiles\GraphSources\MEXFiles\mexGraphClustersList\Release\mexGraphClustersList.mexw32
