D:\DOCUMENTS\MFILES\GRAPHSOURCES\MEXFILES\MEXGRAPHNODECOUNTSHORTESTPASSES\X64\RELEASE\TSTATICGRAPH.OBJ
D:\DOCUMENTS\MFILES\GRAPHSOURCES\MEXFILES\MEXGRAPHNODECOUNTSHORTESTPASSES\X64\RELEASE\TBASICGRAPH.OBJ
D:\DOCUMENTS\MFILES\GRAPHSOURCES\MEXFILES\MEXGRAPHNODECOUNTSHORTESTPASSES\X64\RELEASE\MLDEBUGHELPER.OBJ
D:\DOCUMENTS\MFILES\GRAPHSOURCES\MEXFILES\MEXGRAPHNODECOUNTSHORTESTPASSES\X64\RELEASE\MEXGRAPHNODECOUNTSHORTESTPASSES.OBJ
D:\DOCUMENTS\MFILES\GRAPHSOURCES\MEXFILES\MEXGRAPHNODECOUNTSHORTESTPASSES\X64\RELEASE\GRAPHUTILITIES.OBJ
D:\DOCUMENTS\MFILES\GRAPHSOURCES\MEXFILES\MEXGRAPHNODECOUNTSHORTESTPASSES\X64\RELEASE\EVALUATEGRAPHNODECOUNTSHORTESTPASSES.OBJ
D:\DOCUMENTS\MFILES\GRAPHSOURCES\MEXFILES\MEXGRAPHNODECOUNTSHORTESTPASSES\X64\RELEASE\VC110.PDB
D:\DOCUMENTS\MFILES\GRAPHSOURCES\MEXFILES\MEXGRAPHNODECOUNTSHORTESTPASSES\X64\RELEASE\MEXGRAPHNODECOUNTSHORTESTPASSES.MEXW64
D:\DOCUMENTS\MFILES\GRAPHSOURCES\MEXFILES\MEXGRAPHNODECOUNTSHORTESTPASSES\X64\RELEASE\MEXGRAPHNODECOUNTSHORTESTPASSES.PDB
D:\Documents\MFiles\GraphSources\MEXFiles\mexGraphNodeCountShortestPasses\x64\Release\mexGraphNodeCountShortestPasses.lib
D:\Documents\MFiles\GraphSources\MEXFiles\mexGraphNodeCountShortestPasses\x64\Release\mexGraphNodeCountShortestPasses.exp
D:\Documents\MFiles\GraphSources\MEXFiles\mexGraphNodeCountShortestPasses\x64\Release\EvaluateGraphNodeCountShortestPasses.obj
D:\Documents\MFiles\GraphSources\MEXFiles\mexGraphNodeCountShortestPasses\x64\Release\GraphUtilities.obj
D:\Documents\MFiles\GraphSources\MEXFiles\mexGraphNodeCountShortestPasses\x64\Release\mexGraphNodeCountShortestPasses.obj
D:\Documents\MFiles\GraphSources\MEXFiles\mexGraphNodeCountShortestPasses\x64\Release\MLDebugHelper.obj
D:\Documents\MFiles\GraphSources\MEXFiles\mexGraphNodeCountShortestPasses\x64\Release\TBasicGraph.obj
D:\Documents\MFiles\GraphSources\MEXFiles\mexGraphNodeCountShortestPasses\x64\Release\TStaticGraph.obj
D:\Documents\MFiles\GraphSources\MEXFiles\mexGraphNodeCountShortestPasses\x64\Release\cl.command.1.tlog
D:\Documents\MFiles\GraphSources\MEXFiles\mexGraphNodeCountShortestPasses\x64\Release\CL.read.1.tlog
D:\Documents\MFiles\GraphSources\MEXFiles\mexGraphNodeCountShortestPasses\x64\Release\CL.write.1.tlog
D:\Documents\MFiles\GraphSources\MEXFiles\mexGraphNodeCountShortestPasses\x64\Release\link-cvtres.read.1.tlog
D:\Documents\MFiles\GraphSources\MEXFiles\mexGraphNodeCountShortestPasses\x64\Release\link-cvtres.write.1.tlog
D:\Documents\MFiles\GraphSources\MEXFiles\mexGraphNodeCountShortestPasses\x64\Release\link-rc.read.1.tlog
D:\Documents\MFiles\GraphSources\MEXFiles\mexGraphNodeCountShortestPasses\x64\Release\link-rc.write.1.tlog
D:\Documents\MFiles\GraphSources\MEXFiles\mexGraphNodeCountShortestPasses\x64\Release\link.command.1.tlog
D:\Documents\MFiles\GraphSources\MEXFiles\mexGraphNodeCountShortestPasses\x64\Release\link.read.1.tlog
D:\Documents\MFiles\GraphSources\MEXFiles\mexGraphNodeCountShortestPasses\x64\Release\link.write.1.tlog
D:\Documents\MFiles\GraphSources\MEXFiles\mexGraphNodeCountShortestPasses\x64\Release\mexGraphNodeCountShortestPasses.write.1.tlog
D:\Documents\MFiles\GraphSources\MEXFiles\mexGraphNodeCountShortestPasses\x64\Release\mexGraphNodeCountShortestPasses.pdb
D:\Documents\MFiles\GraphSources\MEXFiles\mexGraphNodeCountShortestPasses\x64\Release\vc110.pdb
D:\Documents\MFiles\GraphSources\MEXFiles\mexGraphNodeCountShortestPasses\x64\Release\mexGraphNodeCountShortestPasses.mexw64
