D:\DOCUMENTS\MFILES\GRAPHSOURCES\MEXFILES\MEXGRAPHCLUSTERINGCOEFFICIENT\RELEASE\TSTATICGRAPH.OBJ
D:\DOCUMENTS\MFILES\GRAPHSOURCES\MEXFILES\MEXGRAPHCLUSTERINGCOEFFICIENT\RELEASE\TBASICGRAPH.OBJ
D:\DOCUMENTS\MFILES\GRAPHSOURCES\MEXFILES\MEXGRAPHCLUSTERINGCOEFFICIENT\RELEASE\MLDEBUGHELPER.OBJ
D:\DOCUMENTS\MFILES\GRAPHSOURCES\MEXFILES\MEXGRAPHCLUSTERINGCOEFFICIENT\RELEASE\MEXGRAPHCLUSTERINGCOEFFICIENT.OBJ
D:\DOCUMENTS\MFILES\GRAPHSOURCES\MEXFILES\MEXGRAPHCLUSTERINGCOEFFICIENT\RELEASE\GRAPHUTILITIES.OBJ
D:\DOCUMENTS\MFILES\GRAPHSOURCES\MEXFILES\MEXGRAPHCLUSTERINGCOEFFICIENT\RELEASE\EVALUATEGRAPHCLUSTERINGCOEFFICIENT.OBJ
D:\DOCUMENTS\MFILES\GRAPHSOURCES\MEXFILES\MEXGRAPHCLUSTERINGCOEFFICIENT\RELEASE\VC110.PDB
D:\DOCUMENTS\MFILES\GRAPHSOURCES\MEXFILES\MEXGRAPHCLUSTERINGCOEFFICIENT\RELEASE\MEXGRAPHCLUSTERINGCOEFFICIENT.MEXW32
D:\DOCUMENTS\MFILES\GRAPHSOURCES\MEXFILES\MEXGRAPHCLUSTERINGCOEFFICIENT\RELEASE\MEXGRAPHCLUSTERINGCOEFFICIENT.PDB
D:\Documents\MFiles\GraphSources\MEXFiles\mexGraphClusteringCoefficient\Release\mexGraphClusteringCoefficient.lib
D:\Documents\MFiles\GraphSources\MEXFiles\mexGraphClusteringCoefficient\Release\mexGraphClusteringCoefficient.exp
D:\Documents\MFiles\GraphSources\MEXFiles\mexGraphClusteringCoefficient\Release\EvaluateGraphClusteringCoefficient.obj
D:\Documents\MFiles\GraphSources\MEXFiles\mexGraphClusteringCoefficient\Release\GraphUtilities.obj
D:\Documents\MFiles\GraphSources\MEXFiles\mexGraphClusteringCoefficient\Release\mexGraphClusteringCoefficient.obj
D:\Documents\MFiles\GraphSources\MEXFiles\mexGraphClusteringCoefficient\Release\MLDebugHelper.obj
D:\Documents\MFiles\GraphSources\MEXFiles\mexGraphClusteringCoefficient\Release\TBasicGraph.obj
D:\Documents\MFiles\GraphSources\MEXFiles\mexGraphClusteringCoefficient\Release\TStaticGraph.obj
D:\Documents\MFiles\GraphSources\MEXFiles\mexGraphClusteringCoefficient\Release\cl.command.1.tlog
D:\Documents\MFiles\GraphSources\MEXFiles\mexGraphClusteringCoefficient\Release\CL.read.1.tlog
D:\Documents\MFiles\GraphSources\MEXFiles\mexGraphClusteringCoefficient\Release\CL.write.1.tlog
D:\Documents\MFiles\GraphSources\MEXFiles\mexGraphClusteringCoefficient\Release\link-cvtres.read.1.tlog
D:\Documents\MFiles\GraphSources\MEXFiles\mexGraphClusteringCoefficient\Release\link-cvtres.write.1.tlog
D:\Documents\MFiles\GraphSources\MEXFiles\mexGraphClusteringCoefficient\Release\link-rc.read.1.tlog
D:\Documents\MFiles\GraphSources\MEXFiles\mexGraphClusteringCoefficient\Release\link-rc.write.1.tlog
D:\Documents\MFiles\GraphSources\MEXFiles\mexGraphClusteringCoefficient\Release\link.command.1.tlog
D:\Documents\MFiles\GraphSources\MEXFiles\mexGraphClusteringCoefficient\Release\link.read.1.tlog
D:\Documents\MFiles\GraphSources\MEXFiles\mexGraphClusteringCoefficient\Release\link.write.1.tlog
D:\Documents\MFiles\GraphSources\MEXFiles\mexGraphClusteringCoefficient\Release\mexGraphClusteringCoefficient.write.1.tlog
D:\Documents\MFiles\GraphSources\MEXFiles\mexGraphClusteringCoefficient\Release\mexGraphClusteringCoefficient.pdb
D:\Documents\MFiles\GraphSources\MEXFiles\mexGraphClusteringCoefficient\Release\vc110.pdb
D:\Documents\MFiles\GraphSources\MEXFiles\mexGraphClusteringCoefficient\Release\mexGraphClusteringCoefficient.mexw32
