D:\DOCUMENTS\MFILES\GRAPHSOURCES\MEXFILES\MEXGRAPHALLNODENEIGHBOURS\RELEASE\MLDEBUGHELPER.OBJ
D:\DOCUMENTS\MFILES\GRAPHSOURCES\MEXFILES\MEXGRAPHALLNODENEIGHBOURS\RELEASE\MEXGRAPHALLNODENEIGHBOURS.OBJ
D:\DOCUMENTS\MFILES\GRAPHSOURCES\MEXFILES\MEXGRAPHALLNODENEIGHBOURS\RELEASE\EVALUATEGRAPHALLNODENEIGHBOURS.OBJ
D:\DOCUMENTS\MFILES\GRAPHSOURCES\MEXFILES\MEXGRAPHALLNODENEIGHBOURS\RELEASE\VC110.PDB
D:\DOCUMENTS\MFILES\GRAPHSOURCES\MEXFILES\MEXGRAPHALLNODENEIGHBOURS\RELEASE\MEXGRAPHALLNODENEIGHBOURS.MEXW32
D:\DOCUMENTS\MFILES\GRAPHSOURCES\MEXFILES\MEXGRAPHALLNODENEIGHBOURS\RELEASE\MEXGRAPHALLNODENEIGHBOURS.PDB
D:\Documents\MFiles\GraphSources\MEXFiles\mexGraphAllNodeNeighbours\Release\mexGraphAllNodeNeighbours.lib
D:\Documents\MFiles\GraphSources\MEXFiles\mexGraphAllNodeNeighbours\Release\mexGraphAllNodeNeighbours.exp
D:\Documents\MFiles\GraphSources\MEXFiles\mexGraphAllNodeNeighbours\Release\EvaluateGraphAllNodeNeighbours.obj
D:\Documents\MFiles\GraphSources\MEXFiles\mexGraphAllNodeNeighbours\Release\mexGraphAllNodeNeighbours.obj
D:\Documents\MFiles\GraphSources\MEXFiles\mexGraphAllNodeNeighbours\Release\MLDebugHelper.obj
D:\Documents\MFiles\GraphSources\MEXFiles\mexGraphAllNodeNeighbours\Release\cl.command.1.tlog
D:\Documents\MFiles\GraphSources\MEXFiles\mexGraphAllNodeNeighbours\Release\CL.read.1.tlog
D:\Documents\MFiles\GraphSources\MEXFiles\mexGraphAllNodeNeighbours\Release\CL.write.1.tlog
D:\Documents\MFiles\GraphSources\MEXFiles\mexGraphAllNodeNeighbours\Release\link-cvtres.read.1.tlog
D:\Documents\MFiles\GraphSources\MEXFiles\mexGraphAllNodeNeighbours\Release\link-cvtres.write.1.tlog
D:\Documents\MFiles\GraphSources\MEXFiles\mexGraphAllNodeNeighbours\Release\link-rc.read.1.tlog
D:\Documents\MFiles\GraphSources\MEXFiles\mexGraphAllNodeNeighbours\Release\link-rc.write.1.tlog
D:\Documents\MFiles\GraphSources\MEXFiles\mexGraphAllNodeNeighbours\Release\link.command.1.tlog
D:\Documents\MFiles\GraphSources\MEXFiles\mexGraphAllNodeNeighbours\Release\link.read.1.tlog
D:\Documents\MFiles\GraphSources\MEXFiles\mexGraphAllNodeNeighbours\Release\link.write.1.tlog
D:\Documents\MFiles\GraphSources\MEXFiles\mexGraphAllNodeNeighbours\Release\mexGraphAllNodeNeighbours.write.1.tlog
D:\Documents\MFiles\GraphSources\MEXFiles\mexGraphAllNodeNeighbours\Release\mexGraphAllNodeNeighbours.pdb
D:\Documents\MFiles\GraphSources\MEXFiles\mexGraphAllNodeNeighbours\Release\vc110.pdb
D:\Documents\MFiles\GraphSources\MEXFiles\mexGraphAllNodeNeighbours\Release\mexGraphAllNodeNeighbours.mexw32
