D:\DOCUMENTS\MFILES\GRAPHSOURCES\MEXFILES\MEXGRAPHFLOWHIERARCHY\RELEASE\MLDEBUGHELPER.OBJ
D:\DOCUMENTS\MFILES\GRAPHSOURCES\MEXFILES\MEXGRAPHFLOWHIERARCHY\RELEASE\MEXGRAPHFLOWHIERARCHY.OBJ
D:\DOCUMENTS\MFILES\GRAPHSOURCES\MEXFILES\MEXGRAPHFLOWHIERARCHY\RELEASE\EVALUATEGRAPHFLOWHIERARCHY.OBJ
D:\DOCUMENTS\MFILES\GRAPHSOURCES\MEXFILES\MEXGRAPHFLOWHIERARCHY\RELEASE\VC110.PDB
D:\DOCUMENTS\MFILES\GRAPHSOURCES\MEXFILES\MEXGRAPHFLOWHIERARCHY\RELEASE\MEXGRAPHFLOWHIERARCHY.MEXW32
D:\DOCUMENTS\MFILES\GRAPHSOURCES\MEXFILES\MEXGRAPHFLOWHIERARCHY\RELEASE\MEXGRAPHFLOWHIERARCHY.PDB
D:\Documents\MFiles\GraphSources\MEXFiles\mexGraphFlowHierarchy\Release\mexGraphFlowHierarchy.lib
D:\Documents\MFiles\GraphSources\MEXFiles\mexGraphFlowHierarchy\Release\mexGraphFlowHierarchy.exp
D:\Documents\MFiles\GraphSources\MEXFiles\mexGraphFlowHierarchy\Release\EvaluateGraphFlowHierarchy.obj
D:\Documents\MFiles\GraphSources\MEXFiles\mexGraphFlowHierarchy\Release\mexGraphFlowHierarchy.obj
D:\Documents\MFiles\GraphSources\MEXFiles\mexGraphFlowHierarchy\Release\MLDebugHelper.obj
D:\Documents\MFiles\GraphSources\MEXFiles\mexGraphFlowHierarchy\Release\cl.command.1.tlog
D:\Documents\MFiles\GraphSources\MEXFiles\mexGraphFlowHierarchy\Release\CL.read.1.tlog
D:\Documents\MFiles\GraphSources\MEXFiles\mexGraphFlowHierarchy\Release\CL.write.1.tlog
D:\Documents\MFiles\GraphSources\MEXFiles\mexGraphFlowHierarchy\Release\link-cvtres.read.1.tlog
D:\Documents\MFiles\GraphSources\MEXFiles\mexGraphFlowHierarchy\Release\link-cvtres.write.1.tlog
D:\Documents\MFiles\GraphSources\MEXFiles\mexGraphFlowHierarchy\Release\link-rc.read.1.tlog
D:\Documents\MFiles\GraphSources\MEXFiles\mexGraphFlowHierarchy\Release\link-rc.write.1.tlog
D:\Documents\MFiles\GraphSources\MEXFiles\mexGraphFlowHierarchy\Release\link.command.1.tlog
D:\Documents\MFiles\GraphSources\MEXFiles\mexGraphFlowHierarchy\Release\link.read.1.tlog
D:\Documents\MFiles\GraphSources\MEXFiles\mexGraphFlowHierarchy\Release\link.write.1.tlog
D:\Documents\MFiles\GraphSources\MEXFiles\mexGraphFlowHierarchy\Release\mexGraphFlowHierarchy.write.1.tlog
D:\Documents\MFiles\GraphSources\MEXFiles\mexGraphFlowHierarchy\Release\mexGraphFlowHierarchy.pdb
D:\Documents\MFiles\GraphSources\MEXFiles\mexGraphFlowHierarchy\Release\vc110.pdb
D:\Documents\MFiles\GraphSources\MEXFiles\mexGraphFlowHierarchy\Release\mexGraphFlowHierarchy.mexw32
