D:\DOCUMENTS\MFILES\GRAPHSOURCES\MEXFILES\MEXGRAPHNODEREMOVE\X64\RELEASE\MLDEBUGHELPER.OBJ
D:\DOCUMENTS\MFILES\GRAPHSOURCES\MEXFILES\MEXGRAPHNODEREMOVE\X64\RELEASE\MEXGRAPHNODEREMOVE.OBJ
D:\DOCUMENTS\MFILES\GRAPHSOURCES\MEXFILES\MEXGRAPHNODEREMOVE\X64\RELEASE\EVALUATEGRAPHNODEREMOVE.OBJ
D:\DOCUMENTS\MFILES\GRAPHSOURCES\MEXFILES\MEXGRAPHNODEREMOVE\X64\RELEASE\VC110.PDB
D:\DOCUMENTS\MFILES\GRAPHSOURCES\MEXFILES\MEXGRAPHNODEREMOVE\X64\RELEASE\MEXGRAPHNODEREMOVE.MEXW64
D:\DOCUMENTS\MFILES\GRAPHSOURCES\MEXFILES\MEXGRAPHNODEREMOVE\X64\RELEASE\MEXGRAPHNODEREMOVE.PDB
D:\Documents\MFiles\GraphSources\MEXFiles\mexGraphNodeRemove\x64\Release\mexGraphNodeRemove.lib
D:\Documents\MFiles\GraphSources\MEXFiles\mexGraphNodeRemove\x64\Release\mexGraphNodeRemove.exp
D:\Documents\MFiles\GraphSources\MEXFiles\mexGraphNodeRemove\x64\Release\EvaluateGraphNodeRemove.obj
D:\Documents\MFiles\GraphSources\MEXFiles\mexGraphNodeRemove\x64\Release\mexGraphNodeRemove.obj
D:\Documents\MFiles\GraphSources\MEXFiles\mexGraphNodeRemove\x64\Release\MLDebugHelper.obj
D:\Documents\MFiles\GraphSources\MEXFiles\mexGraphNodeRemove\x64\Release\cl.command.1.tlog
D:\Documents\MFiles\GraphSources\MEXFiles\mexGraphNodeRemove\x64\Release\CL.read.1.tlog
D:\Documents\MFiles\GraphSources\MEXFiles\mexGraphNodeRemove\x64\Release\CL.write.1.tlog
D:\Documents\MFiles\GraphSources\MEXFiles\mexGraphNodeRemove\x64\Release\link-cvtres.read.1.tlog
D:\Documents\MFiles\GraphSources\MEXFiles\mexGraphNodeRemove\x64\Release\link-cvtres.write.1.tlog
D:\Documents\MFiles\GraphSources\MEXFiles\mexGraphNodeRemove\x64\Release\link-rc.read.1.tlog
D:\Documents\MFiles\GraphSources\MEXFiles\mexGraphNodeRemove\x64\Release\link-rc.write.1.tlog
D:\Documents\MFiles\GraphSources\MEXFiles\mexGraphNodeRemove\x64\Release\link.command.1.tlog
D:\Documents\MFiles\GraphSources\MEXFiles\mexGraphNodeRemove\x64\Release\link.read.1.tlog
D:\Documents\MFiles\GraphSources\MEXFiles\mexGraphNodeRemove\x64\Release\link.write.1.tlog
D:\Documents\MFiles\GraphSources\MEXFiles\mexGraphNodeRemove\x64\Release\mexGraphNodeRemove.write.1.tlog
D:\Documents\MFiles\GraphSources\MEXFiles\mexGraphNodeRemove\x64\Release\mexGraphNodeRemove.pdb
D:\Documents\MFiles\GraphSources\MEXFiles\mexGraphNodeRemove\x64\Release\vc110.pdb
D:\Documents\MFiles\GraphSources\MEXFiles\mexGraphNodeRemove\x64\Release\mexGraphNodeRemove.mexw64
