D:\DOCUMENTS\MFILES\GRAPHSOURCES\MEXFILES\MEXGRAPHNEIGHBOURSDEGREE\X64\RELEASE\MEXGRAPHNEIGHBOURSDEGREE.OBJ
D:\DOCUMENTS\MFILES\GRAPHSOURCES\MEXFILES\MEXGRAPHNEIGHBOURSDEGREE\X64\RELEASE\EVALUATEGRAPHNEIGHBOURSDEGREE.OBJ
D:\DOCUMENTS\MFILES\GRAPHSOURCES\MEXFILES\MEXGRAPHNEIGHBOURSDEGREE\X64\RELEASE\VC110.PDB
D:\DOCUMENTS\MFILES\GRAPHSOURCES\MEXFILES\MEXGRAPHNEIGHBOURSDEGREE\X64\RELEASE\MEXGRAPHNEIGHBOURSDEGREE.MEXW64
D:\DOCUMENTS\MFILES\GRAPHSOURCES\MEXFILES\MEXGRAPHNEIGHBOURSDEGREE\X64\RELEASE\MEXGRAPHNEIGHBOURSDEGREE.PDB
D:\Documents\MFiles\GraphSources\MEXFiles\mexGraphNeighboursDegree\x64\Release\mexGraphNeighboursDegree.lib
D:\Documents\MFiles\GraphSources\MEXFiles\mexGraphNeighboursDegree\x64\Release\mexGraphNeighboursDegree.exp
D:\Documents\MFiles\GraphSources\MEXFiles\mexGraphNeighboursDegree\x64\Release\EvaluateGraphNeighboursDegree.obj
D:\Documents\MFiles\GraphSources\MEXFiles\mexGraphNeighboursDegree\x64\Release\mexGraphNeighboursDegree.obj
D:\Documents\MFiles\GraphSources\MEXFiles\mexGraphNeighboursDegree\x64\Release\cl.command.1.tlog
D:\Documents\MFiles\GraphSources\MEXFiles\mexGraphNeighboursDegree\x64\Release\CL.read.1.tlog
D:\Documents\MFiles\GraphSources\MEXFiles\mexGraphNeighboursDegree\x64\Release\CL.write.1.tlog
D:\Documents\MFiles\GraphSources\MEXFiles\mexGraphNeighboursDegree\x64\Release\link-cvtres.read.1.tlog
D:\Documents\MFiles\GraphSources\MEXFiles\mexGraphNeighboursDegree\x64\Release\link-cvtres.write.1.tlog
D:\Documents\MFiles\GraphSources\MEXFiles\mexGraphNeighboursDegree\x64\Release\link-rc.read.1.tlog
D:\Documents\MFiles\GraphSources\MEXFiles\mexGraphNeighboursDegree\x64\Release\link-rc.write.1.tlog
D:\Documents\MFiles\GraphSources\MEXFiles\mexGraphNeighboursDegree\x64\Release\link.command.1.tlog
D:\Documents\MFiles\GraphSources\MEXFiles\mexGraphNeighboursDegree\x64\Release\link.read.1.tlog
D:\Documents\MFiles\GraphSources\MEXFiles\mexGraphNeighboursDegree\x64\Release\link.write.1.tlog
D:\Documents\MFiles\GraphSources\MEXFiles\mexGraphNeighboursDegree\x64\Release\mexGraphNeighboursDegree.write.1.tlog
D:\Documents\MFiles\GraphSources\MEXFiles\mexGraphNeighboursDegree\x64\Release\mexGraphNeighboursDegree.pdb
D:\Documents\MFiles\GraphSources\MEXFiles\mexGraphNeighboursDegree\x64\Release\vc110.pdb
D:\Documents\MFiles\GraphSources\MEXFiles\mexGraphNeighboursDegree\x64\Release\mexGraphNeighboursDegree.mexw64
