D:\DOCUMENTS\MFILES\GRAPHSOURCES\MEXFILES\MEXGRAPHKCORE\RELEASE\TSTATICGRAPH.OBJ
D:\DOCUMENTS\MFILES\GRAPHSOURCES\MEXFILES\MEXGRAPHKCORE\RELEASE\TBASICGRAPH.OBJ
D:\DOCUMENTS\MFILES\GRAPHSOURCES\MEXFILES\MEXGRAPHKCORE\RELEASE\MLDEBUGHELPER.OBJ
D:\DOCUMENTS\MFILES\GRAPHSOURCES\MEXFILES\MEXGRAPHKCORE\RELEASE\MEXGRAPHKCORE.OBJ
D:\DOCUMENTS\MFILES\GRAPHSOURCES\MEXFILES\MEXGRAPHKCORE\RELEASE\GRAPHUTILITIES.OBJ
D:\DOCUMENTS\MFILES\GRAPHSOURCES\MEXFILES\MEXGRAPHKCORE\RELEASE\EVALUATEGRAPHKCORE.OBJ
D:\DOCUMENTS\MFILES\GRAPHSOURCES\MEXFILES\MEXGRAPHKCORE\RELEASE\VC110.PDB
D:\DOCUMENTS\MFILES\GRAPHSOURCES\MEXFILES\MEXGRAPHKCORE\RELEASE\MEXGRAPHKCORE.MEXW32
D:\DOCUMENTS\MFILES\GRAPHSOURCES\MEXFILES\MEXGRAPHKCORE\RELEASE\MEXGRAPHKCORE.PDB
D:\Documents\MFiles\GraphSources\MEXFiles\mexGraphKCore\Release\mexGraphKCore.lib
D:\Documents\MFiles\GraphSources\MEXFiles\mexGraphKCore\Release\mexGraphKCore.exp
D:\Documents\MFiles\GraphSources\MEXFiles\mexGraphKCore\Release\EvaluateGraphKCore.obj
D:\Documents\MFiles\GraphSources\MEXFiles\mexGraphKCore\Release\GraphUtilities.obj
D:\Documents\MFiles\GraphSources\MEXFiles\mexGraphKCore\Release\mexGraphKCore.obj
D:\Documents\MFiles\GraphSources\MEXFiles\mexGraphKCore\Release\MLDebugHelper.obj
D:\Documents\MFiles\GraphSources\MEXFiles\mexGraphKCore\Release\TBasicGraph.obj
D:\Documents\MFiles\GraphSources\MEXFiles\mexGraphKCore\Release\TStaticGraph.obj
D:\Documents\MFiles\GraphSources\MEXFiles\mexGraphKCore\Release\cl.command.1.tlog
D:\Documents\MFiles\GraphSources\MEXFiles\mexGraphKCore\Release\CL.read.1.tlog
D:\Documents\MFiles\GraphSources\MEXFiles\mexGraphKCore\Release\CL.write.1.tlog
D:\Documents\MFiles\GraphSources\MEXFiles\mexGraphKCore\Release\link-cvtres.read.1.tlog
D:\Documents\MFiles\GraphSources\MEXFiles\mexGraphKCore\Release\link-cvtres.write.1.tlog
D:\Documents\MFiles\GraphSources\MEXFiles\mexGraphKCore\Release\link-rc.read.1.tlog
D:\Documents\MFiles\GraphSources\MEXFiles\mexGraphKCore\Release\link-rc.write.1.tlog
D:\Documents\MFiles\GraphSources\MEXFiles\mexGraphKCore\Release\link.command.1.tlog
D:\Documents\MFiles\GraphSources\MEXFiles\mexGraphKCore\Release\link.read.1.tlog
D:\Documents\MFiles\GraphSources\MEXFiles\mexGraphKCore\Release\link.write.1.tlog
D:\Documents\MFiles\GraphSources\MEXFiles\mexGraphKCore\Release\mexGraphKCore.write.1.tlog
D:\Documents\MFiles\GraphSources\MEXFiles\mexGraphKCore\Release\mexGraphKCore.pdb
D:\Documents\MFiles\GraphSources\MEXFiles\mexGraphKCore\Release\vc110.pdb
D:\Documents\MFiles\GraphSources\MEXFiles\mexGraphKCore\Release\mexGraphKCore.mexw32
