D:\DOCUMENTS\MFILES\GRAPHSOURCES\MEXFILES\MEXNODESURROUNDINGS\RELEASE\TSTATICGRAPH.OBJ
D:\DOCUMENTS\MFILES\GRAPHSOURCES\MEXFILES\MEXNODESURROUNDINGS\RELEASE\TBASICGRAPH.OBJ
D:\DOCUMENTS\MFILES\GRAPHSOURCES\MEXFILES\MEXNODESURROUNDINGS\RELEASE\MEXNODESURROUNDINGS.OBJ
D:\DOCUMENTS\MFILES\GRAPHSOURCES\MEXFILES\MEXNODESURROUNDINGS\RELEASE\GRAPHUTILITIES.OBJ
D:\DOCUMENTS\MFILES\GRAPHSOURCES\MEXFILES\MEXNODESURROUNDINGS\RELEASE\EVALUATENODESURROUNDINGS.OBJ
D:\DOCUMENTS\MFILES\GRAPHSOURCES\MEXFILES\MEXNODESURROUNDINGS\RELEASE\VC110.PDB
D:\DOCUMENTS\MFILES\GRAPHSOURCES\MEXFILES\MEXNODESURROUNDINGS\RELEASE\MEXNODESURROUNDINGS.MEXW32
D:\DOCUMENTS\MFILES\GRAPHSOURCES\MEXFILES\MEXNODESURROUNDINGS\RELEASE\MEXNODESURROUNDINGS.PDB
D:\Documents\MFiles\GraphSources\MEXFiles\mexNodeSurroundings\Release\mexNodeSurroundings.lib
D:\Documents\MFiles\GraphSources\MEXFiles\mexNodeSurroundings\Release\mexNodeSurroundings.exp
D:\Documents\MFiles\GraphSources\MEXFiles\mexNodeSurroundings\Release\EvaluateNodeSurroundings.obj
D:\Documents\MFiles\GraphSources\MEXFiles\mexNodeSurroundings\Release\GraphUtilities.obj
D:\Documents\MFiles\GraphSources\MEXFiles\mexNodeSurroundings\Release\mexNodeSurroundings.obj
D:\Documents\MFiles\GraphSources\MEXFiles\mexNodeSurroundings\Release\TBasicGraph.obj
D:\Documents\MFiles\GraphSources\MEXFiles\mexNodeSurroundings\Release\TStaticGraph.obj
D:\Documents\MFiles\GraphSources\MEXFiles\mexNodeSurroundings\Release\cl.command.1.tlog
D:\Documents\MFiles\GraphSources\MEXFiles\mexNodeSurroundings\Release\CL.read.1.tlog
D:\Documents\MFiles\GraphSources\MEXFiles\mexNodeSurroundings\Release\CL.write.1.tlog
D:\Documents\MFiles\GraphSources\MEXFiles\mexNodeSurroundings\Release\link-cvtres.read.1.tlog
D:\Documents\MFiles\GraphSources\MEXFiles\mexNodeSurroundings\Release\link-cvtres.write.1.tlog
D:\Documents\MFiles\GraphSources\MEXFiles\mexNodeSurroundings\Release\link-rc.read.1.tlog
D:\Documents\MFiles\GraphSources\MEXFiles\mexNodeSurroundings\Release\link-rc.write.1.tlog
D:\Documents\MFiles\GraphSources\MEXFiles\mexNodeSurroundings\Release\link.command.1.tlog
D:\Documents\MFiles\GraphSources\MEXFiles\mexNodeSurroundings\Release\link.read.1.tlog
D:\Documents\MFiles\GraphSources\MEXFiles\mexNodeSurroundings\Release\link.write.1.tlog
D:\Documents\MFiles\GraphSources\MEXFiles\mexNodeSurroundings\Release\mexNodeSurroundings.write.1.tlog
D:\Documents\MFiles\GraphSources\MEXFiles\mexNodeSurroundings\Release\mexNodeSurroundings.pdb
D:\Documents\MFiles\GraphSources\MEXFiles\mexNodeSurroundings\Release\vc110.pdb
D:\Documents\MFiles\GraphSources\MEXFiles\mexNodeSurroundings\Release\mexNodeSurroundings.mexw32
