C:\Users\Lev\Projects\MFiles\Release\MEXSOURCE\mexBetweenesCentrality\x64\Release\cl.command.1.tlog
C:\Users\Lev\Projects\MFiles\Release\MEXSOURCE\mexBetweenesCentrality\x64\Release\CL.read.1.tlog
C:\Users\Lev\Projects\MFiles\Release\MEXSOURCE\mexBetweenesCentrality\x64\Release\CL.write.1.tlog
C:\USERS\LEV\PROJECTS\MFILES\RELEASE\MEXSOURCE\MEXBETWEENESCENTRALITY\X64\RELEASE\EVALUATEBETWEENESCENTRALITY.OBJ
C:\USERS\LEV\PROJECTS\MFILES\RELEASE\MEXSOURCE\MEXBETWEENESCENTRALITY\X64\RELEASE\GRAPHUTILITIES.OBJ
C:\Users\Lev\Projects\MFiles\Release\MEXSOURCE\mexBetweenesCentrality\x64\Release\link.command.1.tlog
C:\Users\Lev\Projects\MFiles\Release\MEXSOURCE\mexBetweenesCentrality\x64\Release\link.read.1.tlog
C:\Users\Lev\Projects\MFiles\Release\MEXSOURCE\mexBetweenesCentrality\x64\Release\link.write.1.tlog
C:\Users\Lev\Projects\MFiles\Release\MEXSOURCE\mexBetweenesCentrality\x64\Release\mexBetweenesCentrality.exp
C:\Users\Lev\Projects\MFiles\Release\MEXSOURCE\mexBetweenesCentrality\x64\Release\mexBetweenesCentrality.lib
C:\USERS\LEV\PROJECTS\MFILES\RELEASE\MEXSOURCE\MEXBETWEENESCENTRALITY\X64\RELEASE\MEXBETWEENESCENTRALITY.MEXW64
C:\USERS\LEV\PROJECTS\MFILES\RELEASE\MEXSOURCE\MEXBETWEENESCENTRALITY\X64\RELEASE\MEXBETWEENESCENTRALITY.MEXW64.INTERMEDIATE.MANIFEST
C:\USERS\LEV\PROJECTS\MFILES\RELEASE\MEXSOURCE\MEXBETWEENESCENTRALITY\X64\RELEASE\MEXBETWEENESCENTRALITY.OBJ
C:\USERS\LEV\PROJECTS\MFILES\RELEASE\MEXSOURCE\MEXBETWEENESCENTRALITY\X64\RELEASE\MEXBETWEENESCENTRALITY.PCH
C:\USERS\LEV\PROJECTS\MFILES\RELEASE\MEXSOURCE\MEXBETWEENESCENTRALITY\X64\RELEASE\MEXBETWEENESCENTRALITY.PDB
C:\Users\Lev\Projects\MFiles\Release\MEXSOURCE\mexBetweenesCentrality\x64\Release\mexBetweenesCentrality.write.1.tlog
C:\Users\Lev\Projects\MFiles\Release\MEXSOURCE\mexBetweenesCentrality\x64\Release\mt.command.1.tlog
C:\Users\Lev\Projects\MFiles\Release\MEXSOURCE\mexBetweenesCentrality\x64\Release\mt.read.1.tlog
C:\Users\Lev\Projects\MFiles\Release\MEXSOURCE\mexBetweenesCentrality\x64\Release\mt.write.1.tlog
C:\USERS\LEV\PROJECTS\MFILES\RELEASE\MEXSOURCE\MEXBETWEENESCENTRALITY\X64\RELEASE\STDAFX.OBJ
C:\USERS\LEV\PROJECTS\MFILES\RELEASE\MEXSOURCE\MEXBETWEENESCENTRALITY\X64\RELEASE\TBASICGRAPH.OBJ
C:\USERS\LEV\PROJECTS\MFILES\RELEASE\MEXSOURCE\MEXBETWEENESCENTRALITY\X64\RELEASE\TSTATICGRAPH.OBJ
C:\USERS\LEV\PROJECTS\MFILES\RELEASE\MEXSOURCE\MEXBETWEENESCENTRALITY\X64\RELEASE\VC100.PDB
x64\Release\mexBetweenesCentrality.pdb
