D:\DOCUMENTS\MFILES\GRAPHSOURCES\MEXFILES\MEXGRAPHBETWEENNESSCENTRALITY\X64\RELEASE\TSTATICGRAPH.OBJ
D:\DOCUMENTS\MFILES\GRAPHSOURCES\MEXFILES\MEXGRAPHBETWEENNESSCENTRALITY\X64\RELEASE\TBASICGRAPH.OBJ
D:\DOCUMENTS\MFILES\GRAPHSOURCES\MEXFILES\MEXGRAPHBETWEENNESSCENTRALITY\X64\RELEASE\MEXGRAPHBETWEENNESSCENTRALITY.OBJ
D:\DOCUMENTS\MFILES\GRAPHSOURCES\MEXFILES\MEXGRAPHBETWEENNESSCENTRALITY\X64\RELEASE\GRAPHUTILITIES.OBJ
D:\DOCUMENTS\MFILES\GRAPHSOURCES\MEXFILES\MEXGRAPHBETWEENNESSCENTRALITY\X64\RELEASE\EVALUATEGRAPHBETWEENNESSCENTRALITY.OBJ
D:\DOCUMENTS\MFILES\GRAPHSOURCES\MEXFILES\MEXGRAPHBETWEENNESSCENTRALITY\X64\RELEASE\VC110.PDB
D:\DOCUMENTS\MFILES\GRAPHSOURCES\MEXFILES\MEXGRAPHBETWEENNESSCENTRALITY\X64\RELEASE\MEXGRAPHBETWEENNESSCENTRALITY.MEXW64
D:\DOCUMENTS\MFILES\GRAPHSOURCES\MEXFILES\MEXGRAPHBETWEENNESSCENTRALITY\X64\RELEASE\MEXGRAPHBETWEENNESSCENTRALITY.PDB
D:\Documents\MFiles\GraphSources\MEXFiles\mexGraphBetweennessCentrality\x64\Release\mexBetweenesCentrality.lib
D:\Documents\MFiles\GraphSources\MEXFiles\mexGraphBetweennessCentrality\x64\Release\mexBetweenesCentrality.exp
D:\Documents\MFiles\GraphSources\MEXFiles\mexGraphBetweennessCentrality\x64\Release\EvaluateGraphBetweennessCentrality.obj
D:\Documents\MFiles\GraphSources\MEXFiles\mexGraphBetweennessCentrality\x64\Release\GraphUtilities.obj
D:\Documents\MFiles\GraphSources\MEXFiles\mexGraphBetweennessCentrality\x64\Release\mexGraphBetweennessCentrality.obj
D:\Documents\MFiles\GraphSources\MEXFiles\mexGraphBetweennessCentrality\x64\Release\TBasicGraph.obj
D:\Documents\MFiles\GraphSources\MEXFiles\mexGraphBetweennessCentrality\x64\Release\TStaticGraph.obj
D:\Documents\MFiles\GraphSources\MEXFiles\mexGraphBetweennessCentrality\x64\Release\cl.command.1.tlog
D:\Documents\MFiles\GraphSources\MEXFiles\mexGraphBetweennessCentrality\x64\Release\CL.read.1.tlog
D:\Documents\MFiles\GraphSources\MEXFiles\mexGraphBetweennessCentrality\x64\Release\CL.write.1.tlog
D:\Documents\MFiles\GraphSources\MEXFiles\mexGraphBetweennessCentrality\x64\Release\link-cvtres.read.1.tlog
D:\Documents\MFiles\GraphSources\MEXFiles\mexGraphBetweennessCentrality\x64\Release\link-cvtres.write.1.tlog
D:\Documents\MFiles\GraphSources\MEXFiles\mexGraphBetweennessCentrality\x64\Release\link-rc.read.1.tlog
D:\Documents\MFiles\GraphSources\MEXFiles\mexGraphBetweennessCentrality\x64\Release\link-rc.write.1.tlog
D:\Documents\MFiles\GraphSources\MEXFiles\mexGraphBetweennessCentrality\x64\Release\link.command.1.tlog
D:\Documents\MFiles\GraphSources\MEXFiles\mexGraphBetweennessCentrality\x64\Release\link.read.1.tlog
D:\Documents\MFiles\GraphSources\MEXFiles\mexGraphBetweennessCentrality\x64\Release\link.write.1.tlog
D:\Documents\MFiles\GraphSources\MEXFiles\mexGraphBetweennessCentrality\x64\Release\mexGraphBetweennessCentrality.write.1.tlog
D:\Documents\MFiles\GraphSources\MEXFiles\mexGraphBetweennessCentrality\x64\Release\mexGraphBetweennessCentrality.pdb
D:\Documents\MFiles\GraphSources\MEXFiles\mexGraphBetweennessCentrality\x64\Release\vc110.pdb
D:\Documents\MFiles\GraphSources\MEXFiles\mexGraphBetweennessCentrality\x64\Release\mexGraphBetweennessCentrality.mexw64
