D:\DOCUMENTS\MFILES\GRAPHSOURCES\MEXFILES\MEXGRAPHCOUNTCIRCLES\RELEASE\TSTATICGRAPH.OBJ
D:\DOCUMENTS\MFILES\GRAPHSOURCES\MEXFILES\MEXGRAPHCOUNTCIRCLES\RELEASE\TBASICGRAPH.OBJ
D:\DOCUMENTS\MFILES\GRAPHSOURCES\MEXFILES\MEXGRAPHCOUNTCIRCLES\RELEASE\MLDEBUGHELPER.OBJ
D:\DOCUMENTS\MFILES\GRAPHSOURCES\MEXFILES\MEXGRAPHCOUNTCIRCLES\RELEASE\MEXGRAPHCOUNTCIRCLES.OBJ
D:\DOCUMENTS\MFILES\GRAPHSOURCES\MEXFILES\MEXGRAPHCOUNTCIRCLES\RELEASE\GRAPHUTILITIES.OBJ
D:\DOCUMENTS\MFILES\GRAPHSOURCES\MEXFILES\MEXGRAPHCOUNTCIRCLES\RELEASE\EVALUATEGRAPHCOUNTCIRCLES.OBJ
D:\DOCUMENTS\MFILES\GRAPHSOURCES\MEXFILES\MEXGRAPHCOUNTCIRCLES\RELEASE\VC110.PDB
D:\DOCUMENTS\MFILES\GRAPHSOURCES\MEXFILES\MEXGRAPHCOUNTCIRCLES\RELEASE\MEXGRAPHCOUNTCIRCLES.MEXW32
D:\DOCUMENTS\MFILES\GRAPHSOURCES\MEXFILES\MEXGRAPHCOUNTCIRCLES\RELEASE\MEXGRAPHCOUNTCIRCLES.PDB
D:\Documents\MFiles\GraphSources\MEXFiles\mexGraphCountCircles\Release\mexGraphCountCircles.lib
D:\Documents\MFiles\GraphSources\MEXFiles\mexGraphCountCircles\Release\mexGraphCountCircles.exp
D:\Documents\MFiles\GraphSources\MEXFiles\mexGraphCountCircles\Release\EvaluateGraphCountCircles.obj
D:\Documents\MFiles\GraphSources\MEXFiles\mexGraphCountCircles\Release\GraphUtilities.obj
D:\Documents\MFiles\GraphSources\MEXFiles\mexGraphCountCircles\Release\mexGraphCountCircles.obj
D:\Documents\MFiles\GraphSources\MEXFiles\mexGraphCountCircles\Release\MLDebugHelper.obj
D:\Documents\MFiles\GraphSources\MEXFiles\mexGraphCountCircles\Release\TBasicGraph.obj
D:\Documents\MFiles\GraphSources\MEXFiles\mexGraphCountCircles\Release\TStaticGraph.obj
D:\Documents\MFiles\GraphSources\MEXFiles\mexGraphCountCircles\Release\cl.command.1.tlog
D:\Documents\MFiles\GraphSources\MEXFiles\mexGraphCountCircles\Release\CL.read.1.tlog
D:\Documents\MFiles\GraphSources\MEXFiles\mexGraphCountCircles\Release\CL.write.1.tlog
D:\Documents\MFiles\GraphSources\MEXFiles\mexGraphCountCircles\Release\link-cvtres.read.1.tlog
D:\Documents\MFiles\GraphSources\MEXFiles\mexGraphCountCircles\Release\link-cvtres.write.1.tlog
D:\Documents\MFiles\GraphSources\MEXFiles\mexGraphCountCircles\Release\link-rc.read.1.tlog
D:\Documents\MFiles\GraphSources\MEXFiles\mexGraphCountCircles\Release\link-rc.write.1.tlog
D:\Documents\MFiles\GraphSources\MEXFiles\mexGraphCountCircles\Release\link.command.1.tlog
D:\Documents\MFiles\GraphSources\MEXFiles\mexGraphCountCircles\Release\link.read.1.tlog
D:\Documents\MFiles\GraphSources\MEXFiles\mexGraphCountCircles\Release\link.write.1.tlog
D:\Documents\MFiles\GraphSources\MEXFiles\mexGraphCountCircles\Release\mexGraphCountCircles.write.1.tlog
D:\Documents\MFiles\GraphSources\MEXFiles\mexGraphCountCircles\Release\mexGraphCountCircles.pdb
D:\Documents\MFiles\GraphSources\MEXFiles\mexGraphCountCircles\Release\vc110.pdb
D:\Documents\MFiles\GraphSources\MEXFiles\mexGraphCountCircles\Release\mexGraphCountCircles.mexw32
