D:\DOCUMENTS\MFILES\GRAPHSOURCES\FASTSET\FAST_UNIQUE\DEBUG\FAST_UNIQUE.OBJ
D:\DOCUMENTS\MFILES\GRAPHSOURCES\FASTSET\FAST_UNIQUE\DEBUG\VC110.PDB
D:\Documents\MFiles\GraphSources\FastSet\Debug\fast_unique.lib
D:\Documents\MFiles\GraphSources\FastSet\Debug\fast_unique.exp
D:\DOCUMENTS\MFILES\GRAPHSOURCES\FASTSET\DEBUG\FAST_UNIQUE.ILK
D:\DOCUMENTS\MFILES\GRAPHSOURCES\FASTSET\DEBUG\FAST_UNIQUE.MEXW32
D:\DOCUMENTS\MFILES\GRAPHSOURCES\FASTSET\DEBUG\FAST_UNIQUE.PDB
d:\Documents\MFiles\GraphSources\FastSet\fast_unique\Debug\fast_unique.obj
d:\Documents\MFiles\GraphSources\FastSet\fast_unique\Debug\cl.command.1.tlog
d:\Documents\MFiles\GraphSources\FastSet\fast_unique\Debug\CL.read.1.tlog
d:\Documents\MFiles\GraphSources\FastSet\fast_unique\Debug\CL.write.1.tlog
d:\Documents\MFiles\GraphSources\FastSet\fast_unique\Debug\fast_unique.write.1.tlog
d:\Documents\MFiles\GraphSources\FastSet\fast_unique\Debug\link-cvtres.read.1.tlog
d:\Documents\MFiles\GraphSources\FastSet\fast_unique\Debug\link-cvtres.write.1.tlog
d:\Documents\MFiles\GraphSources\FastSet\fast_unique\Debug\link-rc.read.1.tlog
d:\Documents\MFiles\GraphSources\FastSet\fast_unique\Debug\link-rc.write.1.tlog
d:\Documents\MFiles\GraphSources\FastSet\fast_unique\Debug\link.command.1.tlog
d:\Documents\MFiles\GraphSources\FastSet\fast_unique\Debug\link.read.1.tlog
d:\Documents\MFiles\GraphSources\FastSet\fast_unique\Debug\link.write.1.tlog
d:\Documents\MFiles\GraphSources\FastSet\fast_unique\Debug\vc110.idb
d:\Documents\MFiles\GraphSources\FastSet\fast_unique\Debug\vc110.pdb
D:\Documents\MFiles\GraphSources\FastSet\Debug\fast_unique.pdb
D:\Documents\MFiles\GraphSources\FastSet\Debug\fast_unique.mexw32
D:\Documents\MFiles\GraphSources\FastSet\Debug\fast_unique.ilk
