D:\DOCUMENTS\MFILES\GRAPHSOURCES\MEXFILES\MEXGRAPHLINKDIRECTIONALITY\RELEASE\TSTATICGRAPH.OBJ
D:\DOCUMENTS\MFILES\GRAPHSOURCES\MEXFILES\MEXGRAPHLINKDIRECTIONALITY\RELEASE\TBASICGRAPH.OBJ
D:\DOCUMENTS\MFILES\GRAPHSOURCES\MEXFILES\MEXGRAPHLINKDIRECTIONALITY\RELEASE\MLDEBUGHELPER.OBJ
D:\DOCUMENTS\MFILES\GRAPHSOURCES\MEXFILES\MEXGRAPHLINKDIRECTIONALITY\RELEASE\MEXGRAPHLINKDIRECTIONALITY.OBJ
D:\DOCUMENTS\MFILES\GRAPHSOURCES\MEXFILES\MEXGRAPHLINKDIRECTIONALITY\RELEASE\GRAPHUTILITIES.OBJ
D:\DOCUMENTS\MFILES\GRAPHSOURCES\MEXFILES\MEXGRAPHLINKDIRECTIONALITY\RELEASE\EVALUATEGRAPHLINKDIRECTIONALITY.OBJ
D:\DOCUMENTS\MFILES\GRAPHSOURCES\MEXFILES\MEXGRAPHLINKDIRECTIONALITY\RELEASE\VC110.PDB
D:\DOCUMENTS\MFILES\GRAPHSOURCES\MEXFILES\MEXGRAPHLINKDIRECTIONALITY\RELEASE\MEXGRAPHLINKDIRECTIONALITY.MEXW32
D:\DOCUMENTS\MFILES\GRAPHSOURCES\MEXFILES\MEXGRAPHLINKDIRECTIONALITY\RELEASE\MEXGRAPHLINKDIRECTIONALITY.PDB
D:\Documents\MFiles\GraphSources\MEXFiles\mexGraphLinkDirectionality\Release\mexGraphLinkDirectionality.lib
D:\Documents\MFiles\GraphSources\MEXFiles\mexGraphLinkDirectionality\Release\mexGraphLinkDirectionality.exp
D:\Documents\MFiles\GraphSources\MEXFiles\mexGraphLinkDirectionality\Release\EvaluateGraphLinkDirectionality.obj
D:\Documents\MFiles\GraphSources\MEXFiles\mexGraphLinkDirectionality\Release\GraphUtilities.obj
D:\Documents\MFiles\GraphSources\MEXFiles\mexGraphLinkDirectionality\Release\mexGraphLinkDirectionality.obj
D:\Documents\MFiles\GraphSources\MEXFiles\mexGraphLinkDirectionality\Release\MLDebugHelper.obj
D:\Documents\MFiles\GraphSources\MEXFiles\mexGraphLinkDirectionality\Release\TBasicGraph.obj
D:\Documents\MFiles\GraphSources\MEXFiles\mexGraphLinkDirectionality\Release\TStaticGraph.obj
D:\Documents\MFiles\GraphSources\MEXFiles\mexGraphLinkDirectionality\Release\cl.command.1.tlog
D:\Documents\MFiles\GraphSources\MEXFiles\mexGraphLinkDirectionality\Release\CL.read.1.tlog
D:\Documents\MFiles\GraphSources\MEXFiles\mexGraphLinkDirectionality\Release\CL.write.1.tlog
D:\Documents\MFiles\GraphSources\MEXFiles\mexGraphLinkDirectionality\Release\link-cvtres.read.1.tlog
D:\Documents\MFiles\GraphSources\MEXFiles\mexGraphLinkDirectionality\Release\link-cvtres.write.1.tlog
D:\Documents\MFiles\GraphSources\MEXFiles\mexGraphLinkDirectionality\Release\link-rc.read.1.tlog
D:\Documents\MFiles\GraphSources\MEXFiles\mexGraphLinkDirectionality\Release\link-rc.write.1.tlog
D:\Documents\MFiles\GraphSources\MEXFiles\mexGraphLinkDirectionality\Release\link.command.1.tlog
D:\Documents\MFiles\GraphSources\MEXFiles\mexGraphLinkDirectionality\Release\link.read.1.tlog
D:\Documents\MFiles\GraphSources\MEXFiles\mexGraphLinkDirectionality\Release\link.write.1.tlog
D:\Documents\MFiles\GraphSources\MEXFiles\mexGraphLinkDirectionality\Release\mexGraphLinkDirectionality.write.1.tlog
D:\Documents\MFiles\GraphSources\MEXFiles\mexGraphLinkDirectionality\Release\mexGraphLinkDirectionality.pdb
D:\Documents\MFiles\GraphSources\MEXFiles\mexGraphLinkDirectionality\Release\vc110.pdb
D:\Documents\MFiles\GraphSources\MEXFiles\mexGraphLinkDirectionality\Release\mexGraphLinkDirectionality.mexw32
