D:\DOCUMENTS\MFILES\GRAPHSOURCES\MEXFILES\MEXGRAPHKCORE\X64\RELEASE\TSTATICGRAPH.OBJ
D:\DOCUMENTS\MFILES\GRAPHSOURCES\MEXFILES\MEXGRAPHKCORE\X64\RELEASE\TBASICGRAPH.OBJ
D:\DOCUMENTS\MFILES\GRAPHSOURCES\MEXFILES\MEXGRAPHKCORE\X64\RELEASE\MLDEBUGHELPER.OBJ
D:\DOCUMENTS\MFILES\GRAPHSOURCES\MEXFILES\MEXGRAPHKCORE\X64\RELEASE\MEXGRAPHKCORE.OBJ
D:\DOCUMENTS\MFILES\GRAPHSOURCES\MEXFILES\MEXGRAPHKCORE\X64\RELEASE\GRAPHUTILITIES.OBJ
D:\DOCUMENTS\MFILES\GRAPHSOURCES\MEXFILES\MEXGRAPHKCORE\X64\RELEASE\EVALUATEGRAPHKCORE.OBJ
D:\DOCUMENTS\MFILES\GRAPHSOURCES\MEXFILES\MEXGRAPHKCORE\X64\RELEASE\VC110.PDB
D:\DOCUMENTS\MFILES\GRAPHSOURCES\MEXFILES\MEXGRAPHKCORE\X64\RELEASE\MEXGRAPHKCORE.MEXW64
D:\DOCUMENTS\MFILES\GRAPHSOURCES\MEXFILES\MEXGRAPHKCORE\X64\RELEASE\MEXGRAPHKCORE.PDB
D:\Documents\MFiles\GraphSources\MEXFiles\mexGraphKCore\x64\Release\mexGraphKCore.lib
D:\Documents\MFiles\GraphSources\MEXFiles\mexGraphKCore\x64\Release\mexGraphKCore.exp
D:\Documents\MFiles\GraphSources\MEXFiles\mexGraphKCore\x64\Release\EvaluateGraphKCore.obj
D:\Documents\MFiles\GraphSources\MEXFiles\mexGraphKCore\x64\Release\GraphUtilities.obj
D:\Documents\MFiles\GraphSources\MEXFiles\mexGraphKCore\x64\Release\mexGraphKCore.obj
D:\Documents\MFiles\GraphSources\MEXFiles\mexGraphKCore\x64\Release\MLDebugHelper.obj
D:\Documents\MFiles\GraphSources\MEXFiles\mexGraphKCore\x64\Release\TBasicGraph.obj
D:\Documents\MFiles\GraphSources\MEXFiles\mexGraphKCore\x64\Release\TStaticGraph.obj
D:\Documents\MFiles\GraphSources\MEXFiles\mexGraphKCore\x64\Release\cl.command.1.tlog
D:\Documents\MFiles\GraphSources\MEXFiles\mexGraphKCore\x64\Release\CL.read.1.tlog
D:\Documents\MFiles\GraphSources\MEXFiles\mexGraphKCore\x64\Release\CL.write.1.tlog
D:\Documents\MFiles\GraphSources\MEXFiles\mexGraphKCore\x64\Release\link-cvtres.read.1.tlog
D:\Documents\MFiles\GraphSources\MEXFiles\mexGraphKCore\x64\Release\link-cvtres.write.1.tlog
D:\Documents\MFiles\GraphSources\MEXFiles\mexGraphKCore\x64\Release\link-rc.read.1.tlog
D:\Documents\MFiles\GraphSources\MEXFiles\mexGraphKCore\x64\Release\link-rc.write.1.tlog
D:\Documents\MFiles\GraphSources\MEXFiles\mexGraphKCore\x64\Release\link.command.1.tlog
D:\Documents\MFiles\GraphSources\MEXFiles\mexGraphKCore\x64\Release\link.read.1.tlog
D:\Documents\MFiles\GraphSources\MEXFiles\mexGraphKCore\x64\Release\link.write.1.tlog
D:\Documents\MFiles\GraphSources\MEXFiles\mexGraphKCore\x64\Release\mexGraphKCore.write.1.tlog
D:\Documents\MFiles\GraphSources\MEXFiles\mexGraphKCore\x64\Release\mexGraphKCore.pdb
D:\Documents\MFiles\GraphSources\MEXFiles\mexGraphKCore\x64\Release\vc110.pdb
D:\Documents\MFiles\GraphSources\MEXFiles\mexGraphKCore\x64\Release\mexGraphKCore.mexw64
