D:\DOCUMENTS\MFILES\GRAPHSOURCES\MEXFILES\MEXGRAPHBOXCOUNTING\RELEASE\TSTATICGRAPH.OBJ
D:\DOCUMENTS\MFILES\GRAPHSOURCES\MEXFILES\MEXGRAPHBOXCOUNTING\RELEASE\TBASICGRAPH.OBJ
D:\DOCUMENTS\MFILES\GRAPHSOURCES\MEXFILES\MEXGRAPHBOXCOUNTING\RELEASE\MLDEBUGHELPER.OBJ
D:\DOCUMENTS\MFILES\GRAPHSOURCES\MEXFILES\MEXGRAPHBOXCOUNTING\RELEASE\MEXGRAPHBOXCOUNTING.OBJ
D:\DOCUMENTS\MFILES\GRAPHSOURCES\MEXFILES\MEXGRAPHBOXCOUNTING\RELEASE\GRAPHUTILITIES.OBJ
D:\DOCUMENTS\MFILES\GRAPHSOURCES\MEXFILES\MEXGRAPHBOXCOUNTING\RELEASE\EVALUATEGRAPHBOXCOUNTING.OBJ
D:\DOCUMENTS\MFILES\GRAPHSOURCES\MEXFILES\MEXGRAPHBOXCOUNTING\RELEASE\VC110.PDB
D:\DOCUMENTS\MFILES\GRAPHSOURCES\MEXFILES\MEXGRAPHBOXCOUNTING\RELEASE\MEXGRAPHBOXCOUNTING.MEXW32
D:\DOCUMENTS\MFILES\GRAPHSOURCES\MEXFILES\MEXGRAPHBOXCOUNTING\RELEASE\MEXGRAPHBOXCOUNTING.PDB
D:\Documents\MFiles\GraphSources\MEXFiles\mexGraphBoxCounting\Release\mexGraphBoxCounting.lib
D:\Documents\MFiles\GraphSources\MEXFiles\mexGraphBoxCounting\Release\mexGraphBoxCounting.exp
D:\Documents\MFiles\GraphSources\MEXFiles\mexGraphBoxCounting\Release\EvaluateGraphBoxCounting.obj
D:\Documents\MFiles\GraphSources\MEXFiles\mexGraphBoxCounting\Release\GraphUtilities.obj
D:\Documents\MFiles\GraphSources\MEXFiles\mexGraphBoxCounting\Release\mexGraphBoxCounting.obj
D:\Documents\MFiles\GraphSources\MEXFiles\mexGraphBoxCounting\Release\MLDebugHelper.obj
D:\Documents\MFiles\GraphSources\MEXFiles\mexGraphBoxCounting\Release\TBasicGraph.obj
D:\Documents\MFiles\GraphSources\MEXFiles\mexGraphBoxCounting\Release\TStaticGraph.obj
D:\Documents\MFiles\GraphSources\MEXFiles\mexGraphBoxCounting\Release\cl.command.1.tlog
D:\Documents\MFiles\GraphSources\MEXFiles\mexGraphBoxCounting\Release\CL.read.1.tlog
D:\Documents\MFiles\GraphSources\MEXFiles\mexGraphBoxCounting\Release\CL.write.1.tlog
D:\Documents\MFiles\GraphSources\MEXFiles\mexGraphBoxCounting\Release\link-cvtres.read.1.tlog
D:\Documents\MFiles\GraphSources\MEXFiles\mexGraphBoxCounting\Release\link-cvtres.write.1.tlog
D:\Documents\MFiles\GraphSources\MEXFiles\mexGraphBoxCounting\Release\link-rc.read.1.tlog
D:\Documents\MFiles\GraphSources\MEXFiles\mexGraphBoxCounting\Release\link-rc.write.1.tlog
D:\Documents\MFiles\GraphSources\MEXFiles\mexGraphBoxCounting\Release\link.command.1.tlog
D:\Documents\MFiles\GraphSources\MEXFiles\mexGraphBoxCounting\Release\link.read.1.tlog
D:\Documents\MFiles\GraphSources\MEXFiles\mexGraphBoxCounting\Release\link.write.1.tlog
D:\Documents\MFiles\GraphSources\MEXFiles\mexGraphBoxCounting\Release\mexGraphBoxCounting.write.1.tlog
D:\Documents\MFiles\GraphSources\MEXFiles\mexGraphBoxCounting\Release\mexGraphBoxCounting.pdb
D:\Documents\MFiles\GraphSources\MEXFiles\mexGraphBoxCounting\Release\vc110.pdb
D:\Documents\MFiles\GraphSources\MEXFiles\mexGraphBoxCounting\Release\mexGraphBoxCounting.mexw32
