D:\DOCUMENTS\MFILES\GRAPHSOURCES\MEXFILES\MEXCIRCLESOFDEGREE\X64\RELEASE\TSTATICGRAPH.OBJ
D:\DOCUMENTS\MFILES\GRAPHSOURCES\MEXFILES\MEXCIRCLESOFDEGREE\X64\RELEASE\TBASICGRAPH.OBJ
D:\DOCUMENTS\MFILES\GRAPHSOURCES\MEXFILES\MEXCIRCLESOFDEGREE\X64\RELEASE\MLDEBUGHELPER.OBJ
D:\DOCUMENTS\MFILES\GRAPHSOURCES\MEXFILES\MEXCIRCLESOFDEGREE\X64\RELEASE\MEXCIRCLESOFDEGREE.OBJ
D:\DOCUMENTS\MFILES\GRAPHSOURCES\MEXFILES\MEXCIRCLESOFDEGREE\X64\RELEASE\GRAPHUTILITIES.OBJ
D:\DOCUMENTS\MFILES\GRAPHSOURCES\MEXFILES\MEXCIRCLESOFDEGREE\X64\RELEASE\EVALUATECIRCLESOFDEGREE.OBJ
D:\DOCUMENTS\MFILES\GRAPHSOURCES\MEXFILES\MEXCIRCLESOFDEGREE\X64\RELEASE\VC110.PDB
D:\DOCUMENTS\MFILES\GRAPHSOURCES\MEXFILES\MEXCIRCLESOFDEGREE\X64\RELEASE\MEXCIRCLESOFDEGREE.MEXW64
D:\DOCUMENTS\MFILES\GRAPHSOURCES\MEXFILES\MEXCIRCLESOFDEGREE\X64\RELEASE\MEXCIRCLESOFDEGREE.PDB
D:\Documents\MFiles\GraphSources\MEXFiles\mexCirclesOfDegree\x64\Release\mexCirclesOfDegree.lib
D:\Documents\MFiles\GraphSources\MEXFiles\mexCirclesOfDegree\x64\Release\mexCirclesOfDegree.exp
D:\Documents\MFiles\GraphSources\MEXFiles\mexCirclesOfDegree\x64\Release\EvaluateCirclesOfDegree.obj
D:\Documents\MFiles\GraphSources\MEXFiles\mexCirclesOfDegree\x64\Release\GraphUtilities.obj
D:\Documents\MFiles\GraphSources\MEXFiles\mexCirclesOfDegree\x64\Release\mexCirclesOfDegree.obj
D:\Documents\MFiles\GraphSources\MEXFiles\mexCirclesOfDegree\x64\Release\MLDebugHelper.obj
D:\Documents\MFiles\GraphSources\MEXFiles\mexCirclesOfDegree\x64\Release\TBasicGraph.obj
D:\Documents\MFiles\GraphSources\MEXFiles\mexCirclesOfDegree\x64\Release\TStaticGraph.obj
D:\Documents\MFiles\GraphSources\MEXFiles\mexCirclesOfDegree\x64\Release\cl.command.1.tlog
D:\Documents\MFiles\GraphSources\MEXFiles\mexCirclesOfDegree\x64\Release\CL.read.1.tlog
D:\Documents\MFiles\GraphSources\MEXFiles\mexCirclesOfDegree\x64\Release\CL.write.1.tlog
D:\Documents\MFiles\GraphSources\MEXFiles\mexCirclesOfDegree\x64\Release\link-cvtres.read.1.tlog
D:\Documents\MFiles\GraphSources\MEXFiles\mexCirclesOfDegree\x64\Release\link-cvtres.write.1.tlog
D:\Documents\MFiles\GraphSources\MEXFiles\mexCirclesOfDegree\x64\Release\link-rc.read.1.tlog
D:\Documents\MFiles\GraphSources\MEXFiles\mexCirclesOfDegree\x64\Release\link-rc.write.1.tlog
D:\Documents\MFiles\GraphSources\MEXFiles\mexCirclesOfDegree\x64\Release\link.command.1.tlog
D:\Documents\MFiles\GraphSources\MEXFiles\mexCirclesOfDegree\x64\Release\link.read.1.tlog
D:\Documents\MFiles\GraphSources\MEXFiles\mexCirclesOfDegree\x64\Release\link.write.1.tlog
D:\Documents\MFiles\GraphSources\MEXFiles\mexCirclesOfDegree\x64\Release\mexCirclesOfDegree.write.1.tlog
D:\Documents\MFiles\GraphSources\MEXFiles\mexCirclesOfDegree\x64\Release\mexCirclesOfDegree.pdb
D:\Documents\MFiles\GraphSources\MEXFiles\mexCirclesOfDegree\x64\Release\vc110.pdb
D:\Documents\MFiles\GraphSources\MEXFiles\mexCirclesOfDegree\x64\Release\mexCirclesOfDegree.mexw64
