D:\DOCUMENTS\MFILES\GRAPHSOURCES\MEXFILES\MEXGRAPHCREATERANDOMGRAPH\X64\RELEASE\MLDEBUGHELPER.OBJ
D:\DOCUMENTS\MFILES\GRAPHSOURCES\MEXFILES\MEXGRAPHCREATERANDOMGRAPH\X64\RELEASE\MEXGRAPHCREATERANDOMGRAPH.OBJ
D:\DOCUMENTS\MFILES\GRAPHSOURCES\MEXFILES\MEXGRAPHCREATERANDOMGRAPH\X64\RELEASE\EVALUATEGRAPHCREATERANDOMGRAPH.OBJ
D:\DOCUMENTS\MFILES\GRAPHSOURCES\MEXFILES\MEXGRAPHCREATERANDOMGRAPH\X64\RELEASE\VC110.PDB
D:\DOCUMENTS\MFILES\GRAPHSOURCES\MEXFILES\MEXGRAPHCREATERANDOMGRAPH\X64\RELEASE\MEXGRAPHCREATERANDOMGRAPH.MEXW64
D:\DOCUMENTS\MFILES\GRAPHSOURCES\MEXFILES\MEXGRAPHCREATERANDOMGRAPH\X64\RELEASE\MEXGRAPHCREATERANDOMGRAPH.PDB
D:\Documents\MFiles\GraphSources\MEXFiles\mexGraphCreateRandomGraph\x64\Release\mexGraphCreateRandomGraph.lib
D:\Documents\MFiles\GraphSources\MEXFiles\mexGraphCreateRandomGraph\x64\Release\mexGraphCreateRandomGraph.exp
D:\Documents\MFiles\GraphSources\MEXFiles\mexGraphCreateRandomGraph\x64\Release\EvaluateGraphCreateRandomGraph.obj
D:\Documents\MFiles\GraphSources\MEXFiles\mexGraphCreateRandomGraph\x64\Release\mexGraphCreateRandomGraph.obj
D:\Documents\MFiles\GraphSources\MEXFiles\mexGraphCreateRandomGraph\x64\Release\MLDebugHelper.obj
D:\Documents\MFiles\GraphSources\MEXFiles\mexGraphCreateRandomGraph\x64\Release\cl.command.1.tlog
D:\Documents\MFiles\GraphSources\MEXFiles\mexGraphCreateRandomGraph\x64\Release\CL.read.1.tlog
D:\Documents\MFiles\GraphSources\MEXFiles\mexGraphCreateRandomGraph\x64\Release\CL.write.1.tlog
D:\Documents\MFiles\GraphSources\MEXFiles\mexGraphCreateRandomGraph\x64\Release\link-cvtres.read.1.tlog
D:\Documents\MFiles\GraphSources\MEXFiles\mexGraphCreateRandomGraph\x64\Release\link-cvtres.write.1.tlog
D:\Documents\MFiles\GraphSources\MEXFiles\mexGraphCreateRandomGraph\x64\Release\link-rc.read.1.tlog
D:\Documents\MFiles\GraphSources\MEXFiles\mexGraphCreateRandomGraph\x64\Release\link-rc.write.1.tlog
D:\Documents\MFiles\GraphSources\MEXFiles\mexGraphCreateRandomGraph\x64\Release\link.command.1.tlog
D:\Documents\MFiles\GraphSources\MEXFiles\mexGraphCreateRandomGraph\x64\Release\link.read.1.tlog
D:\Documents\MFiles\GraphSources\MEXFiles\mexGraphCreateRandomGraph\x64\Release\link.write.1.tlog
D:\Documents\MFiles\GraphSources\MEXFiles\mexGraphCreateRandomGraph\x64\Release\mexGraphCreateRandomGraph.write.1.tlog
D:\Documents\MFiles\GraphSources\MEXFiles\mexGraphCreateRandomGraph\x64\Release\mexGraphCreateRandomGraph.pdb
D:\Documents\MFiles\GraphSources\MEXFiles\mexGraphCreateRandomGraph\x64\Release\vc110.pdb
D:\Documents\MFiles\GraphSources\MEXFiles\mexGraphCreateRandomGraph\x64\Release\mexGraphCreateRandomGraph.mexw64
