C:\Users\Lev\Projects\MFiles\Release\MEXSOURCE\mexBetweenesCentrality\x64\Debug\cl.command.1.tlog
C:\Users\Lev\Projects\MFiles\Release\MEXSOURCE\mexBetweenesCentrality\x64\Debug\CL.read.1.tlog
C:\Users\Lev\Projects\MFiles\Release\MEXSOURCE\mexBetweenesCentrality\x64\Debug\CL.write.1.tlog
C:\USERS\LEV\PROJECTS\MFILES\RELEASE\MEXSOURCE\MEXBETWEENESCENTRALITY\X64\DEBUG\EVALUATEBETWEENESCENTRALITY.OBJ
C:\USERS\LEV\PROJECTS\MFILES\RELEASE\MEXSOURCE\MEXBETWEENESCENTRALITY\X64\DEBUG\GRAPHUTILITIES.OBJ
C:\Users\Lev\Projects\MFiles\Release\MEXSOURCE\mexBetweenesCentrality\x64\Debug\link.132136.read.1.tlog
C:\Users\Lev\Projects\MFiles\Release\MEXSOURCE\mexBetweenesCentrality\x64\Debug\link.132136.write.1.tlog
C:\Users\Lev\Projects\MFiles\Release\MEXSOURCE\mexBetweenesCentrality\x64\Debug\link.132136-cvtres.read.1.tlog
C:\Users\Lev\Projects\MFiles\Release\MEXSOURCE\mexBetweenesCentrality\x64\Debug\link.132136-cvtres.write.1.tlog
C:\Users\Lev\Projects\MFiles\Release\MEXSOURCE\mexBetweenesCentrality\x64\Debug\link.command.1.tlog
C:\Users\Lev\Projects\MFiles\Release\MEXSOURCE\mexBetweenesCentrality\x64\Debug\link.read.1.tlog
C:\Users\Lev\Projects\MFiles\Release\MEXSOURCE\mexBetweenesCentrality\x64\Debug\link.write.1.tlog
C:\Users\Lev\Projects\MFiles\Release\MEXSOURCE\mexBetweenesCentrality\x64\Debug\link-cvtres.read.1.tlog
C:\Users\Lev\Projects\MFiles\Release\MEXSOURCE\mexBetweenesCentrality\x64\Debug\link-cvtres.write.1.tlog
C:\Users\Lev\Projects\MFiles\Release\MEXSOURCE\mexBetweenesCentrality\x64\Debug\mexBetweenesCentrality.exp
C:\USERS\LEV\PROJECTS\MFILES\RELEASE\MEXSOURCE\MEXBETWEENESCENTRALITY\X64\DEBUG\MEXBETWEENESCENTRALITY.ILK
C:\Users\Lev\Projects\MFiles\Release\MEXSOURCE\mexBetweenesCentrality\x64\Debug\mexBetweenesCentrality.lib
C:\USERS\LEV\PROJECTS\MFILES\RELEASE\MEXSOURCE\MEXBETWEENESCENTRALITY\X64\DEBUG\MEXBETWEENESCENTRALITY.MEXW64
C:\USERS\LEV\PROJECTS\MFILES\RELEASE\MEXSOURCE\MEXBETWEENESCENTRALITY\X64\DEBUG\MEXBETWEENESCENTRALITY.MEXW64.EMBED.MANIFEST
C:\USERS\LEV\PROJECTS\MFILES\RELEASE\MEXSOURCE\MEXBETWEENESCENTRALITY\X64\DEBUG\MEXBETWEENESCENTRALITY.MEXW64.EMBED.MANIFEST.RES
C:\USERS\LEV\PROJECTS\MFILES\RELEASE\MEXSOURCE\MEXBETWEENESCENTRALITY\X64\DEBUG\MEXBETWEENESCENTRALITY.MEXW64.INTERMEDIATE.MANIFEST
C:\USERS\LEV\PROJECTS\MFILES\RELEASE\MEXSOURCE\MEXBETWEENESCENTRALITY\X64\DEBUG\MEXBETWEENESCENTRALITY.OBJ
C:\USERS\LEV\PROJECTS\MFILES\RELEASE\MEXSOURCE\MEXBETWEENESCENTRALITY\X64\DEBUG\MEXBETWEENESCENTRALITY.PCH
C:\USERS\LEV\PROJECTS\MFILES\RELEASE\MEXSOURCE\MEXBETWEENESCENTRALITY\X64\DEBUG\MEXBETWEENESCENTRALITY.PDB
C:\Users\Lev\Projects\MFiles\Release\MEXSOURCE\mexBetweenesCentrality\x64\Debug\mexBetweenesCentrality.write.1.tlog
C:\Users\Lev\Projects\MFiles\Release\MEXSOURCE\mexBetweenesCentrality\x64\Debug\mexBetweenesCentrality_manifest.rc
C:\Users\Lev\Projects\MFiles\Release\MEXSOURCE\mexBetweenesCentrality\x64\Debug\mt.command.1.tlog
C:\Users\Lev\Projects\MFiles\Release\MEXSOURCE\mexBetweenesCentrality\x64\Debug\mt.read.1.tlog
C:\Users\Lev\Projects\MFiles\Release\MEXSOURCE\mexBetweenesCentrality\x64\Debug\mt.write.1.tlog
C:\Users\Lev\Projects\MFiles\Release\MEXSOURCE\mexBetweenesCentrality\x64\Debug\rc.command.1.tlog
C:\Users\Lev\Projects\MFiles\Release\MEXSOURCE\mexBetweenesCentrality\x64\Debug\rc.read.1.tlog
C:\Users\Lev\Projects\MFiles\Release\MEXSOURCE\mexBetweenesCentrality\x64\Debug\rc.write.1.tlog
C:\USERS\LEV\PROJECTS\MFILES\RELEASE\MEXSOURCE\MEXBETWEENESCENTRALITY\X64\DEBUG\STDAFX.OBJ
C:\USERS\LEV\PROJECTS\MFILES\RELEASE\MEXSOURCE\MEXBETWEENESCENTRALITY\X64\DEBUG\TBASICGRAPH.OBJ
C:\USERS\LEV\PROJECTS\MFILES\RELEASE\MEXSOURCE\MEXBETWEENESCENTRALITY\X64\DEBUG\TSTATICGRAPH.OBJ
C:\Users\Lev\Projects\MFiles\Release\MEXSOURCE\mexBetweenesCentrality\x64\Debug\vc100.idb
C:\USERS\LEV\PROJECTS\MFILES\RELEASE\MEXSOURCE\MEXBETWEENESCENTRALITY\X64\DEBUG\VC100.PDB
x64\Debug\mexBetweenesCentrality.ilk
x64\Debug\mexBetweenesCentrality.pdb
