D:\DOCUMENTS\MFILES\GRAPHSOURCES\MEXFILES\MEXGRAPHNODECONNECTIVITYFUNNEL\RELEASE\TSTATICGRAPH.OBJ
D:\DOCUMENTS\MFILES\GRAPHSOURCES\MEXFILES\MEXGRAPHNODECONNECTIVITYFUNNEL\RELEASE\TBASICGRAPH.OBJ
D:\DOCUMENTS\MFILES\GRAPHSOURCES\MEXFILES\MEXGRAPHNODECONNECTIVITYFUNNEL\RELEASE\MLDEBUGHELPER.OBJ
D:\DOCUMENTS\MFILES\GRAPHSOURCES\MEXFILES\MEXGRAPHNODECONNECTIVITYFUNNEL\RELEASE\MEXGRAPHNODECONNECTIVITYFUNNEL.OBJ
D:\DOCUMENTS\MFILES\GRAPHSOURCES\MEXFILES\MEXGRAPHNODECONNECTIVITYFUNNEL\RELEASE\GRAPHUTILITIES.OBJ
D:\DOCUMENTS\MFILES\GRAPHSOURCES\MEXFILES\MEXGRAPHNODECONNECTIVITYFUNNEL\RELEASE\EVALUATEGRAPHNODECONNECTIVITYFUNNEL.OBJ
D:\DOCUMENTS\MFILES\GRAPHSOURCES\MEXFILES\MEXGRAPHNODECONNECTIVITYFUNNEL\RELEASE\VC110.PDB
D:\DOCUMENTS\MFILES\GRAPHSOURCES\MEXFILES\MEXGRAPHNODECONNECTIVITYFUNNEL\RELEASE\MEXGRAPHNODECONNECTIVITYFUNNEL.MEXW32
D:\DOCUMENTS\MFILES\GRAPHSOURCES\MEXFILES\MEXGRAPHNODECONNECTIVITYFUNNEL\RELEASE\MEXGRAPHNODECONNECTIVITYFUNNEL.PDB
D:\Documents\MFiles\GraphSources\MEXFiles\mexGraphNodeConnectivityFunnel\Release\mexGraphNodeConnectivityFunnel.lib
D:\Documents\MFiles\GraphSources\MEXFiles\mexGraphNodeConnectivityFunnel\Release\mexGraphNodeConnectivityFunnel.exp
D:\Documents\MFiles\GraphSources\MEXFiles\mexGraphNodeConnectivityFunnel\Release\EvaluateGraphNodeConnectivityFunnel.obj
D:\Documents\MFiles\GraphSources\MEXFiles\mexGraphNodeConnectivityFunnel\Release\GraphUtilities.obj
D:\Documents\MFiles\GraphSources\MEXFiles\mexGraphNodeConnectivityFunnel\Release\mexGraphNodeConnectivityFunnel.obj
D:\Documents\MFiles\GraphSources\MEXFiles\mexGraphNodeConnectivityFunnel\Release\MLDebugHelper.obj
D:\Documents\MFiles\GraphSources\MEXFiles\mexGraphNodeConnectivityFunnel\Release\TBasicGraph.obj
D:\Documents\MFiles\GraphSources\MEXFiles\mexGraphNodeConnectivityFunnel\Release\TStaticGraph.obj
D:\Documents\MFiles\GraphSources\MEXFiles\mexGraphNodeConnectivityFunnel\Release\cl.command.1.tlog
D:\Documents\MFiles\GraphSources\MEXFiles\mexGraphNodeConnectivityFunnel\Release\CL.read.1.tlog
D:\Documents\MFiles\GraphSources\MEXFiles\mexGraphNodeConnectivityFunnel\Release\CL.write.1.tlog
D:\Documents\MFiles\GraphSources\MEXFiles\mexGraphNodeConnectivityFunnel\Release\link-cvtres.read.1.tlog
D:\Documents\MFiles\GraphSources\MEXFiles\mexGraphNodeConnectivityFunnel\Release\link-cvtres.write.1.tlog
D:\Documents\MFiles\GraphSources\MEXFiles\mexGraphNodeConnectivityFunnel\Release\link-rc.read.1.tlog
D:\Documents\MFiles\GraphSources\MEXFiles\mexGraphNodeConnectivityFunnel\Release\link-rc.write.1.tlog
D:\Documents\MFiles\GraphSources\MEXFiles\mexGraphNodeConnectivityFunnel\Release\link.command.1.tlog
D:\Documents\MFiles\GraphSources\MEXFiles\mexGraphNodeConnectivityFunnel\Release\link.read.1.tlog
D:\Documents\MFiles\GraphSources\MEXFiles\mexGraphNodeConnectivityFunnel\Release\link.write.1.tlog
D:\Documents\MFiles\GraphSources\MEXFiles\mexGraphNodeConnectivityFunnel\Release\mexGraphNodeConnectivityFunnel.write.1.tlog
D:\Documents\MFiles\GraphSources\MEXFiles\mexGraphNodeConnectivityFunnel\Release\mexGraphNodeConnectivityFunnel.pdb
D:\Documents\MFiles\GraphSources\MEXFiles\mexGraphNodeConnectivityFunnel\Release\vc110.pdb
D:\Documents\MFiles\GraphSources\MEXFiles\mexGraphNodeConnectivityFunnel\Release\mexGraphNodeConnectivityFunnel.mexw32
