D:\DOCUMENTS\MFILES\GRAPHSOURCES\FASTSET\FAST_ISMEMBER_SORTED\DEBUG\FAST_ISMEMBER_SORTED.OBJ
D:\DOCUMENTS\MFILES\GRAPHSOURCES\FASTSET\FAST_ISMEMBER_SORTED\DEBUG\VC110.PDB
D:\Documents\MFiles\GraphSources\FastSet\Debug\fast_ismember_sorted.lib
D:\Documents\MFiles\GraphSources\FastSet\Debug\fast_ismember_sorted.exp
D:\DOCUMENTS\MFILES\GRAPHSOURCES\FASTSET\DEBUG\FAST_ISMEMBER_SORTED.ILK
D:\DOCUMENTS\MFILES\GRAPHSOURCES\FASTSET\DEBUG\FAST_ISMEMBER_SORTED.MEXW32
D:\DOCUMENTS\MFILES\GRAPHSOURCES\FASTSET\DEBUG\FAST_ISMEMBER_SORTED.PDB
d:\Documents\MFiles\GraphSources\FastSet\fast_ismember_sorted\Debug\fast_ismember_sorted.obj
d:\Documents\MFiles\GraphSources\FastSet\fast_ismember_sorted\Debug\cl.command.1.tlog
d:\Documents\MFiles\GraphSources\FastSet\fast_ismember_sorted\Debug\CL.read.1.tlog
d:\Documents\MFiles\GraphSources\FastSet\fast_ismember_sorted\Debug\CL.write.1.tlog
d:\Documents\MFiles\GraphSources\FastSet\fast_ismember_sorted\Debug\fast_ismember_sorted.write.1.tlog
d:\Documents\MFiles\GraphSources\FastSet\fast_ismember_sorted\Debug\link-cvtres.read.1.tlog
d:\Documents\MFiles\GraphSources\FastSet\fast_ismember_sorted\Debug\link-cvtres.write.1.tlog
d:\Documents\MFiles\GraphSources\FastSet\fast_ismember_sorted\Debug\link-rc.read.1.tlog
d:\Documents\MFiles\GraphSources\FastSet\fast_ismember_sorted\Debug\link-rc.write.1.tlog
d:\Documents\MFiles\GraphSources\FastSet\fast_ismember_sorted\Debug\link.command.1.tlog
d:\Documents\MFiles\GraphSources\FastSet\fast_ismember_sorted\Debug\link.read.1.tlog
d:\Documents\MFiles\GraphSources\FastSet\fast_ismember_sorted\Debug\link.write.1.tlog
d:\Documents\MFiles\GraphSources\FastSet\fast_ismember_sorted\Debug\vc110.idb
d:\Documents\MFiles\GraphSources\FastSet\fast_ismember_sorted\Debug\vc110.pdb
D:\Documents\MFiles\GraphSources\FastSet\Debug\fast_ismember_sorted.pdb
D:\Documents\MFiles\GraphSources\FastSet\Debug\fast_ismember_sorted.mexw32
D:\Documents\MFiles\GraphSources\FastSet\Debug\fast_ismember_sorted.ilk
