D:\DOCUMENTS\MFILES\GRAPHSOURCES\MEXFILES\MEXGRAPHNEIGHBOURSOVERLAP\X64\RELEASE\MEXGRAPHNEIGHBOURSOVERLAP.OBJ
D:\DOCUMENTS\MFILES\GRAPHSOURCES\MEXFILES\MEXGRAPHNEIGHBOURSOVERLAP\X64\RELEASE\EVALUATEGRAPHNEIGHBOURSOVERLAP.OBJ
D:\DOCUMENTS\MFILES\GRAPHSOURCES\MEXFILES\MEXGRAPHNEIGHBOURSOVERLAP\X64\RELEASE\VC110.PDB
D:\DOCUMENTS\MFILES\GRAPHSOURCES\MEXFILES\MEXGRAPHNEIGHBOURSOVERLAP\X64\RELEASE\MEXGRAPHNEIGHBOURSOVERLAP.MEXW64
D:\DOCUMENTS\MFILES\GRAPHSOURCES\MEXFILES\MEXGRAPHNEIGHBOURSOVERLAP\X64\RELEASE\MEXGRAPHNEIGHBOURSOVERLAP.PDB
D:\Documents\MFiles\GraphSources\MEXFiles\mexGraphNeighboursOverlap\x64\Release\mexGraphNeighboursOverlap.lib
D:\Documents\MFiles\GraphSources\MEXFiles\mexGraphNeighboursOverlap\x64\Release\mexGraphNeighboursOverlap.exp
D:\Documents\MFiles\GraphSources\MEXFiles\mexGraphNeighboursOverlap\x64\Release\EvaluateGraphNeighboursOverlap.obj
D:\Documents\MFiles\GraphSources\MEXFiles\mexGraphNeighboursOverlap\x64\Release\mexGraphNeighboursOverlap.obj
D:\Documents\MFiles\GraphSources\MEXFiles\mexGraphNeighboursOverlap\x64\Release\cl.command.1.tlog
D:\Documents\MFiles\GraphSources\MEXFiles\mexGraphNeighboursOverlap\x64\Release\CL.read.1.tlog
D:\Documents\MFiles\GraphSources\MEXFiles\mexGraphNeighboursOverlap\x64\Release\CL.write.1.tlog
D:\Documents\MFiles\GraphSources\MEXFiles\mexGraphNeighboursOverlap\x64\Release\link-cvtres.read.1.tlog
D:\Documents\MFiles\GraphSources\MEXFiles\mexGraphNeighboursOverlap\x64\Release\link-cvtres.write.1.tlog
D:\Documents\MFiles\GraphSources\MEXFiles\mexGraphNeighboursOverlap\x64\Release\link-rc.read.1.tlog
D:\Documents\MFiles\GraphSources\MEXFiles\mexGraphNeighboursOverlap\x64\Release\link-rc.write.1.tlog
D:\Documents\MFiles\GraphSources\MEXFiles\mexGraphNeighboursOverlap\x64\Release\link.command.1.tlog
D:\Documents\MFiles\GraphSources\MEXFiles\mexGraphNeighboursOverlap\x64\Release\link.read.1.tlog
D:\Documents\MFiles\GraphSources\MEXFiles\mexGraphNeighboursOverlap\x64\Release\link.write.1.tlog
D:\Documents\MFiles\GraphSources\MEXFiles\mexGraphNeighboursOverlap\x64\Release\mexGraphNeighboursOverlap.write.1.tlog
D:\Documents\MFiles\GraphSources\MEXFiles\mexGraphNeighboursOverlap\x64\Release\mexGraphNeighboursOverlap.pdb
D:\Documents\MFiles\GraphSources\MEXFiles\mexGraphNeighboursOverlap\x64\Release\vc110.pdb
D:\Documents\MFiles\GraphSources\MEXFiles\mexGraphNeighboursOverlap\x64\Release\mexGraphNeighboursOverlap.mexw64
