D:\DOCUMENTS\MFILES\GRAPHSOURCES\MEXFILES\MEXMULTIFINDINSORTED\RELEASE\MLDEBUGHELPER.OBJ
D:\DOCUMENTS\MFILES\GRAPHSOURCES\MEXFILES\MEXMULTIFINDINSORTED\RELEASE\MEXMULTIFINDINSORTED.OBJ
D:\DOCUMENTS\MFILES\GRAPHSOURCES\MEXFILES\MEXMULTIFINDINSORTED\RELEASE\EVALUATEMULTIFINDINSORTED.OBJ
D:\DOCUMENTS\MFILES\GRAPHSOURCES\MEXFILES\MEXMULTIFINDINSORTED\RELEASE\VC110.PDB
D:\DOCUMENTS\MFILES\GRAPHSOURCES\MEXFILES\MEXMULTIFINDINSORTED\RELEASE\MEXMULTIFINDINSORTED.MEXW32
D:\DOCUMENTS\MFILES\GRAPHSOURCES\MEXFILES\MEXMULTIFINDINSORTED\RELEASE\MEXMULTIFINDINSORTED.PDB
D:\Documents\MFiles\GraphSources\MEXFiles\mexMultiFindInSorted\Release\mexMultiFindInSorted.lib
D:\Documents\MFiles\GraphSources\MEXFiles\mexMultiFindInSorted\Release\mexMultiFindInSorted.exp
D:\Documents\MFiles\GraphSources\MEXFiles\mexMultiFindInSorted\Release\EvaluateMultiFindInSorted.obj
D:\Documents\MFiles\GraphSources\MEXFiles\mexMultiFindInSorted\Release\mexMultiFindInSorted.obj
D:\Documents\MFiles\GraphSources\MEXFiles\mexMultiFindInSorted\Release\MLDebugHelper.obj
D:\Documents\MFiles\GraphSources\MEXFiles\mexMultiFindInSorted\Release\cl.command.1.tlog
D:\Documents\MFiles\GraphSources\MEXFiles\mexMultiFindInSorted\Release\CL.read.1.tlog
D:\Documents\MFiles\GraphSources\MEXFiles\mexMultiFindInSorted\Release\CL.write.1.tlog
D:\Documents\MFiles\GraphSources\MEXFiles\mexMultiFindInSorted\Release\link-cvtres.read.1.tlog
D:\Documents\MFiles\GraphSources\MEXFiles\mexMultiFindInSorted\Release\link-cvtres.write.1.tlog
D:\Documents\MFiles\GraphSources\MEXFiles\mexMultiFindInSorted\Release\link-rc.read.1.tlog
D:\Documents\MFiles\GraphSources\MEXFiles\mexMultiFindInSorted\Release\link-rc.write.1.tlog
D:\Documents\MFiles\GraphSources\MEXFiles\mexMultiFindInSorted\Release\link.command.1.tlog
D:\Documents\MFiles\GraphSources\MEXFiles\mexMultiFindInSorted\Release\link.read.1.tlog
D:\Documents\MFiles\GraphSources\MEXFiles\mexMultiFindInSorted\Release\link.write.1.tlog
D:\Documents\MFiles\GraphSources\MEXFiles\mexMultiFindInSorted\Release\mexMultiFindInSorted.write.1.tlog
D:\Documents\MFiles\GraphSources\MEXFiles\mexMultiFindInSorted\Release\mexMultiFindInSorted.pdb
D:\Documents\MFiles\GraphSources\MEXFiles\mexMultiFindInSorted\Release\vc110.pdb
D:\Documents\MFiles\GraphSources\MEXFiles\mexMultiFindInSorted\Release\mexMultiFindInSorted.mexw32
