C:\Users\Lev\Projects\MFiles\MEXSOURCE\mexBetweenesCentrality\Release\cl.command.1.tlog
C:\Users\Lev\Projects\MFiles\MEXSOURCE\mexBetweenesCentrality\Release\CL.read.1.tlog
C:\Users\Lev\Projects\MFiles\MEXSOURCE\mexBetweenesCentrality\Release\CL.write.1.tlog
C:\USERS\LEV\PROJECTS\MFILES\MEXSOURCE\MEXBETWEENESCENTRALITY\RELEASE\EVALUATEBETWEENESCENTRALITY.OBJ
C:\USERS\LEV\PROJECTS\MFILES\MEXSOURCE\MEXBETWEENESCENTRALITY\RELEASE\GRAPHUTILITIES.OBJ
C:\Users\Lev\Projects\MFiles\MEXSOURCE\mexBetweenesCentrality\Release\link.command.1.tlog
C:\Users\Lev\Projects\MFiles\MEXSOURCE\mexBetweenesCentrality\Release\link.read.1.tlog
C:\Users\Lev\Projects\MFiles\MEXSOURCE\mexBetweenesCentrality\Release\link.write.1.tlog
C:\Users\Lev\Projects\MFiles\MEXSOURCE\mexBetweenesCentrality\Release\mexBetweenesCentrality.exp
C:\Users\Lev\Projects\MFiles\MEXSOURCE\mexBetweenesCentrality\Release\mexBetweenesCentrality.lib
C:\USERS\LEV\PROJECTS\MFILES\MEXSOURCE\MEXBETWEENESCENTRALITY\RELEASE\MEXBETWEENESCENTRALITY.MEXW32
C:\USERS\LEV\PROJECTS\MFILES\MEXSOURCE\MEXBETWEENESCENTRALITY\RELEASE\MEXBETWEENESCENTRALITY.MEXW32.INTERMEDIATE.MANIFEST
C:\USERS\LEV\PROJECTS\MFILES\MEXSOURCE\MEXBETWEENESCENTRALITY\RELEASE\MEXBETWEENESCENTRALITY.OBJ
C:\USERS\LEV\PROJECTS\MFILES\MEXSOURCE\MEXBETWEENESCENTRALITY\RELEASE\MEXBETWEENESCENTRALITY.PCH
C:\USERS\LEV\PROJECTS\MFILES\MEXSOURCE\MEXBETWEENESCENTRALITY\RELEASE\MEXBETWEENESCENTRALITY.PDB
C:\Users\Lev\Projects\MFiles\MEXSOURCE\mexBetweenesCentrality\Release\mexBetweenesCentrality.write.1.tlog
C:\Users\Lev\Projects\MFiles\MEXSOURCE\mexBetweenesCentrality\Release\mt.command.1.tlog
C:\Users\Lev\Projects\MFiles\MEXSOURCE\mexBetweenesCentrality\Release\mt.read.1.tlog
C:\Users\Lev\Projects\MFiles\MEXSOURCE\mexBetweenesCentrality\Release\mt.write.1.tlog
C:\USERS\LEV\PROJECTS\MFILES\MEXSOURCE\MEXBETWEENESCENTRALITY\RELEASE\STDAFX.OBJ
C:\USERS\LEV\PROJECTS\MFILES\MEXSOURCE\MEXBETWEENESCENTRALITY\RELEASE\TBASICGRAPH.OBJ
C:\USERS\LEV\PROJECTS\MFILES\MEXSOURCE\MEXBETWEENESCENTRALITY\RELEASE\TSTATICGRAPH.OBJ
C:\USERS\LEV\PROJECTS\MFILES\MEXSOURCE\MEXBETWEENESCENTRALITY\RELEASE\VC100.PDB
Release\mexBetweenesCentrality.pdb
