D:\DOCUMENTS\MFILES\GRAPHSOURCES\MEXFILES\MEXGRAPHBETWEENNESSCENTRALITY\RELEASE\TSTATICGRAPH.OBJ
D:\DOCUMENTS\MFILES\GRAPHSOURCES\MEXFILES\MEXGRAPHBETWEENNESSCENTRALITY\RELEASE\TBASICGRAPH.OBJ
D:\DOCUMENTS\MFILES\GRAPHSOURCES\MEXFILES\MEXGRAPHBETWEENNESSCENTRALITY\RELEASE\MEXGRAPHBETWEENNESSCENTRALITY.OBJ
D:\DOCUMENTS\MFILES\GRAPHSOURCES\MEXFILES\MEXGRAPHBETWEENNESSCENTRALITY\RELEASE\GRAPHUTILITIES.OBJ
D:\DOCUMENTS\MFILES\GRAPHSOURCES\MEXFILES\MEXGRAPHBETWEENNESSCENTRALITY\RELEASE\EVALUATEGRAPHBETWEENNESSCENTRALITY.OBJ
D:\DOCUMENTS\MFILES\GRAPHSOURCES\MEXFILES\MEXGRAPHBETWEENNESSCENTRALITY\RELEASE\VC110.PDB
D:\DOCUMENTS\MFILES\GRAPHSOURCES\MEXFILES\MEXGRAPHBETWEENNESSCENTRALITY\RELEASE\MEXGRAPHBETWEENNESSCENTRALITY.MEXW32
D:\DOCUMENTS\MFILES\GRAPHSOURCES\MEXFILES\MEXGRAPHBETWEENNESSCENTRALITY\RELEASE\MEXGRAPHBETWEENNESSCENTRALITY.PDB
D:\Documents\MFiles\GraphSources\MEXFiles\mexGraphBetweennessCentrality\Release\mexBetweenesCentrality.lib
D:\Documents\MFiles\GraphSources\MEXFiles\mexGraphBetweennessCentrality\Release\mexBetweenesCentrality.exp
D:\Documents\MFiles\GraphSources\MEXFiles\mexGraphBetweennessCentrality\Release\EvaluateGraphBetweennessCentrality.obj
D:\Documents\MFiles\GraphSources\MEXFiles\mexGraphBetweennessCentrality\Release\GraphUtilities.obj
D:\Documents\MFiles\GraphSources\MEXFiles\mexGraphBetweennessCentrality\Release\mexGraphBetweennessCentrality.obj
D:\Documents\MFiles\GraphSources\MEXFiles\mexGraphBetweennessCentrality\Release\TBasicGraph.obj
D:\Documents\MFiles\GraphSources\MEXFiles\mexGraphBetweennessCentrality\Release\TStaticGraph.obj
D:\Documents\MFiles\GraphSources\MEXFiles\mexGraphBetweennessCentrality\Release\cl.command.1.tlog
D:\Documents\MFiles\GraphSources\MEXFiles\mexGraphBetweennessCentrality\Release\CL.read.1.tlog
D:\Documents\MFiles\GraphSources\MEXFiles\mexGraphBetweennessCentrality\Release\CL.write.1.tlog
D:\Documents\MFiles\GraphSources\MEXFiles\mexGraphBetweennessCentrality\Release\link-cvtres.read.1.tlog
D:\Documents\MFiles\GraphSources\MEXFiles\mexGraphBetweennessCentrality\Release\link-cvtres.write.1.tlog
D:\Documents\MFiles\GraphSources\MEXFiles\mexGraphBetweennessCentrality\Release\link-rc.read.1.tlog
D:\Documents\MFiles\GraphSources\MEXFiles\mexGraphBetweennessCentrality\Release\link-rc.write.1.tlog
D:\Documents\MFiles\GraphSources\MEXFiles\mexGraphBetweennessCentrality\Release\link.command.1.tlog
D:\Documents\MFiles\GraphSources\MEXFiles\mexGraphBetweennessCentrality\Release\link.read.1.tlog
D:\Documents\MFiles\GraphSources\MEXFiles\mexGraphBetweennessCentrality\Release\link.write.1.tlog
D:\Documents\MFiles\GraphSources\MEXFiles\mexGraphBetweennessCentrality\Release\mexGraphBetweennessCentrality.write.1.tlog
D:\Documents\MFiles\GraphSources\MEXFiles\mexGraphBetweennessCentrality\Release\mexGraphBetweennessCentrality.pdb
D:\Documents\MFiles\GraphSources\MEXFiles\mexGraphBetweennessCentrality\Release\vc110.pdb
D:\Documents\MFiles\GraphSources\MEXFiles\mexGraphBetweennessCentrality\Release\mexGraphBetweennessCentrality.mexw32
