D:\DOCUMENTS\MFILES\GRAPHSOURCES\MEXFILES\MEXGRAPHCOUNTEMBEDDEDTIES\RELEASE\TSTATICGRAPH.OBJ
D:\DOCUMENTS\MFILES\GRAPHSOURCES\MEXFILES\MEXGRAPHCOUNTEMBEDDEDTIES\RELEASE\TBASICGRAPH.OBJ
D:\DOCUMENTS\MFILES\GRAPHSOURCES\MEXFILES\MEXGRAPHCOUNTEMBEDDEDTIES\RELEASE\MLDEBUGHELPER.OBJ
D:\DOCUMENTS\MFILES\GRAPHSOURCES\MEXFILES\MEXGRAPHCOUNTEMBEDDEDTIES\RELEASE\MEXGRAPHCOUNTEMBEDDEDTIES.OBJ
D:\DOCUMENTS\MFILES\GRAPHSOURCES\MEXFILES\MEXGRAPHCOUNTEMBEDDEDTIES\RELEASE\GRAPHUTILITIES.OBJ
D:\DOCUMENTS\MFILES\GRAPHSOURCES\MEXFILES\MEXGRAPHCOUNTEMBEDDEDTIES\RELEASE\EVALUATEGRAPHCOUNTEMBEDDEDTIES.OBJ
D:\DOCUMENTS\MFILES\GRAPHSOURCES\MEXFILES\MEXGRAPHCOUNTEMBEDDEDTIES\RELEASE\VC110.PDB
D:\DOCUMENTS\MFILES\GRAPHSOURCES\MEXFILES\MEXGRAPHCOUNTEMBEDDEDTIES\RELEASE\MEXGRAPHCOUNTEMBEDDEDTIES.MEXW32
D:\DOCUMENTS\MFILES\GRAPHSOURCES\MEXFILES\MEXGRAPHCOUNTEMBEDDEDTIES\RELEASE\MEXGRAPHCOUNTEMBEDDEDTIES.PDB
D:\Documents\MFiles\GraphSources\MEXFiles\mexGraphCountEmbeddedTies\Release\mexGraphCountEmbeddedTies.lib
D:\Documents\MFiles\GraphSources\MEXFiles\mexGraphCountEmbeddedTies\Release\mexGraphCountEmbeddedTies.exp
D:\Documents\MFiles\GraphSources\MEXFiles\mexGraphCountEmbeddedTies\Release\EvaluateGraphCountEmbeddedTies.obj
D:\Documents\MFiles\GraphSources\MEXFiles\mexGraphCountEmbeddedTies\Release\GraphUtilities.obj
D:\Documents\MFiles\GraphSources\MEXFiles\mexGraphCountEmbeddedTies\Release\mexGraphCountEmbeddedTies.obj
D:\Documents\MFiles\GraphSources\MEXFiles\mexGraphCountEmbeddedTies\Release\MLDebugHelper.obj
D:\Documents\MFiles\GraphSources\MEXFiles\mexGraphCountEmbeddedTies\Release\TBasicGraph.obj
D:\Documents\MFiles\GraphSources\MEXFiles\mexGraphCountEmbeddedTies\Release\TStaticGraph.obj
D:\Documents\MFiles\GraphSources\MEXFiles\mexGraphCountEmbeddedTies\Release\cl.command.1.tlog
D:\Documents\MFiles\GraphSources\MEXFiles\mexGraphCountEmbeddedTies\Release\CL.read.1.tlog
D:\Documents\MFiles\GraphSources\MEXFiles\mexGraphCountEmbeddedTies\Release\CL.write.1.tlog
D:\Documents\MFiles\GraphSources\MEXFiles\mexGraphCountEmbeddedTies\Release\link-cvtres.read.1.tlog
D:\Documents\MFiles\GraphSources\MEXFiles\mexGraphCountEmbeddedTies\Release\link-cvtres.write.1.tlog
D:\Documents\MFiles\GraphSources\MEXFiles\mexGraphCountEmbeddedTies\Release\link-rc.read.1.tlog
D:\Documents\MFiles\GraphSources\MEXFiles\mexGraphCountEmbeddedTies\Release\link-rc.write.1.tlog
D:\Documents\MFiles\GraphSources\MEXFiles\mexGraphCountEmbeddedTies\Release\link.command.1.tlog
D:\Documents\MFiles\GraphSources\MEXFiles\mexGraphCountEmbeddedTies\Release\link.read.1.tlog
D:\Documents\MFiles\GraphSources\MEXFiles\mexGraphCountEmbeddedTies\Release\link.write.1.tlog
D:\Documents\MFiles\GraphSources\MEXFiles\mexGraphCountEmbeddedTies\Release\mexGraphCountEmbeddedTies.write.1.tlog
D:\Documents\MFiles\GraphSources\MEXFiles\mexGraphCountEmbeddedTies\Release\mexGraphCountEmbeddedTies.pdb
D:\Documents\MFiles\GraphSources\MEXFiles\mexGraphCountEmbeddedTies\Release\vc110.pdb
D:\Documents\MFiles\GraphSources\MEXFiles\mexGraphCountEmbeddedTies\Release\mexGraphCountEmbeddedTies.mexw32
