D:\DOCUMENTS\MFILES\GRAPHSOURCES\MEXFILES\MEXGRAPHALLNODENEIGHBOURS\X64\RELEASE\MLDEBUGHELPER.OBJ
D:\DOCUMENTS\MFILES\GRAPHSOURCES\MEXFILES\MEXGRAPHALLNODENEIGHBOURS\X64\RELEASE\MEXGRAPHALLNODENEIGHBOURS.OBJ
D:\DOCUMENTS\MFILES\GRAPHSOURCES\MEXFILES\MEXGRAPHALLNODENEIGHBOURS\X64\RELEASE\EVALUATEGRAPHALLNODENEIGHBOURS.OBJ
D:\DOCUMENTS\MFILES\GRAPHSOURCES\MEXFILES\MEXGRAPHALLNODENEIGHBOURS\X64\RELEASE\VC110.PDB
D:\DOCUMENTS\MFILES\GRAPHSOURCES\MEXFILES\MEXGRAPHALLNODENEIGHBOURS\X64\RELEASE\MEXGRAPHALLNODENEIGHBOURS.MEXW64
D:\DOCUMENTS\MFILES\GRAPHSOURCES\MEXFILES\MEXGRAPHALLNODENEIGHBOURS\X64\RELEASE\MEXGRAPHALLNODENEIGHBOURS.PDB
D:\Documents\MFiles\GraphSources\MEXFiles\mexGraphAllNodeNeighbours\x64\Release\mexGraphAllNodeNeighbours.lib
D:\Documents\MFiles\GraphSources\MEXFiles\mexGraphAllNodeNeighbours\x64\Release\mexGraphAllNodeNeighbours.exp
D:\Documents\MFiles\GraphSources\MEXFiles\mexGraphAllNodeNeighbours\x64\Release\EvaluateGraphAllNodeNeighbours.obj
D:\Documents\MFiles\GraphSources\MEXFiles\mexGraphAllNodeNeighbours\x64\Release\mexGraphAllNodeNeighbours.obj
D:\Documents\MFiles\GraphSources\MEXFiles\mexGraphAllNodeNeighbours\x64\Release\MLDebugHelper.obj
D:\Documents\MFiles\GraphSources\MEXFiles\mexGraphAllNodeNeighbours\x64\Release\cl.command.1.tlog
D:\Documents\MFiles\GraphSources\MEXFiles\mexGraphAllNodeNeighbours\x64\Release\CL.read.1.tlog
D:\Documents\MFiles\GraphSources\MEXFiles\mexGraphAllNodeNeighbours\x64\Release\CL.write.1.tlog
D:\Documents\MFiles\GraphSources\MEXFiles\mexGraphAllNodeNeighbours\x64\Release\link-cvtres.read.1.tlog
D:\Documents\MFiles\GraphSources\MEXFiles\mexGraphAllNodeNeighbours\x64\Release\link-cvtres.write.1.tlog
D:\Documents\MFiles\GraphSources\MEXFiles\mexGraphAllNodeNeighbours\x64\Release\link-rc.read.1.tlog
D:\Documents\MFiles\GraphSources\MEXFiles\mexGraphAllNodeNeighbours\x64\Release\link-rc.write.1.tlog
D:\Documents\MFiles\GraphSources\MEXFiles\mexGraphAllNodeNeighbours\x64\Release\link.command.1.tlog
D:\Documents\MFiles\GraphSources\MEXFiles\mexGraphAllNodeNeighbours\x64\Release\link.read.1.tlog
D:\Documents\MFiles\GraphSources\MEXFiles\mexGraphAllNodeNeighbours\x64\Release\link.write.1.tlog
D:\Documents\MFiles\GraphSources\MEXFiles\mexGraphAllNodeNeighbours\x64\Release\mexGraphAllNodeNeighbours.write.1.tlog
D:\Documents\MFiles\GraphSources\MEXFiles\mexGraphAllNodeNeighbours\x64\Release\mexGraphAllNodeNeighbours.pdb
D:\Documents\MFiles\GraphSources\MEXFiles\mexGraphAllNodeNeighbours\x64\Release\vc110.pdb
D:\Documents\MFiles\GraphSources\MEXFiles\mexGraphAllNodeNeighbours\x64\Release\mexGraphAllNodeNeighbours.mexw64
